DSCJ distance 		= 542
No. of cuts   		= 256
No. of joins  		= 256
No. of duplicates  	= 14
No. of TDA    		= 16
No. of SGCC   		= 0


No. of Floating Duplicates:	12

List of Floating Duplicates:	['g125copy2', 'g1533copy2', 'g1525copy2', 'g52copy2', 'g138copy2', 'g370copy2', 'g1846copy2', 'g1445copy2', 'g1111copy2', 'g795copy2', 'g723copy2', 'g1271copy2']

No. of Tandem Duplicates:	2

List of Tandem Duplicates:	['g63copy2', 'g368copy2']


List of Cuts: 

[['g4', 'h'], ['g5', 't']]
[['g6', 'h'], ['g7', 't']]
[['g7', 'h'], ['g8', 't']]
[['g11', 'h'], ['g12', 't']]
[['g37', 'h'], ['g38', 't']]
[['g40', 'h'], ['g41', 'h']]
[['g49', 'h'], ['g50', 't']]
[['g56', 'h'], ['g57', 't']]
[['g63', 'h'], ['g63', 't']]
[['g64', 'h'], ['g65', 'h']]
[['g71', 'h'], ['g72', 't']]
[['g78', 'h'], ['g79', 't']]
[['g84', 'h'], ['g85', 't']]
[['g89', 'h'], ['g90', 't']]
[['g91', 'h'], ['g92', 't']]
[['g93', 't'], ['g94', 'h']]
[['g101', 'h'], ['g102', 'h']]
[['g103', 'h'], ['g104', 't']]
[['g104', 'h'], ['g105', 't']]
[['g107', 't'], ['g108', 't']]
[['g114', 'h'], ['g115', 't']]
[['g121', 'h'], ['g122', 't']]
[['g123', 'h'], ['g124', 't']]
[['g130', 'h'], ['g131', 't']]
[['g132', 'h'], ['g133', 't']]
[['g134', 'h'], ['g135', 't']]
[['g138', 'h'], ['g139', 'h']]
[['g144', 'h'], ['g145', 't']]
[['g152', 'h'], ['g153', 'h']]
[['g154', 't'], ['g155', 't']]
[['g185', 'h'], ['g186', 't']]
[['g224', 'h'], ['g225', 't']]
[['g228', 'h'], ['g229', 't']]
[['g230', 'h'], ['g231', 't']]
[['g231', 'h'], ['g232', 't']]
[['g242', 'h'], ['g243', 't']]
[['g296', 'h'], ['g297', 't']]
[['g303', 'h'], ['g304', 't']]
[['g305', 'h'], ['g306', 't']]
[['g307', 'h'], ['g308', 'h']]
[['g308', 't'], ['g309', 'h']]
[['g309', 't'], ['g310', 't']]
[['g311', 'h'], ['g312', 't']]
[['g315', 'h'], ['g316', 't']]
[['g345', 'h'], ['g346', 't']]
[['g347', 'h'], ['g348', 't']]
[['g349', 'h'], ['g350', 't']]
[['g350', 'h'], ['g351', 't']]
[['g353', 'h'], ['g354', 't']]
[['g368', 'h'], ['g368', 't']]
[['g375', 't'], ['g376', 't']]
[['g391', 'h'], ['g392', 't']]
[['g397', 'h'], ['g398', 't']]
[['g400', 'h'], ['g401', 't']]
[['g414', 'h'], ['g415', 't']]
[['g421', 'h'], ['g422', 't']]
[['g424', 'h'], ['g425', 't']]
[['g425', 'h'], ['g426', 't']]
[['g429', 't'], ['g430', 't']]
[['g446', 'h'], ['g447', 't']]
[['g454', 'h'], ['g455', 't']]
[['g467', 'h'], ['g468', 't']]
[['g481', 'h'], ['g482', 't']]
[['g484', 'h'], ['g485', 't']]
[['g507', 't'], ['g508', 't']]
[['g510', 'h'], ['g511', 't']]
[['g513', 'h'], ['g514', 't']]
[['g518', 'h'], ['g519', 't']]
[['g519', 'h'], ['g520', 't']]
[['g522', 'h'], ['g523', 'h']]
[['g535', 'h'], ['g536', 'h']]
[['g536', 't'], ['g537', 't']]
[['g537', 'h'], ['g538', 't']]
[['g546', 'h'], ['g547', 't']]
[['g548', 'h'], ['g549', 'h']]
[['g552', 'h'], ['g553', 'h']]
[['g553', 't'], ['g554', 't']]
[['g557', 'h'], ['g558', 't']]
[['g558', 'h'], ['g559', 't']]
[['g559', 'h'], ['g560', 't']]
[['g564', 'h'], ['g565', 't']]
[['g580', 'h'], ['g581', 'h']]
[['g585', 'h'], ['g586', 't']]
[['g628', 'h'], ['g629', 'h']]
[['g633', 'h'], ['g634', 't']]
[['g635', 'h'], ['g636', 't']]
[['g664', 'h'], ['g665', 't']]
[['g666', 't'], ['g667', 't']]
[['g678', 't'], ['g679', 't']]
[['g679', 'h'], ['g680', 'h']]
[['g684', 'h'], ['g685', 't']]
[['g695', 'h'], ['g696', 't']]
[['g697', 'h'], ['g698', 't']]
[['g702', 'h'], ['g703', 't']]
[['g706', 'h'], ['g707', 'h']]
[['g708', 'h'], ['g709', 't']]
[['g743', 'h'], ['g744', 't']]
[['g744', 'h'], ['g745', 't']]
[['g746', 't'], ['g747', 't']]
[['g748', 't'], ['g749', 't']]
[['g750', 'h'], ['g751', 't']]
[['g760', 'h'], ['g761', 'h']]
[['g762', 'h'], ['g763', 'h']]
[['g766', 'h'], ['g767', 't']]
[['g771', 'h'], ['g772', 't']]
[['g781', 't'], ['g782', 't']]
[['g800', 't'], ['g801', 't']]
[['g809', 'h'], ['g810', 't']]
[['g825', 'h'], ['g826', 'h']]
[['g835', 't'], ['g836', 't']]
[['g837', 'h'], ['g838', 't']]
[['g844', 'h'], ['g845', 't']]
[['g847', 'h'], ['g848', 't']]
[['g854', 'h'], ['g855', 'h']]
[['g861', 'h'], ['g862', 't']]
[['g903', 't'], ['g904', 't']]
[['g909', 't'], ['g910', 't']]
[['g910', 'h'], ['g911', 't']]
[['g925', 'h'], ['g926', 't']]
[['g932', 'h'], ['g933', 't']]
[['g946', 't'], ['g947', 'h']]
[['g948', 'h'], ['g949', 'h']]
[['g952', 'h'], ['g953', 'h']]
[['g960', 'h'], ['g961', 'h']]
[['g961', 't'], ['g962', 't']]
[['g969', 't'], ['g970', 't']]
[['g978', 'h'], ['g979', 't']]
[['g982', 'h'], ['g983', 't']]
[['g984', 'h'], ['g985', 't']]
[['g988', 't'], ['g989', 't']]
[['g994', 'h'], ['g995', 't']]
[['g1036', 't'], ['g1037', 'h']]
[['g1038', 'h'], ['g1039', 't']]
[['g1048', 't'], ['g1049', 't']]
[['g1053', 't'], ['g1054', 't']]
[['g1054', 'h'], ['g1055', 't']]
[['g1059', 'h'], ['g1060', 't']]
[['g1061', 'h'], ['g1062', 'h']]
[['g1068', 'h'], ['g1069', 't']]
[['g1070', 'h'], ['g1071', 't']]
[['g1081', 'h'], ['g1082', 't']]
[['g1084', 'h'], ['g1085', 't']]
[['g1087', 'h'], ['g1088', 't']]
[['g1092', 't'], ['g1093', 'h']]
[['g1093', 't'], ['g1094', 'h']]
[['g1097', 't'], ['g1098', 'h']]
[['g1141', 'h'], ['g1142', 't']]
[['g1161', 'h'], ['g1162', 't']]
[['g1165', 'h'], ['g1166', 't']]
[['g1227', 'h'], ['g1228', 't']]
[['g1235', 'h'], ['g1236', 'h']]
[['g1237', 'h'], ['g1238', 't']]
[['g1268', 'h'], ['g1269', 't']]
[['g1269', 'h'], ['g1270', 't']]
[['g1270', 'h'], ['g1271', 't']]
[['g1289', 'h'], ['g1290', 't']]
[['g1293', 'h'], ['g1294', 't']]
[['g1296', 'h'], ['g1297', 'h']]
[['g1302', 'h'], ['g1303', 'h']]
[['g1303', 't'], ['g1304', 't']]
[['g1304', 'h'], ['g1305', 't']]
[['g1317', 'h'], ['g1318', 't']]
[['g1325', 't'], ['g1326', 't']]
[['g1334', 'h'], ['g1335', 't']]
[['g1337', 't'], ['g1338', 'h']]
[['g1345', 'h'], ['g1346', 't']]
[['g1374', 'h'], ['g1375', 'h']]
[['g1395', 'h'], ['g1396', 't']]
[['g1402', 'h'], ['g1403', 't']]
[['g1411', 'h'], ['g1412', 't']]
[['g1414', 'h'], ['g1415', 't']]
[['g1421', 'h'], ['g1422', 't']]
[['g1422', 'h'], ['g1423', 't']]
[['g1424', 'h'], ['g1425', 't']]
[['g1430', 't'], ['g1431', 't']]
[['g1452', 't'], ['g1453', 'h']]
[['g1454', 'h'], ['g1455', 't']]
[['g1455', 'h'], ['g1456', 't']]
[['g1460', 'h'], ['g1461', 't']]
[['g1462', 'h'], ['g1463', 't']]
[['g1465', 'h'], ['g1466', 't']]
[['g1469', 'h'], ['g1470', 't']]
[['g1472', 'h'], ['g1473', 't']]
[['g1474', 'h'], ['g1475', 't']]
[['g1476', 't'], ['g1477', 't']]
[['g1478', 'h'], ['g1479', 't']]
[['g1483', 'h'], ['g1484', 't']]
[['g1487', 't'], ['g1488', 't']]
[['g1489', 'h'], ['g1490', 't']]
[['g1493', 'h'], ['g1494', 't']]
[['g1502', 'h'], ['g1503', 't']]
[['g1521', 'h'], ['g1522', 't']]
[['g1527', 'h'], ['g1528', 'h']]
[['g1534', 'h'], ['g1535', 'h']]
[['g1540', 'h'], ['g1541', 't']]
[['g1553', 'h'], ['g1554', 't']]
[['g1583', 'h'], ['g1584', 'h']]
[['g1592', 'h'], ['g1593', 't']]
[['g1614', 'h'], ['g1615', 't']]
[['g1624', 'h'], ['g1625', 't']]
[['g1629', 'h'], ['g1630', 't']]
[['g1630', 'h'], ['g1631', 't']]
[['g1632', 'h'], ['g1633', 't']]
[['g1640', 'h'], ['g1641', 't']]
[['g1641', 'h'], ['g1642', 't']]
[['g1677', 't'], ['g1678', 't']]
[['g1680', 'h'], ['g1681', 't']]
[['g1681', 'h'], ['g1682', 't']]
[['g1684', 't'], ['g1685', 't']]
[['g1707', 't'], ['g1708', 't']]
[['g1712', 'h'], ['g1713', 't']]
[['g1718', 'h'], ['g1719', 't']]
[['g1719', 'h'], ['g1720', 't']]
[['g1724', 'h'], ['g1725', 'h']]
[['g1725', 't'], ['g1726', 't']]
[['g1726', 'h'], ['g1727', 't']]
[['g1727', 'h'], ['g1728', 't']]
[['g1732', 'h'], ['g1733', 't']]
[['g1735', 'h'], ['g1736', 't']]
[['g1738', 't'], ['g1739', 't']]
[['g1798', 'h'], ['g1799', 'h']]
[['g1802', 'h'], ['g1803', 't']]
[['g1842', 'h'], ['g1843', 't']]
[['g1844', 'h'], ['g1845', 't']]
[['g1876', 'h'], ['g1877', 'h']]
[['g1885', 't'], ['g1886', 'h']]
[['g1886', 't'], ['g1887', 't']]
[['g1890', 't'], ['g1891', 't']]
[['g1894', 'h'], ['g1895', 't']]
[['g1896', 't'], ['g1897', 't']]
[['g1903', 'h'], ['g1904', 'h']]
[['g1912', 't'], ['g1913', 't']]
[['g1915', 'h'], ['g1916', 't']]
[['g1922', 'h'], ['g1923', 't']]
[['g1924', 'h'], ['g1925', 'h']]
[['g1926', 'h'], ['g1927', 't']]
[['g1928', 'h'], ['g1929', 'h']]
[['g1940', 'h'], ['g1941', 't']]
[['g1958', 'h'], ['g1959', 't']]
[['g1960', 'h'], ['g1961', 't']]
[['g1967', 'h'], ['g1968', 't']]
[['g1984', 'h'], ['g1985', 'h']]
[['g1985', 't'], ['g1986', 'h']]
[['g2000', 'h'], ['g1501', 't']]
[['g125', 'h'], ['g125', 't']]
[['g1533', 'h'], ['g1533', 't']]
[['g1525', 'h'], ['g1525', 't']]
[['g52', 'h'], ['g52', 't']]
[['g138', 'h'], ['g138', 't']]
[['g370', 'h'], ['g370', 't']]
[['g1846', 'h'], ['g1846', 't']]
[['g1445', 'h'], ['g1445', 't']]
[['g1111', 'h'], ['g1111', 't']]
[['g795', 'h'], ['g795', 't']]
[['g723', 'h'], ['g723', 't']]
[['g1271', 'h'], ['g1271', 't']]

List of Joins: 

[['g4', 'h'], ['g7', 't']]
[['g7', 'h'], ['g12', 't']]
[['g37', 'h'], ['g41', 'h']]
[['g49', 'h'], ['g1453', 'h']]
[['g1454', 'h'], ['g72', 't']]
[['g78', 'h'], ['g1422', 't']]
[['g1422', 'h'], ['g1297', 'h']]
[['g1302', 'h'], ['g85', 't']]
[['g89', 'h'], ['g92', 't']]
[['g93', 't'], ['g947', 'h']]
[['g948', 'h'], ['g350', 't']]
[['g350', 'h'], ['g1625', 't']]
[['g1629', 'h'], ['g949', 'h']]
[['g952', 'h'], ['g102', 'h']]
[['g103', 'h'], ['g1959', 't']]
[['g1960', 'h'], ['g108', 't']]
[['g114', 'h'], ['g848', 't']]
[['g854', 'h'], ['g124', 't']]
[['g130', 'h'], ['g554', 't']]
[['g557', 'h'], ['g135', 't']]
[['g138', 'h'], ['g1713', 't']]
[['g1718', 'h'], ['g1470', 't']]
[['g1472', 'h'], ['g145', 't']]
[['g152', 'h'], ['g836', 't']]
[['g837', 'h'], ['g155', 't']]
[['g185', 'h'], ['g1455', 't']]
[['g1455', 'h'], ['g65', 'h']]
[['g71', 'h'], ['g186', 't']]
[['g224', 'h'], ['g38', 't']]
[['g40', 'h'], ['g225', 't']]
[['g228', 'h'], ['g232', 't']]
[['g242', 'h'], ['g90', 't']]
[['g91', 'h'], ['g243', 't']]
[['g296', 'h'], ['g125', 't']]
[['g125', 'h'], ['g297', 't']]
[['g303', 'h'], ['g1923', 't']]
[['g1924', 'h'], ['g309', 'h']]
[['g309', 't'], ['g231', 't']]
[['g231', 'h'], ['g310', 't']]
[['g311', 'h'], ['g57', 't']]
[['g63', 'h'], ['g312', 't']]
[['g315', 'h'], ['g229', 't']]
[['g230', 'h'], ['g316', 't']]
[['g345', 'h'], ['g306', 't']]
[['g307', 'h'], ['g346', 't']]
[['g347', 'h'], ['g5', 't']]
[['g6', 'h'], ['g348', 't']]
[['g349', 'h'], ['g1630', 't']]
[['g1630', 'h'], ['g354', 't']]
[['g368', 'h'], ['g1501', 't']]
[['g1502', 'h'], ['g376', 't']]
[['g391', 'h'], ['g370', 'h']]
[['g370', 't'], ['g392', 't']]
[['g397', 'h'], ['g1055', 't']]
[['g1059', 'h'], ['g401', 't']]
[['g414', 'h'], ['g1678', 't']]
[['g1680', 'h'], ['g138', 't']]
[['g138', 'h'], ['g1681', 't']]
[['g1681', 'h'], ['g422', 't']]
[['g424', 'h'], ['g1522', 't']]
[['g1527', 'h'], ['g520', 't']]
[['g522', 'h'], ['g430', 't']]
[['g446', 'h'], ['g1488', 't']]
[['g1489', 'h'], ['g455', 't']]
[['g467', 'h'], ['g8', 't']]
[['g11', 'h'], ['g468', 't']]
[['g481', 'h'], ['g696', 't']]
[['g697', 'h'], ['g485', 't']]
[['g507', 't'], ['g426', 't']]
[['g429', 't'], ['g523', 'h']]
[['g535', 'h'], ['g1897', 't']]
[['g1903', 'h'], ['g538', 't']]
[['g546', 'h'], ['g1535', 'h']]
[['g1540', 'h'], ['g131', 't']]
[['g132', 'h'], ['g1727', 't']]
[['g1727', 'h'], ['g1477', 't']]
[['g1478', 'h'], ['g1318', 't']]
[['g1325', 't'], ['g565', 't']]
[['g580', 'h'], ['g586', 't']]
[['g628', 'h'], ['g1062', 'h']]
[['g1068', 'h'], ['g1913', 't']]
[['g1915', 'h'], ['g636', 't']]
[['g664', 'h'], ['g1290', 't']]
[['g1293', 'h'], ['g667', 't']]
[['g678', 't'], ['g1877', 'h']]
[['g1885', 't'], ['g685', 't']]
[['g695', 'h'], ['g482', 't']]
[['g484', 'h'], ['g698', 't']]
[['g702', 'h'], ['g1037', 'h']]
[['g1038', 'h'], ['g707', 'h']]
[['g708', 'h'], ['g985', 't']]
[['g988', 't'], ['g709', 't']]
[['g743', 'h'], ['g745', 't']]
[['g746', 't'], ['g1985', 'h']]
[['g1985', 't'], ['g1733', 't']]
[['g1735', 'h'], ['g549', 'h']]
[['g552', 'h'], ['g749', 't']]
[['g750', 'h'], ['g122', 't']]
[['g123', 'h'], ['g855', 'h']]
[['g861', 'h'], ['g751', 't']]
[['g760', 'h'], ['g1049', 't']]
[['g1053', 't'], ['g1338', 'h']]
[['g1345', 'h'], ['g772', 't']]
[['g781', 't'], ['g904', 't']]
[['g909', 't'], ['g782', 't']]
[['g800', 't'], ['g761', 'h']]
[['g762', 'h'], ['g810', 't']]
[['g825', 'h'], ['g723', 't']]
[['g723', 'h'], ['g826', 'h']]
[['g835', 't'], ['g153', 'h']]
[['g154', 't'], ['g838', 't']]
[['g844', 'h'], ['g115', 't']]
[['g121', 'h'], ['g862', 't']]
[['g903', 't'], ['g910', 't']]
[['g910', 'h'], ['g845', 't']]
[['g847', 'h'], ['g911', 't']]
[['g925', 'h'], ['g581', 'h']]
[['g585', 'h'], ['g926', 't']]
[['g932', 'h'], ['g795', 't']]
[['g795', 'h'], ['g933', 't']]
[['g946', 't'], ['g94', 'h']]
[['g101', 'h'], ['g953', 'h']]
[['g960', 'h'], ['g1927', 't']]
[['g1928', 'h'], ['g1270', 't']]
[['g1270', 'h'], ['g970', 't']]
[['g978', 'h'], ['g1887', 't']]
[['g1890', 't'], ['g983', 't']]
[['g984', 'h'], ['g989', 't']]
[['g994', 'h'], ['g511', 't']]
[['g513', 'h'], ['g744', 't']]
[['g744', 'h'], ['g514', 't']]
[['g518', 'h'], ['g995', 't']]
[['g1036', 't'], ['g703', 't']]
[['g706', 'h'], ['g1039', 't']]
[['g1048', 't'], ['g50', 't']]
[['g56', 'h'], ['g63', 't']]
[['g64', 'h'], ['g1456', 't']]
[['g1460', 'h'], ['g801', 't']]
[['g809', 'h'], ['g1054', 't']]
[['g1054', 'h'], ['g398', 't']]
[['g400', 'h'], ['g1060', 't']]
[['g1061', 'h'], ['g629', 'h']]
[['g633', 'h'], ['g1071', 't']]
[['g1081', 'h'], ['g1094', 'h']]
[['g1097', 't'], ['g1085', 't']]
[['g1087', 'h'], ['g1093', 'h']]
[['g1093', 't'], ['g1098', 'h']]
[['g1141', 'h'], ['g1111', 'h']]
[['g1111', 't'], ['g1142', 't']]
[['g1161', 'h'], ['g1166', 't']]
[['g1227', 'h'], ['g680', 'h']]
[['g684', 'h'], ['g1236', 'h']]
[['g1237', 'h'], ['g1403', 't']]
[['g1411', 'h'], ['g1238', 't']]
[['g1268', 'h'], ['g962', 't']]
[['g969', 't'], ['g1082', 't']]
[['g1084', 'h'], ['g1271', 't']]
[['g1289', 'h'], ['g665', 't']]
[['g666', 't'], ['g1294', 't']]
[['g1296', 'h'], ['g1415', 't']]
[['g1421', 'h'], ['g79', 't']]
[['g84', 'h'], ['g1303', 'h']]
[['g1303', 't'], ['g1305', 't']]
[['g1317', 'h'], ['g559', 't']]
[['g559', 'h'], ['g1088', 't']]
[['g1092', 't'], ['g560', 't']]
[['g564', 'h'], ['g1326', 't']]
[['g1334', 'h'], ['g1304', 't']]
[['g1304', 'h'], ['g1335', 't']]
[['g1337', 't'], ['g763', 'h']]
[['g766', 'h'], ['g52', 't']]
[['g52', 'h'], ['g767', 't']]
[['g771', 'h'], ['g1346', 't']]
[['g1374', 'h'], ['g1425', 't']]
[['g1430', 't'], ['g1375', 'h']]
[['g1395', 'h'], ['g1271', 't']]
[['g1271', 'h'], ['g1396', 't']]
[['g1402', 'h'], ['g1412', 't']]
[['g1414', 'h'], ['g1423', 't']]
[['g1424', 'h'], ['g1431', 't']]
[['g1452', 't'], ['g1461', 't']]
[['g1462', 'h'], ['g1162', 't']]
[['g1165', 'h'], ['g1463', 't']]
[['g1465', 'h'], ['g1720', 't']]
[['g1724', 'h'], ['g1726', 't']]
[['g1726', 'h'], ['g133', 't']]
[['g134', 'h'], ['g558', 't']]
[['g558', 'h'], ['g1479', 't']]
[['g1483', 'h'], ['g1466', 't']]
[['g1469', 'h'], ['g1719', 't']]
[['g1719', 'h'], ['g1484', 't']]
[['g1487', 't'], ['g447', 't']]
[['g454', 'h'], ['g1490', 't']]
[['g1493', 'h'], ['g1445', 't']]
[['g1445', 'h'], ['g1494', 't']]
[['g375', 't'], ['g1503', 't']]
[['g1521', 'h'], ['g425', 't']]
[['g425', 'h'], ['g508', 't']]
[['g510', 'h'], ['g519', 't']]
[['g519', 'h'], ['g1528', 'h']]
[['g1534', 'h'], ['g547', 't']]
[['g548', 'h'], ['g1736', 't']]
[['g1738', 't'], ['g1541', 't']]
[['g1553', 'h'], ['g1843', 't']]
[['g1844', 'h'], ['g1554', 't']]
[['g1583', 'h'], ['g1593', 't']]
[['g1614', 'h'], ['g1641', 't']]
[['g1641', 'h'], ['g1615', 't']]
[['g1624', 'h'], ['g351', 't']]
[['g353', 'h'], ['g1631', 't']]
[['g1632', 'h'], ['g1895', 't']]
[['g1896', 't'], ['g536', 'h']]
[['g536', 't'], ['g1633', 't']]
[['g1640', 'h'], ['g1642', 't']]
[['g1677', 't'], ['g415', 't']]
[['g421', 'h'], ['g1682', 't']]
[['g1684', 't'], ['g1584', 'h']]
[['g1592', 'h'], ['g1685', 't']]
[['g1707', 't'], ['g1725', 'h']]
[['g1725', 't'], ['g1708', 't']]
[['g1712', 'h'], ['g139', 'h']]
[['g144', 'h'], ['g1473', 't']]
[['g1474', 'h'], ['g1525', 't']]
[['g1525', 'h'], ['g1475', 't']]
[['g1476', 't'], ['g1728', 't']]
[['g1732', 'h'], ['g1739', 't']]
[['g1798', 'h'], ['g1803', 't']]
[['g1842', 'h'], ['g1845', 't']]
[['g1876', 'h'], ['g679', 't']]
[['g679', 'h'], ['g1228', 't']]
[['g1235', 'h'], ['g1886', 'h']]
[['g1886', 't'], ['g979', 't']]
[['g982', 'h'], ['g1891', 't']]
[['g1894', 'h'], ['g537', 't']]
[['g537', 'h'], ['g1904', 'h']]
[['g1912', 't'], ['g1069', 't']]
[['g1070', 'h'], ['g634', 't']]
[['g635', 'h'], ['g1916', 't']]
[['g1922', 'h'], ['g304', 't']]
[['g305', 'h'], ['g308', 'h']]
[['g308', 't'], ['g1925', 'h']]
[['g1926', 'h'], ['g961', 'h']]
[['g961', 't'], ['g1269', 't']]
[['g1269', 'h'], ['g1929', 'h']]
[['g1940', 'h'], ['g1533', 't']]
[['g1533', 'h'], ['g1941', 't']]
[['g1958', 'h'], ['g104', 't']]
[['g104', 'h'], ['g1799', 'h']]
[['g1802', 'h'], ['g105', 't']]
[['g107', 't'], ['g1961', 't']]
[['g1967', 'h'], ['g1846', 't']]
[['g1846', 'h'], ['g1968', 't']]
[['g1984', 'h'], ['g747', 't']]
[['g748', 't'], ['g553', 'h']]
[['g553', 't'], ['g1986', 'h']]
[['g2000', 'h'], ['g368', 't']]

Gene name: 		Position in Ancestor -> Position in Descendant
g1: 		(0, 0) -> (0, 0)
g2: 		(0, 1) -> (0, 1)
g3: 		(0, 2) -> (0, 2)
g4: 		(0, 3) -> (0, 3)
g5: 		(0, 4) -> (0, 340)
g6: 		(0, 5) -> (0, 341)
g7: 		(0, 6) -> (0, 4)
g8: 		(0, 7) -> (0, 453)
g9: 		(0, 8) -> (0, 454)
g10: 		(0, 9) -> (0, 455)
g11: 		(0, 10) -> (0, 456)
g12: 		(0, 11) -> (0, 5)
g13: 		(0, 12) -> (0, 6)
g14: 		(0, 13) -> (0, 7)
g15: 		(0, 14) -> (0, 8)
g16: 		(0, 15) -> (0, 9)
g17: 		(0, 16) -> (0, 10)
g18: 		(0, 17) -> (0, 11)
g19: 		(0, 18) -> (0, 12)
g20: 		(0, 19) -> (0, 13)
g21: 		(0, 20) -> (0, 14)
g22: 		(0, 21) -> (0, 15)
g23: 		(0, 22) -> (0, 16)
g24: 		(0, 23) -> (0, 17)
g25: 		(0, 24) -> (0, 18)
g26: 		(0, 25) -> (0, 19)
g27: 		(0, 26) -> (0, 20)
g28: 		(0, 27) -> (0, 21)
g29: 		(0, 28) -> (0, 22)
g30: 		(0, 29) -> (0, 23)
g31: 		(0, 30) -> (0, 24)
g32: 		(0, 31) -> (0, 25)
g33: 		(0, 32) -> (0, 26)
g34: 		(0, 33) -> (0, 27)
g35: 		(0, 34) -> (0, 28)
g36: 		(0, 35) -> (0, 29)
g37: 		(0, 36) -> (0, 30)
g38: 		(0, 37) -> (0, 205)
g39: 		(0, 38) -> (0, 206)
g40: 		(0, 39) -> (0, 207)
g41: 		(0, 40) -> (0, 31)
g42: 		(0, 41) -> (0, 32)
g43: 		(0, 42) -> (0, 33)
g44: 		(0, 43) -> (0, 34)
g45: 		(0, 44) -> (0, 35)
g46: 		(0, 45) -> (0, 36)
g47: 		(0, 46) -> (0, 37)
g48: 		(0, 47) -> (0, 38)
g49: 		(0, 48) -> (0, 39)
g50: 		(0, 49) -> (2, 50)
g51: 		(0, 50) -> (2, 51)
g52: 		(0, 51) -> (2, 52)
g53: 		(0, 52) -> (2, 53)
g54: 		(0, 53) -> (2, 54)
g55: 		(0, 54) -> (2, 55)
g56: 		(0, 55) -> (2, 56)
g57: 		(0, 56) -> (0, 293)
g58: 		(0, 57) -> (0, 294)
g59: 		(0, 58) -> (0, 295)
g60: 		(0, 59) -> (0, 296)
g61: 		(0, 60) -> (0, 297)
g62: 		(0, 61) -> (0, 298)
g63: 		(0, 62) -> (0, 299)
g63: 		(0, 63) -> (2, 57)
g64: 		(0, 64) -> (2, 58)
g65: 		(0, 65) -> (0, 159)
g66: 		(0, 66) -> (0, 160)
g67: 		(0, 67) -> (0, 161)
g68: 		(0, 68) -> (0, 162)
g69: 		(0, 69) -> (0, 163)
g70: 		(0, 70) -> (0, 164)
g71: 		(0, 71) -> (0, 165)
g72: 		(0, 72) -> (0, 42)
g73: 		(0, 73) -> (0, 43)
g74: 		(0, 74) -> (0, 44)
g75: 		(0, 75) -> (0, 45)
g76: 		(0, 76) -> (0, 46)
g77: 		(0, 77) -> (0, 47)
g78: 		(0, 78) -> (0, 48)
g79: 		(0, 79) -> (2, 319)
g80: 		(0, 80) -> (2, 320)
g81: 		(0, 81) -> (2, 321)
g82: 		(0, 82) -> (2, 322)
g83: 		(0, 83) -> (2, 323)
g84: 		(0, 84) -> (2, 324)
g85: 		(0, 85) -> (0, 56)
g86: 		(0, 86) -> (0, 57)
g87: 		(0, 87) -> (0, 58)
g88: 		(0, 88) -> (0, 59)
g89: 		(0, 89) -> (0, 60)
g90: 		(0, 90) -> (0, 223)
g91: 		(0, 91) -> (0, 224)
g92: 		(0, 92) -> (0, 61)
g93: 		(0, 93) -> (0, 62)
g94: 		(0, 94) -> (1, 456)
g95: 		(0, 95) -> (1, 457)
g96: 		(0, 96) -> (1, 458)
g97: 		(0, 97) -> (1, 459)
g98: 		(0, 98) -> (1, 460)
g99: 		(0, 99) -> (1, 461)
g100: 		(0, 100) -> (1, 462)
g101: 		(0, 101) -> (1, 463)
g102: 		(0, 102) -> (0, 75)
g103: 		(0, 103) -> (0, 76)
g104: 		(0, 104) -> (3, 447)
g105: 		(0, 105) -> (3, 452)
g106: 		(0, 106) -> (3, 453)
g107: 		(0, 107) -> (3, 454)
g108: 		(0, 108) -> (0, 79)
g109: 		(0, 109) -> (0, 80)
g110: 		(0, 110) -> (0, 81)
g111: 		(0, 111) -> (0, 82)
g112: 		(0, 112) -> (0, 83)
g113: 		(0, 113) -> (0, 84)
g114: 		(0, 114) -> (0, 85)
g115: 		(0, 115) -> (1, 361)
g116: 		(0, 116) -> (1, 362)
g117: 		(0, 117) -> (1, 363)
g118: 		(0, 118) -> (1, 364)
g119: 		(0, 119) -> (1, 365)
g120: 		(0, 120) -> (1, 366)
g121: 		(0, 121) -> (1, 367)
g122: 		(0, 122) -> (1, 256)
g123: 		(0, 123) -> (1, 257)
g124: 		(0, 124) -> (0, 93)
g125: 		(0, 125) -> (0, 94)
g126: 		(0, 126) -> (0, 95)
g127: 		(0, 127) -> (0, 96)
g128: 		(0, 128) -> (0, 97)
g129: 		(0, 129) -> (0, 98)
g130: 		(0, 130) -> (0, 99)
g131: 		(0, 131) -> (1, 46)
g132: 		(0, 132) -> (1, 47)
g133: 		(0, 133) -> (2, 479)
g134: 		(0, 134) -> (2, 480)
g135: 		(0, 135) -> (0, 104)
g136: 		(0, 136) -> (0, 105)
g137: 		(0, 137) -> (0, 106)
g138: 		(0, 138) -> (0, 107)
g139: 		(0, 139) -> (3, 222)
g140: 		(0, 140) -> (3, 223)
g141: 		(0, 141) -> (3, 224)
g142: 		(0, 142) -> (3, 225)
g143: 		(0, 143) -> (3, 226)
g144: 		(0, 144) -> (3, 227)
g145: 		(0, 145) -> (0, 117)
g146: 		(0, 146) -> (0, 118)
g147: 		(0, 147) -> (0, 119)
g148: 		(0, 148) -> (0, 120)
g149: 		(0, 149) -> (0, 121)
g150: 		(0, 150) -> (0, 122)
g151: 		(0, 151) -> (0, 123)
g152: 		(0, 152) -> (0, 124)
g153: 		(0, 153) -> (1, 352)
g154: 		(0, 154) -> (1, 353)
g155: 		(0, 155) -> (0, 127)
g156: 		(0, 156) -> (0, 128)
g157: 		(0, 157) -> (0, 129)
g158: 		(0, 158) -> (0, 130)
g159: 		(0, 159) -> (0, 131)
g160: 		(0, 160) -> (0, 132)
g161: 		(0, 161) -> (0, 133)
g162: 		(0, 162) -> (0, 134)
g163: 		(0, 163) -> (0, 135)
g164: 		(0, 164) -> (0, 136)
g165: 		(0, 165) -> (0, 137)
g166: 		(0, 166) -> (0, 138)
g167: 		(0, 167) -> (0, 139)
g168: 		(0, 168) -> (0, 140)
g169: 		(0, 169) -> (0, 141)
g170: 		(0, 170) -> (0, 142)
g171: 		(0, 171) -> (0, 143)
g172: 		(0, 172) -> (0, 144)
g173: 		(0, 173) -> (0, 145)
g174: 		(0, 174) -> (0, 146)
g175: 		(0, 175) -> (0, 147)
g176: 		(0, 176) -> (0, 148)
g177: 		(0, 177) -> (0, 149)
g178: 		(0, 178) -> (0, 150)
g179: 		(0, 179) -> (0, 151)
g180: 		(0, 180) -> (0, 152)
g181: 		(0, 181) -> (0, 153)
g182: 		(0, 182) -> (0, 154)
g183: 		(0, 183) -> (0, 155)
g184: 		(0, 184) -> (0, 156)
g185: 		(0, 185) -> (0, 157)
g186: 		(0, 186) -> (0, 166)
g187: 		(0, 187) -> (0, 167)
g188: 		(0, 188) -> (0, 168)
g189: 		(0, 189) -> (0, 169)
g190: 		(0, 190) -> (0, 170)
g191: 		(0, 191) -> (0, 171)
g192: 		(0, 192) -> (0, 172)
g193: 		(0, 193) -> (0, 173)
g194: 		(0, 194) -> (0, 174)
g195: 		(0, 195) -> (0, 175)
g196: 		(0, 196) -> (0, 176)
g197: 		(0, 197) -> (0, 177)
g198: 		(0, 198) -> (0, 178)
g199: 		(0, 199) -> (0, 179)
g200: 		(0, 200) -> (0, 180)
g201: 		(0, 201) -> (0, 181)
g202: 		(0, 202) -> (0, 182)
g203: 		(0, 203) -> (0, 183)
g204: 		(0, 204) -> (0, 184)
g205: 		(0, 205) -> (0, 185)
g206: 		(0, 206) -> (0, 186)
g207: 		(0, 207) -> (0, 187)
g208: 		(0, 208) -> (0, 188)
g209: 		(0, 209) -> (0, 189)
g210: 		(0, 210) -> (0, 190)
g211: 		(0, 211) -> (0, 191)
g212: 		(0, 212) -> (0, 192)
g213: 		(0, 213) -> (0, 193)
g214: 		(0, 214) -> (0, 194)
g215: 		(0, 215) -> (0, 195)
g216: 		(0, 216) -> (0, 196)
g217: 		(0, 217) -> (0, 197)
g218: 		(0, 218) -> (0, 198)
g219: 		(0, 219) -> (0, 199)
g220: 		(0, 220) -> (0, 200)
g221: 		(0, 221) -> (0, 201)
g222: 		(0, 222) -> (0, 202)
g223: 		(0, 223) -> (0, 203)
g224: 		(0, 224) -> (0, 204)
g225: 		(0, 225) -> (0, 208)
g226: 		(0, 226) -> (0, 209)
g227: 		(0, 227) -> (0, 210)
g228: 		(0, 228) -> (0, 211)
g229: 		(0, 229) -> (0, 304)
g230: 		(0, 230) -> (0, 305)
g231: 		(0, 231) -> (0, 290)
g232: 		(0, 232) -> (0, 212)
g233: 		(0, 233) -> (0, 213)
g234: 		(0, 234) -> (0, 214)
g235: 		(0, 235) -> (0, 215)
g236: 		(0, 236) -> (0, 216)
g237: 		(0, 237) -> (0, 217)
g238: 		(0, 238) -> (0, 218)
g239: 		(0, 239) -> (0, 219)
g240: 		(0, 240) -> (0, 220)
g241: 		(0, 241) -> (0, 221)
g242: 		(0, 242) -> (0, 222)
g243: 		(0, 243) -> (0, 225)
g244: 		(0, 244) -> (0, 226)
g245: 		(0, 245) -> (0, 227)
g246: 		(0, 246) -> (0, 228)
g247: 		(0, 247) -> (0, 229)
g248: 		(0, 248) -> (0, 230)
g249: 		(0, 249) -> (0, 231)
g250: 		(0, 250) -> (0, 232)
g251: 		(0, 251) -> (0, 233)
g252: 		(0, 252) -> (0, 234)
g253: 		(0, 253) -> (0, 235)
g254: 		(0, 254) -> (0, 236)
g255: 		(0, 255) -> (0, 237)
g256: 		(0, 256) -> (0, 238)
g257: 		(0, 257) -> (0, 239)
g258: 		(0, 258) -> (0, 240)
g259: 		(0, 259) -> (0, 241)
g260: 		(0, 260) -> (0, 242)
g261: 		(0, 261) -> (0, 243)
g262: 		(0, 262) -> (0, 244)
g263: 		(0, 263) -> (0, 245)
g264: 		(0, 264) -> (0, 246)
g265: 		(0, 265) -> (0, 247)
g266: 		(0, 266) -> (0, 248)
g267: 		(0, 267) -> (0, 249)
g268: 		(0, 268) -> (0, 250)
g269: 		(0, 269) -> (0, 251)
g270: 		(0, 270) -> (0, 252)
g271: 		(0, 271) -> (0, 253)
g272: 		(0, 272) -> (0, 254)
g273: 		(0, 273) -> (0, 255)
g274: 		(0, 274) -> (0, 256)
g275: 		(0, 275) -> (0, 257)
g276: 		(0, 276) -> (0, 258)
g277: 		(0, 277) -> (0, 259)
g278: 		(0, 278) -> (0, 260)
g279: 		(0, 279) -> (0, 261)
g280: 		(0, 280) -> (0, 262)
g281: 		(0, 281) -> (0, 263)
g282: 		(0, 282) -> (0, 264)
g283: 		(0, 283) -> (0, 265)
g284: 		(0, 284) -> (0, 266)
g285: 		(0, 285) -> (0, 267)
g286: 		(0, 286) -> (0, 268)
g287: 		(0, 287) -> (0, 269)
g288: 		(0, 288) -> (0, 270)
g289: 		(0, 289) -> (0, 271)
g290: 		(0, 290) -> (0, 272)
g291: 		(0, 291) -> (0, 273)
g292: 		(0, 292) -> (0, 274)
g293: 		(0, 293) -> (0, 275)
g294: 		(0, 294) -> (0, 276)
g295: 		(0, 295) -> (0, 277)
g296: 		(0, 296) -> (0, 278)
g297: 		(0, 297) -> (0, 280)
g298: 		(0, 298) -> (0, 281)
g299: 		(0, 299) -> (0, 282)
g300: 		(0, 300) -> (0, 283)
g301: 		(0, 301) -> (0, 284)
g302: 		(0, 302) -> (0, 285)
g303: 		(0, 303) -> (0, 286)
g304: 		(0, 304) -> (3, 409)
g305: 		(0, 305) -> (3, 410)
g306: 		(0, 306) -> (0, 336)
g307: 		(0, 307) -> (0, 337)
g308: 		(0, 308) -> (3, 411)
g309: 		(0, 309) -> (0, 289)
g310: 		(0, 310) -> (0, 291)
g311: 		(0, 311) -> (0, 292)
g312: 		(0, 312) -> (0, 300)
g313: 		(0, 313) -> (0, 301)
g314: 		(0, 314) -> (0, 302)
g315: 		(0, 315) -> (0, 303)
g316: 		(0, 316) -> (0, 306)
g317: 		(0, 317) -> (0, 307)
g318: 		(0, 318) -> (0, 308)
g319: 		(0, 319) -> (0, 309)
g320: 		(0, 320) -> (0, 310)
g321: 		(0, 321) -> (0, 311)
g322: 		(0, 322) -> (0, 312)
g323: 		(0, 323) -> (0, 313)
g324: 		(0, 324) -> (0, 314)
g325: 		(0, 325) -> (0, 315)
g326: 		(0, 326) -> (0, 316)
g327: 		(0, 327) -> (0, 317)
g328: 		(0, 328) -> (0, 318)
g329: 		(0, 329) -> (0, 319)
g330: 		(0, 330) -> (0, 320)
g331: 		(0, 331) -> (0, 321)
g332: 		(0, 332) -> (0, 322)
g333: 		(0, 333) -> (0, 323)
g334: 		(0, 334) -> (0, 324)
g335: 		(0, 335) -> (0, 325)
g336: 		(0, 336) -> (0, 326)
g337: 		(0, 337) -> (0, 327)
g338: 		(0, 338) -> (0, 328)
g339: 		(0, 339) -> (0, 329)
g340: 		(0, 340) -> (0, 330)
g341: 		(0, 341) -> (0, 331)
g342: 		(0, 342) -> (0, 332)
g343: 		(0, 343) -> (0, 333)
g344: 		(0, 344) -> (0, 334)
g345: 		(0, 345) -> (0, 335)
g346: 		(0, 346) -> (0, 338)
g347: 		(0, 347) -> (0, 339)
g348: 		(0, 348) -> (0, 342)
g349: 		(0, 349) -> (0, 343)
g350: 		(0, 350) -> (0, 65)
g351: 		(0, 351) -> (3, 122)
g352: 		(0, 352) -> (3, 123)
g353: 		(0, 353) -> (3, 124)
g354: 		(0, 354) -> (0, 345)
g355: 		(0, 355) -> (0, 346)
g356: 		(0, 356) -> (0, 347)
g357: 		(0, 357) -> (0, 348)
g358: 		(0, 358) -> (0, 349)
g359: 		(0, 359) -> (0, 350)
g360: 		(0, 360) -> (0, 351)
g361: 		(0, 361) -> (0, 352)
g362: 		(0, 362) -> (0, 353)
g363: 		(0, 363) -> (0, 354)
g364: 		(0, 364) -> (0, 355)
g365: 		(0, 365) -> (0, 356)
g366: 		(0, 366) -> (0, 357)
g367: 		(0, 367) -> (0, 358)
g368: 		(0, 368) -> (0, 359)
g368: 		(0, 369) -> (3, 0)
g369: 		(0, 370) -> (3, 1)
g370: 		(0, 371) -> (3, 2)
g371: 		(0, 372) -> (3, 3)
g372: 		(0, 373) -> (3, 4)
g373: 		(0, 374) -> (3, 5)
g374: 		(0, 375) -> (3, 6)
g375: 		(0, 376) -> (3, 7)
g376: 		(0, 377) -> (0, 362)
g377: 		(0, 378) -> (0, 363)
g378: 		(0, 379) -> (0, 364)
g379: 		(0, 380) -> (0, 365)
g380: 		(0, 381) -> (0, 366)
g381: 		(0, 382) -> (0, 367)
g382: 		(0, 383) -> (0, 368)
g383: 		(0, 384) -> (0, 369)
g384: 		(0, 385) -> (0, 370)
g385: 		(0, 386) -> (0, 371)
g386: 		(0, 387) -> (0, 372)
g387: 		(0, 388) -> (0, 373)
g388: 		(0, 389) -> (0, 374)
g389: 		(0, 390) -> (0, 375)
g390: 		(0, 391) -> (0, 376)
g391: 		(0, 392) -> (0, 377)
g392: 		(0, 393) -> (0, 379)
g393: 		(0, 394) -> (0, 380)
g394: 		(0, 395) -> (0, 381)
g395: 		(0, 396) -> (0, 382)
g396: 		(0, 397) -> (0, 383)
g397: 		(0, 398) -> (0, 384)
g398: 		(0, 399) -> (2, 74)
g399: 		(0, 400) -> (2, 75)
g400: 		(0, 401) -> (2, 76)
g401: 		(0, 402) -> (0, 390)
g402: 		(0, 403) -> (0, 391)
g403: 		(0, 404) -> (0, 392)
g404: 		(0, 405) -> (0, 393)
g405: 		(0, 406) -> (0, 394)
g406: 		(0, 407) -> (0, 395)
g407: 		(0, 408) -> (0, 396)
g408: 		(0, 409) -> (0, 397)
g409: 		(0, 410) -> (0, 398)
g410: 		(0, 411) -> (0, 399)
g411: 		(0, 412) -> (0, 400)
g412: 		(0, 413) -> (0, 401)
g413: 		(0, 414) -> (0, 402)
g414: 		(0, 415) -> (0, 403)
g415: 		(0, 416) -> (3, 174)
g416: 		(0, 417) -> (3, 175)
g417: 		(0, 418) -> (3, 176)
g418: 		(0, 419) -> (3, 177)
g419: 		(0, 420) -> (3, 178)
g420: 		(0, 421) -> (3, 179)
g421: 		(0, 422) -> (3, 180)
g422: 		(0, 423) -> (0, 409)
g423: 		(0, 424) -> (0, 410)
g424: 		(0, 425) -> (0, 411)
g425: 		(0, 426) -> (3, 27)
g426: 		(0, 427) -> (1, 7)
g427: 		(0, 428) -> (1, 8)
g428: 		(0, 429) -> (1, 9)
g429: 		(0, 430) -> (1, 10)
g430: 		(0, 431) -> (0, 421)
g431: 		(0, 432) -> (0, 422)
g432: 		(0, 433) -> (0, 423)
g433: 		(0, 434) -> (0, 424)
g434: 		(0, 435) -> (0, 425)
g435: 		(0, 436) -> (0, 426)
g436: 		(0, 437) -> (0, 427)
g437: 		(0, 438) -> (0, 428)
g438: 		(0, 439) -> (0, 429)
g439: 		(0, 440) -> (0, 430)
g440: 		(0, 441) -> (0, 431)
g441: 		(0, 442) -> (0, 432)
g442: 		(0, 443) -> (0, 433)
g443: 		(0, 444) -> (0, 434)
g444: 		(0, 445) -> (0, 435)
g445: 		(0, 446) -> (0, 436)
g446: 		(0, 447) -> (0, 437)
g447: 		(0, 448) -> (2, 496)
g448: 		(0, 449) -> (2, 497)
g449: 		(0, 450) -> (2, 498)
g450: 		(0, 451) -> (2, 499)
g451: 		(0, 452) -> (2, 500)
g452: 		(0, 453) -> (2, 501)
g453: 		(0, 454) -> (2, 502)
g454: 		(0, 455) -> (2, 503)
g455: 		(0, 456) -> (0, 440)
g456: 		(0, 457) -> (0, 441)
g457: 		(0, 458) -> (0, 442)
g458: 		(0, 459) -> (0, 443)
g459: 		(0, 460) -> (0, 444)
g460: 		(0, 461) -> (0, 445)
g461: 		(0, 462) -> (0, 446)
g462: 		(0, 463) -> (0, 447)
g463: 		(0, 464) -> (0, 448)
g464: 		(0, 465) -> (0, 449)
g465: 		(0, 466) -> (0, 450)
g466: 		(0, 467) -> (0, 451)
g467: 		(0, 468) -> (0, 452)
g468: 		(0, 469) -> (0, 457)
g469: 		(0, 470) -> (0, 458)
g470: 		(0, 471) -> (0, 459)
g471: 		(0, 472) -> (0, 460)
g472: 		(0, 473) -> (0, 461)
g473: 		(0, 474) -> (0, 462)
g474: 		(0, 475) -> (0, 463)
g475: 		(0, 476) -> (0, 464)
g476: 		(0, 477) -> (0, 465)
g477: 		(0, 478) -> (0, 466)
g478: 		(0, 479) -> (0, 467)
g479: 		(0, 480) -> (0, 468)
g480: 		(0, 481) -> (0, 469)
g481: 		(0, 482) -> (0, 470)
g482: 		(0, 483) -> (1, 193)
g483: 		(0, 484) -> (1, 194)
g484: 		(0, 485) -> (1, 195)
g485: 		(0, 486) -> (0, 473)
g486: 		(0, 487) -> (0, 474)
g487: 		(0, 488) -> (0, 475)
g488: 		(0, 489) -> (0, 476)
g489: 		(0, 490) -> (0, 477)
g490: 		(0, 491) -> (0, 478)
g491: 		(0, 492) -> (0, 479)
g492: 		(0, 493) -> (0, 480)
g493: 		(0, 494) -> (0, 481)
g494: 		(0, 495) -> (0, 482)
g495: 		(0, 496) -> (0, 483)
g496: 		(0, 497) -> (0, 484)
g497: 		(0, 498) -> (0, 485)
g498: 		(0, 499) -> (0, 486)
g499: 		(0, 500) -> (0, 487)
g500: 		(0, 501) -> (0, 488)
g501: 		(1, 0) -> (1, 0)
g502: 		(1, 1) -> (1, 1)
g503: 		(1, 2) -> (1, 2)
g504: 		(1, 3) -> (1, 3)
g505: 		(1, 4) -> (1, 4)
g506: 		(1, 5) -> (1, 5)
g507: 		(1, 6) -> (1, 6)
g508: 		(1, 7) -> (3, 28)
g509: 		(1, 8) -> (3, 29)
g510: 		(1, 9) -> (3, 30)
g511: 		(1, 10) -> (1, 496)
g512: 		(1, 11) -> (1, 497)
g513: 		(1, 12) -> (1, 498)
g514: 		(1, 13) -> (1, 500)
g515: 		(1, 14) -> (1, 501)
g516: 		(1, 15) -> (1, 502)
g517: 		(1, 16) -> (1, 503)
g518: 		(1, 17) -> (1, 504)
g519: 		(1, 18) -> (3, 31)
g520: 		(1, 19) -> (0, 418)
g521: 		(1, 20) -> (0, 419)
g522: 		(1, 21) -> (0, 420)
g523: 		(1, 22) -> (1, 11)
g524: 		(1, 23) -> (1, 12)
g525: 		(1, 24) -> (1, 13)
g526: 		(1, 25) -> (1, 14)
g527: 		(1, 26) -> (1, 15)
g528: 		(1, 27) -> (1, 16)
g529: 		(1, 28) -> (1, 17)
g530: 		(1, 29) -> (1, 18)
g531: 		(1, 30) -> (1, 19)
g532: 		(1, 31) -> (1, 20)
g533: 		(1, 32) -> (1, 21)
g534: 		(1, 33) -> (1, 22)
g535: 		(1, 34) -> (1, 23)
g536: 		(1, 35) -> (3, 129)
g537: 		(1, 36) -> (3, 388)
g538: 		(1, 37) -> (1, 31)
g539: 		(1, 38) -> (1, 32)
g540: 		(1, 39) -> (1, 33)
g541: 		(1, 40) -> (1, 34)
g542: 		(1, 41) -> (1, 35)
g543: 		(1, 42) -> (1, 36)
g544: 		(1, 43) -> (1, 37)
g545: 		(1, 44) -> (1, 38)
g546: 		(1, 45) -> (1, 39)
g547: 		(1, 46) -> (3, 39)
g548: 		(1, 47) -> (3, 40)
g549: 		(1, 48) -> (1, 250)
g550: 		(1, 49) -> (1, 251)
g551: 		(1, 50) -> (1, 252)
g552: 		(1, 51) -> (1, 253)
g553: 		(1, 52) -> (3, 482)
g554: 		(1, 53) -> (0, 100)
g555: 		(1, 54) -> (0, 101)
g556: 		(1, 55) -> (0, 102)
g557: 		(1, 56) -> (0, 103)
g558: 		(1, 57) -> (2, 481)
g559: 		(1, 58) -> (2, 339)
g560: 		(1, 59) -> (2, 345)
g561: 		(1, 60) -> (2, 346)
g562: 		(1, 61) -> (2, 347)
g563: 		(1, 62) -> (2, 348)
g564: 		(1, 63) -> (2, 349)
g565: 		(1, 64) -> (1, 59)
g566: 		(1, 65) -> (1, 60)
g567: 		(1, 66) -> (1, 61)
g568: 		(1, 67) -> (1, 62)
g569: 		(1, 68) -> (1, 63)
g570: 		(1, 69) -> (1, 64)
g571: 		(1, 70) -> (1, 65)
g572: 		(1, 71) -> (1, 66)
g573: 		(1, 72) -> (1, 67)
g574: 		(1, 73) -> (1, 68)
g575: 		(1, 74) -> (1, 69)
g576: 		(1, 75) -> (1, 70)
g577: 		(1, 76) -> (1, 71)
g578: 		(1, 77) -> (1, 72)
g579: 		(1, 78) -> (1, 73)
g580: 		(1, 79) -> (1, 74)
g581: 		(1, 80) -> (1, 429)
g582: 		(1, 81) -> (1, 430)
g583: 		(1, 82) -> (1, 431)
g584: 		(1, 83) -> (1, 432)
g585: 		(1, 84) -> (1, 433)
g586: 		(1, 85) -> (1, 75)
g587: 		(1, 86) -> (1, 76)
g588: 		(1, 87) -> (1, 77)
g589: 		(1, 88) -> (1, 78)
g590: 		(1, 89) -> (1, 79)
g591: 		(1, 90) -> (1, 80)
g592: 		(1, 91) -> (1, 81)
g593: 		(1, 92) -> (1, 82)
g594: 		(1, 93) -> (1, 83)
g595: 		(1, 94) -> (1, 84)
g596: 		(1, 95) -> (1, 85)
g597: 		(1, 96) -> (1, 86)
g598: 		(1, 97) -> (1, 87)
g599: 		(1, 98) -> (1, 88)
g600: 		(1, 99) -> (1, 89)
g601: 		(1, 100) -> (1, 90)
g602: 		(1, 101) -> (1, 91)
g603: 		(1, 102) -> (1, 92)
g604: 		(1, 103) -> (1, 93)
g605: 		(1, 104) -> (1, 94)
g606: 		(1, 105) -> (1, 95)
g607: 		(1, 106) -> (1, 96)
g608: 		(1, 107) -> (1, 97)
g609: 		(1, 108) -> (1, 98)
g610: 		(1, 109) -> (1, 99)
g611: 		(1, 110) -> (1, 100)
g612: 		(1, 111) -> (1, 101)
g613: 		(1, 112) -> (1, 102)
g614: 		(1, 113) -> (1, 103)
g615: 		(1, 114) -> (1, 104)
g616: 		(1, 115) -> (1, 105)
g617: 		(1, 116) -> (1, 106)
g618: 		(1, 117) -> (1, 107)
g619: 		(1, 118) -> (1, 108)
g620: 		(1, 119) -> (1, 109)
g621: 		(1, 120) -> (1, 110)
g622: 		(1, 121) -> (1, 111)
g623: 		(1, 122) -> (1, 112)
g624: 		(1, 123) -> (1, 113)
g625: 		(1, 124) -> (1, 114)
g626: 		(1, 125) -> (1, 115)
g627: 		(1, 126) -> (1, 116)
g628: 		(1, 127) -> (1, 117)
g629: 		(1, 128) -> (2, 79)
g630: 		(1, 129) -> (2, 80)
g631: 		(1, 130) -> (2, 81)
g632: 		(1, 131) -> (2, 82)
g633: 		(1, 132) -> (2, 83)
g634: 		(1, 133) -> (3, 400)
g635: 		(1, 134) -> (3, 401)
g636: 		(1, 135) -> (1, 128)
g637: 		(1, 136) -> (1, 129)
g638: 		(1, 137) -> (1, 130)
g639: 		(1, 138) -> (1, 131)
g640: 		(1, 139) -> (1, 132)
g641: 		(1, 140) -> (1, 133)
g642: 		(1, 141) -> (1, 134)
g643: 		(1, 142) -> (1, 135)
g644: 		(1, 143) -> (1, 136)
g645: 		(1, 144) -> (1, 137)
g646: 		(1, 145) -> (1, 138)
g647: 		(1, 146) -> (1, 139)
g648: 		(1, 147) -> (1, 140)
g649: 		(1, 148) -> (1, 141)
g650: 		(1, 149) -> (1, 142)
g651: 		(1, 150) -> (1, 143)
g652: 		(1, 151) -> (1, 144)
g653: 		(1, 152) -> (1, 145)
g654: 		(1, 153) -> (1, 146)
g655: 		(1, 154) -> (1, 147)
g656: 		(1, 155) -> (1, 148)
g657: 		(1, 156) -> (1, 149)
g658: 		(1, 157) -> (1, 150)
g659: 		(1, 158) -> (1, 151)
g660: 		(1, 159) -> (1, 152)
g661: 		(1, 160) -> (1, 153)
g662: 		(1, 161) -> (1, 154)
g663: 		(1, 162) -> (1, 155)
g664: 		(1, 163) -> (1, 156)
g665: 		(1, 164) -> (2, 307)
g666: 		(1, 165) -> (2, 308)
g667: 		(1, 166) -> (1, 161)
g668: 		(1, 167) -> (1, 162)
g669: 		(1, 168) -> (1, 163)
g670: 		(1, 169) -> (1, 164)
g671: 		(1, 170) -> (1, 165)
g672: 		(1, 171) -> (1, 166)
g673: 		(1, 172) -> (1, 167)
g674: 		(1, 173) -> (1, 168)
g675: 		(1, 174) -> (1, 169)
g676: 		(1, 175) -> (1, 170)
g677: 		(1, 176) -> (1, 171)
g678: 		(1, 177) -> (1, 172)
g679: 		(1, 178) -> (3, 370)
g680: 		(1, 179) -> (2, 230)
g681: 		(1, 180) -> (2, 231)
g682: 		(1, 181) -> (2, 232)
g683: 		(1, 182) -> (2, 233)
g684: 		(1, 183) -> (2, 234)
g685: 		(1, 184) -> (1, 182)
g686: 		(1, 185) -> (1, 183)
g687: 		(1, 186) -> (1, 184)
g688: 		(1, 187) -> (1, 185)
g689: 		(1, 188) -> (1, 186)
g690: 		(1, 189) -> (1, 187)
g691: 		(1, 190) -> (1, 188)
g692: 		(1, 191) -> (1, 189)
g693: 		(1, 192) -> (1, 190)
g694: 		(1, 193) -> (1, 191)
g695: 		(1, 194) -> (1, 192)
g696: 		(1, 195) -> (0, 471)
g697: 		(1, 196) -> (0, 472)
g698: 		(1, 197) -> (1, 196)
g699: 		(1, 198) -> (1, 197)
g700: 		(1, 199) -> (1, 198)
g701: 		(1, 200) -> (1, 199)
g702: 		(1, 201) -> (1, 200)
g703: 		(1, 202) -> (2, 36)
g704: 		(1, 203) -> (2, 37)
g705: 		(1, 204) -> (2, 38)
g706: 		(1, 205) -> (2, 39)
g707: 		(1, 206) -> (1, 203)
g708: 		(1, 207) -> (1, 204)
g709: 		(1, 208) -> (1, 209)
g710: 		(1, 209) -> (1, 210)
g711: 		(1, 210) -> (1, 211)
g712: 		(1, 211) -> (1, 212)
g713: 		(1, 212) -> (1, 213)
g714: 		(1, 213) -> (1, 214)
g715: 		(1, 214) -> (1, 215)
g716: 		(1, 215) -> (1, 216)
g717: 		(1, 216) -> (1, 217)
g718: 		(1, 217) -> (1, 218)
g719: 		(1, 218) -> (1, 219)
g720: 		(1, 219) -> (1, 220)
g721: 		(1, 220) -> (1, 221)
g722: 		(1, 221) -> (1, 222)
g723: 		(1, 222) -> (1, 223)
g724: 		(1, 223) -> (1, 224)
g725: 		(1, 224) -> (1, 225)
g726: 		(1, 225) -> (1, 226)
g727: 		(1, 226) -> (1, 227)
g728: 		(1, 227) -> (1, 228)
g729: 		(1, 228) -> (1, 229)
g730: 		(1, 229) -> (1, 230)
g731: 		(1, 230) -> (1, 231)
g732: 		(1, 231) -> (1, 232)
g733: 		(1, 232) -> (1, 233)
g734: 		(1, 233) -> (1, 234)
g735: 		(1, 234) -> (1, 235)
g736: 		(1, 235) -> (1, 236)
g737: 		(1, 236) -> (1, 237)
g738: 		(1, 237) -> (1, 238)
g739: 		(1, 238) -> (1, 239)
g740: 		(1, 239) -> (1, 240)
g741: 		(1, 240) -> (1, 241)
g742: 		(1, 241) -> (1, 242)
g743: 		(1, 242) -> (1, 243)
g744: 		(1, 243) -> (1, 499)
g745: 		(1, 244) -> (1, 244)
g746: 		(1, 245) -> (1, 245)
g747: 		(1, 246) -> (3, 480)
g748: 		(1, 247) -> (3, 481)
g749: 		(1, 248) -> (1, 254)
g750: 		(1, 249) -> (1, 255)
g751: 		(1, 250) -> (1, 265)
g752: 		(1, 251) -> (1, 266)
g753: 		(1, 252) -> (1, 267)
g754: 		(1, 253) -> (1, 268)
g755: 		(1, 254) -> (1, 269)
g756: 		(1, 255) -> (1, 270)
g757: 		(1, 256) -> (1, 271)
g758: 		(1, 257) -> (1, 272)
g759: 		(1, 258) -> (1, 273)
g760: 		(1, 259) -> (1, 274)
g761: 		(1, 260) -> (1, 323)
g762: 		(1, 261) -> (1, 324)
g763: 		(1, 262) -> (2, 363)
g764: 		(1, 263) -> (2, 364)
g765: 		(1, 264) -> (2, 365)
g766: 		(1, 265) -> (2, 366)
g767: 		(1, 266) -> (2, 368)
g768: 		(1, 267) -> (2, 369)
g769: 		(1, 268) -> (2, 370)
g770: 		(1, 269) -> (2, 371)
g771: 		(1, 270) -> (2, 372)
g772: 		(1, 271) -> (1, 288)
g773: 		(1, 272) -> (1, 289)
g774: 		(1, 273) -> (1, 290)
g775: 		(1, 274) -> (1, 291)
g776: 		(1, 275) -> (1, 292)
g777: 		(1, 276) -> (1, 293)
g778: 		(1, 277) -> (1, 294)
g779: 		(1, 278) -> (1, 295)
g780: 		(1, 279) -> (1, 296)
g781: 		(1, 280) -> (1, 297)
g782: 		(1, 281) -> (1, 304)
g783: 		(1, 282) -> (1, 305)
g784: 		(1, 283) -> (1, 306)
g785: 		(1, 284) -> (1, 307)
g786: 		(1, 285) -> (1, 308)
g787: 		(1, 286) -> (1, 309)
g788: 		(1, 287) -> (1, 310)
g789: 		(1, 288) -> (1, 311)
g790: 		(1, 289) -> (1, 312)
g791: 		(1, 290) -> (1, 313)
g792: 		(1, 291) -> (1, 314)
g793: 		(1, 292) -> (1, 315)
g794: 		(1, 293) -> (1, 316)
g795: 		(1, 294) -> (1, 317)
g796: 		(1, 295) -> (1, 318)
g797: 		(1, 296) -> (1, 319)
g798: 		(1, 297) -> (1, 320)
g799: 		(1, 298) -> (1, 321)
g800: 		(1, 299) -> (1, 322)
g801: 		(1, 300) -> (2, 64)
g802: 		(1, 301) -> (2, 65)
g803: 		(1, 302) -> (2, 66)
g804: 		(1, 303) -> (2, 67)
g805: 		(1, 304) -> (2, 68)
g806: 		(1, 305) -> (2, 69)
g807: 		(1, 306) -> (2, 70)
g808: 		(1, 307) -> (2, 71)
g809: 		(1, 308) -> (2, 72)
g810: 		(1, 309) -> (1, 325)
g811: 		(1, 310) -> (1, 326)
g812: 		(1, 311) -> (1, 327)
g813: 		(1, 312) -> (1, 328)
g814: 		(1, 313) -> (1, 329)
g815: 		(1, 314) -> (1, 330)
g816: 		(1, 315) -> (1, 331)
g817: 		(1, 316) -> (1, 332)
g818: 		(1, 317) -> (1, 333)
g819: 		(1, 318) -> (1, 334)
g820: 		(1, 319) -> (1, 335)
g821: 		(1, 320) -> (1, 336)
g822: 		(1, 321) -> (1, 337)
g823: 		(1, 322) -> (1, 338)
g824: 		(1, 323) -> (1, 339)
g825: 		(1, 324) -> (1, 340)
g826: 		(1, 325) -> (1, 342)
g827: 		(1, 326) -> (1, 343)
g828: 		(1, 327) -> (1, 344)
g829: 		(1, 328) -> (1, 345)
g830: 		(1, 329) -> (1, 346)
g831: 		(1, 330) -> (1, 347)
g832: 		(1, 331) -> (1, 348)
g833: 		(1, 332) -> (1, 349)
g834: 		(1, 333) -> (1, 350)
g835: 		(1, 334) -> (1, 351)
g836: 		(1, 335) -> (0, 125)
g837: 		(1, 336) -> (0, 126)
g838: 		(1, 337) -> (1, 354)
g839: 		(1, 338) -> (1, 355)
g840: 		(1, 339) -> (1, 356)
g841: 		(1, 340) -> (1, 357)
g842: 		(1, 341) -> (1, 358)
g843: 		(1, 342) -> (1, 359)
g844: 		(1, 343) -> (1, 360)
g845: 		(1, 344) -> (1, 411)
g846: 		(1, 345) -> (1, 412)
g847: 		(1, 346) -> (1, 413)
g848: 		(1, 347) -> (0, 86)
g849: 		(1, 348) -> (0, 87)
g850: 		(1, 349) -> (0, 88)
g851: 		(1, 350) -> (0, 89)
g852: 		(1, 351) -> (0, 90)
g853: 		(1, 352) -> (0, 91)
g854: 		(1, 353) -> (0, 92)
g855: 		(1, 354) -> (1, 258)
g856: 		(1, 355) -> (1, 259)
g857: 		(1, 356) -> (1, 260)
g858: 		(1, 357) -> (1, 261)
g859: 		(1, 358) -> (1, 262)
g860: 		(1, 359) -> (1, 263)
g861: 		(1, 360) -> (1, 264)
g862: 		(1, 361) -> (1, 368)
g863: 		(1, 362) -> (1, 369)
g864: 		(1, 363) -> (1, 370)
g865: 		(1, 364) -> (1, 371)
g866: 		(1, 365) -> (1, 372)
g867: 		(1, 366) -> (1, 373)
g868: 		(1, 367) -> (1, 374)
g869: 		(1, 368) -> (1, 375)
g870: 		(1, 369) -> (1, 376)
g871: 		(1, 370) -> (1, 377)
g872: 		(1, 371) -> (1, 378)
g873: 		(1, 372) -> (1, 379)
g874: 		(1, 373) -> (1, 380)
g875: 		(1, 374) -> (1, 381)
g876: 		(1, 375) -> (1, 382)
g877: 		(1, 376) -> (1, 383)
g878: 		(1, 377) -> (1, 384)
g879: 		(1, 378) -> (1, 385)
g880: 		(1, 379) -> (1, 386)
g881: 		(1, 380) -> (1, 387)
g882: 		(1, 381) -> (1, 388)
g883: 		(1, 382) -> (1, 389)
g884: 		(1, 383) -> (1, 390)
g885: 		(1, 384) -> (1, 391)
g886: 		(1, 385) -> (1, 392)
g887: 		(1, 386) -> (1, 393)
g888: 		(1, 387) -> (1, 394)
g889: 		(1, 388) -> (1, 395)
g890: 		(1, 389) -> (1, 396)
g891: 		(1, 390) -> (1, 397)
g892: 		(1, 391) -> (1, 398)
g893: 		(1, 392) -> (1, 399)
g894: 		(1, 393) -> (1, 400)
g895: 		(1, 394) -> (1, 401)
g896: 		(1, 395) -> (1, 402)
g897: 		(1, 396) -> (1, 403)
g898: 		(1, 397) -> (1, 404)
g899: 		(1, 398) -> (1, 405)
g900: 		(1, 399) -> (1, 406)
g901: 		(1, 400) -> (1, 407)
g902: 		(1, 401) -> (1, 408)
g903: 		(1, 402) -> (1, 409)
g904: 		(1, 403) -> (1, 298)
g905: 		(1, 404) -> (1, 299)
g906: 		(1, 405) -> (1, 300)
g907: 		(1, 406) -> (1, 301)
g908: 		(1, 407) -> (1, 302)
g909: 		(1, 408) -> (1, 303)
g910: 		(1, 409) -> (1, 410)
g911: 		(1, 410) -> (1, 414)
g912: 		(1, 411) -> (1, 415)
g913: 		(1, 412) -> (1, 416)
g914: 		(1, 413) -> (1, 417)
g915: 		(1, 414) -> (1, 418)
g916: 		(1, 415) -> (1, 419)
g917: 		(1, 416) -> (1, 420)
g918: 		(1, 417) -> (1, 421)
g919: 		(1, 418) -> (1, 422)
g920: 		(1, 419) -> (1, 423)
g921: 		(1, 420) -> (1, 424)
g922: 		(1, 421) -> (1, 425)
g923: 		(1, 422) -> (1, 426)
g924: 		(1, 423) -> (1, 427)
g925: 		(1, 424) -> (1, 428)
g926: 		(1, 425) -> (1, 434)
g927: 		(1, 426) -> (1, 435)
g928: 		(1, 427) -> (1, 436)
g929: 		(1, 428) -> (1, 437)
g930: 		(1, 429) -> (1, 438)
g931: 		(1, 430) -> (1, 439)
g932: 		(1, 431) -> (1, 440)
g933: 		(1, 432) -> (1, 442)
g934: 		(1, 433) -> (1, 443)
g935: 		(1, 434) -> (1, 444)
g936: 		(1, 435) -> (1, 445)
g937: 		(1, 436) -> (1, 446)
g938: 		(1, 437) -> (1, 447)
g939: 		(1, 438) -> (1, 448)
g940: 		(1, 439) -> (1, 449)
g941: 		(1, 440) -> (1, 450)
g942: 		(1, 441) -> (1, 451)
g943: 		(1, 442) -> (1, 452)
g944: 		(1, 443) -> (1, 453)
g945: 		(1, 444) -> (1, 454)
g946: 		(1, 445) -> (1, 455)
g947: 		(1, 446) -> (0, 63)
g948: 		(1, 447) -> (0, 64)
g949: 		(1, 448) -> (0, 71)
g950: 		(1, 449) -> (0, 72)
g951: 		(1, 450) -> (0, 73)
g952: 		(1, 451) -> (0, 74)
g953: 		(1, 452) -> (1, 464)
g954: 		(1, 453) -> (1, 465)
g955: 		(1, 454) -> (1, 466)
g956: 		(1, 455) -> (1, 467)
g957: 		(1, 456) -> (1, 468)
g958: 		(1, 457) -> (1, 469)
g959: 		(1, 458) -> (1, 470)
g960: 		(1, 459) -> (1, 471)
g961: 		(1, 460) -> (3, 414)
g962: 		(1, 461) -> (2, 277)
g963: 		(1, 462) -> (2, 278)
g964: 		(1, 463) -> (2, 279)
g965: 		(1, 464) -> (2, 280)
g966: 		(1, 465) -> (2, 281)
g967: 		(1, 466) -> (2, 282)
g968: 		(1, 467) -> (2, 283)
g969: 		(1, 468) -> (2, 284)
g970: 		(1, 469) -> (1, 475)
g971: 		(1, 470) -> (1, 476)
g972: 		(1, 471) -> (1, 477)
g973: 		(1, 472) -> (1, 478)
g974: 		(1, 473) -> (1, 479)
g975: 		(1, 474) -> (1, 480)
g976: 		(1, 475) -> (1, 481)
g977: 		(1, 476) -> (1, 482)
g978: 		(1, 477) -> (1, 483)
g979: 		(1, 478) -> (3, 380)
g980: 		(1, 479) -> (3, 381)
g981: 		(1, 480) -> (3, 382)
g982: 		(1, 481) -> (3, 383)
g983: 		(1, 482) -> (1, 488)
g984: 		(1, 483) -> (1, 489)
g985: 		(1, 484) -> (1, 205)
g986: 		(1, 485) -> (1, 206)
g987: 		(1, 486) -> (1, 207)
g988: 		(1, 487) -> (1, 208)
g989: 		(1, 488) -> (1, 490)
g990: 		(1, 489) -> (1, 491)
g991: 		(1, 490) -> (1, 492)
g992: 		(1, 491) -> (1, 493)
g993: 		(1, 492) -> (1, 494)
g994: 		(1, 493) -> (1, 495)
g995: 		(1, 494) -> (1, 505)
g996: 		(1, 495) -> (1, 506)
g997: 		(1, 496) -> (1, 507)
g998: 		(1, 497) -> (1, 508)
g999: 		(1, 498) -> (1, 509)
g1000: 		(1, 499) -> (1, 510)
g1001: 		(2, 0) -> (2, 0)
g1002: 		(2, 1) -> (2, 1)
g1003: 		(2, 2) -> (2, 2)
g1004: 		(2, 3) -> (2, 3)
g1005: 		(2, 4) -> (2, 4)
g1006: 		(2, 5) -> (2, 5)
g1007: 		(2, 6) -> (2, 6)
g1008: 		(2, 7) -> (2, 7)
g1009: 		(2, 8) -> (2, 8)
g1010: 		(2, 9) -> (2, 9)
g1011: 		(2, 10) -> (2, 10)
g1012: 		(2, 11) -> (2, 11)
g1013: 		(2, 12) -> (2, 12)
g1014: 		(2, 13) -> (2, 13)
g1015: 		(2, 14) -> (2, 14)
g1016: 		(2, 15) -> (2, 15)
g1017: 		(2, 16) -> (2, 16)
g1018: 		(2, 17) -> (2, 17)
g1019: 		(2, 18) -> (2, 18)
g1020: 		(2, 19) -> (2, 19)
g1021: 		(2, 20) -> (2, 20)
g1022: 		(2, 21) -> (2, 21)
g1023: 		(2, 22) -> (2, 22)
g1024: 		(2, 23) -> (2, 23)
g1025: 		(2, 24) -> (2, 24)
g1026: 		(2, 25) -> (2, 25)
g1027: 		(2, 26) -> (2, 26)
g1028: 		(2, 27) -> (2, 27)
g1029: 		(2, 28) -> (2, 28)
g1030: 		(2, 29) -> (2, 29)
g1031: 		(2, 30) -> (2, 30)
g1032: 		(2, 31) -> (2, 31)
g1033: 		(2, 32) -> (2, 32)
g1034: 		(2, 33) -> (2, 33)
g1035: 		(2, 34) -> (2, 34)
g1036: 		(2, 35) -> (2, 35)
g1037: 		(2, 36) -> (1, 201)
g1038: 		(2, 37) -> (1, 202)
g1039: 		(2, 38) -> (2, 40)
g1040: 		(2, 39) -> (2, 41)
g1041: 		(2, 40) -> (2, 42)
g1042: 		(2, 41) -> (2, 43)
g1043: 		(2, 42) -> (2, 44)
g1044: 		(2, 43) -> (2, 45)
g1045: 		(2, 44) -> (2, 46)
g1046: 		(2, 45) -> (2, 47)
g1047: 		(2, 46) -> (2, 48)
g1048: 		(2, 47) -> (2, 49)
g1049: 		(2, 48) -> (1, 275)
g1050: 		(2, 49) -> (1, 276)
g1051: 		(2, 50) -> (1, 277)
g1052: 		(2, 51) -> (1, 278)
g1053: 		(2, 52) -> (1, 279)
g1054: 		(2, 53) -> (2, 73)
g1055: 		(2, 54) -> (0, 385)
g1056: 		(2, 55) -> (0, 386)
g1057: 		(2, 56) -> (0, 387)
g1058: 		(2, 57) -> (0, 388)
g1059: 		(2, 58) -> (0, 389)
g1060: 		(2, 59) -> (2, 77)
g1061: 		(2, 60) -> (2, 78)
g1062: 		(2, 61) -> (1, 118)
g1063: 		(2, 62) -> (1, 119)
g1064: 		(2, 63) -> (1, 120)
g1065: 		(2, 64) -> (1, 121)
g1066: 		(2, 65) -> (1, 122)
g1067: 		(2, 66) -> (1, 123)
g1068: 		(2, 67) -> (1, 124)
g1069: 		(2, 68) -> (3, 398)
g1070: 		(2, 69) -> (3, 399)
g1071: 		(2, 70) -> (2, 84)
g1072: 		(2, 71) -> (2, 85)
g1073: 		(2, 72) -> (2, 86)
g1074: 		(2, 73) -> (2, 87)
g1075: 		(2, 74) -> (2, 88)
g1076: 		(2, 75) -> (2, 89)
g1077: 		(2, 76) -> (2, 90)
g1078: 		(2, 77) -> (2, 91)
g1079: 		(2, 78) -> (2, 92)
g1080: 		(2, 79) -> (2, 93)
g1081: 		(2, 80) -> (2, 94)
g1082: 		(2, 81) -> (2, 285)
g1083: 		(2, 82) -> (2, 286)
g1084: 		(2, 83) -> (2, 287)
g1085: 		(2, 84) -> (2, 99)
g1086: 		(2, 85) -> (2, 100)
g1087: 		(2, 86) -> (2, 101)
g1088: 		(2, 87) -> (2, 340)
g1089: 		(2, 88) -> (2, 341)
g1090: 		(2, 89) -> (2, 342)
g1091: 		(2, 90) -> (2, 343)
g1092: 		(2, 91) -> (2, 344)
g1093: 		(2, 92) -> (2, 102)
g1094: 		(2, 93) -> (2, 95)
g1095: 		(2, 94) -> (2, 96)
g1096: 		(2, 95) -> (2, 97)
g1097: 		(2, 96) -> (2, 98)
g1098: 		(2, 97) -> (2, 103)
g1099: 		(2, 98) -> (2, 104)
g1100: 		(2, 99) -> (2, 105)
g1101: 		(2, 100) -> (2, 106)
g1102: 		(2, 101) -> (2, 107)
g1103: 		(2, 102) -> (2, 108)
g1104: 		(2, 103) -> (2, 109)
g1105: 		(2, 104) -> (2, 110)
g1106: 		(2, 105) -> (2, 111)
g1107: 		(2, 106) -> (2, 112)
g1108: 		(2, 107) -> (2, 113)
g1109: 		(2, 108) -> (2, 114)
g1110: 		(2, 109) -> (2, 115)
g1111: 		(2, 110) -> (2, 116)
g1112: 		(2, 111) -> (2, 117)
g1113: 		(2, 112) -> (2, 118)
g1114: 		(2, 113) -> (2, 119)
g1115: 		(2, 114) -> (2, 120)
g1116: 		(2, 115) -> (2, 121)
g1117: 		(2, 116) -> (2, 122)
g1118: 		(2, 117) -> (2, 123)
g1119: 		(2, 118) -> (2, 124)
g1120: 		(2, 119) -> (2, 125)
g1121: 		(2, 120) -> (2, 126)
g1122: 		(2, 121) -> (2, 127)
g1123: 		(2, 122) -> (2, 128)
g1124: 		(2, 123) -> (2, 129)
g1125: 		(2, 124) -> (2, 130)
g1126: 		(2, 125) -> (2, 131)
g1127: 		(2, 126) -> (2, 132)
g1128: 		(2, 127) -> (2, 133)
g1129: 		(2, 128) -> (2, 134)
g1130: 		(2, 129) -> (2, 135)
g1131: 		(2, 130) -> (2, 136)
g1132: 		(2, 131) -> (2, 137)
g1133: 		(2, 132) -> (2, 138)
g1134: 		(2, 133) -> (2, 139)
g1135: 		(2, 134) -> (2, 140)
g1136: 		(2, 135) -> (2, 141)
g1137: 		(2, 136) -> (2, 142)
g1138: 		(2, 137) -> (2, 143)
g1139: 		(2, 138) -> (2, 144)
g1140: 		(2, 139) -> (2, 145)
g1141: 		(2, 140) -> (2, 146)
g1142: 		(2, 141) -> (2, 148)
g1143: 		(2, 142) -> (2, 149)
g1144: 		(2, 143) -> (2, 150)
g1145: 		(2, 144) -> (2, 151)
g1146: 		(2, 145) -> (2, 152)
g1147: 		(2, 146) -> (2, 153)
g1148: 		(2, 147) -> (2, 154)
g1149: 		(2, 148) -> (2, 155)
g1150: 		(2, 149) -> (2, 156)
g1151: 		(2, 150) -> (2, 157)
g1152: 		(2, 151) -> (2, 158)
g1153: 		(2, 152) -> (2, 159)
g1154: 		(2, 153) -> (2, 160)
g1155: 		(2, 154) -> (2, 161)
g1156: 		(2, 155) -> (2, 162)
g1157: 		(2, 156) -> (2, 163)
g1158: 		(2, 157) -> (2, 164)
g1159: 		(2, 158) -> (2, 165)
g1160: 		(2, 159) -> (2, 166)
g1161: 		(2, 160) -> (2, 167)
g1162: 		(2, 161) -> (2, 466)
g1163: 		(2, 162) -> (2, 467)
g1164: 		(2, 163) -> (2, 468)
g1165: 		(2, 164) -> (2, 469)
g1166: 		(2, 165) -> (2, 168)
g1167: 		(2, 166) -> (2, 169)
g1168: 		(2, 167) -> (2, 170)
g1169: 		(2, 168) -> (2, 171)
g1170: 		(2, 169) -> (2, 172)
g1171: 		(2, 170) -> (2, 173)
g1172: 		(2, 171) -> (2, 174)
g1173: 		(2, 172) -> (2, 175)
g1174: 		(2, 173) -> (2, 176)
g1175: 		(2, 174) -> (2, 177)
g1176: 		(2, 175) -> (2, 178)
g1177: 		(2, 176) -> (2, 179)
g1178: 		(2, 177) -> (2, 180)
g1179: 		(2, 178) -> (2, 181)
g1180: 		(2, 179) -> (2, 182)
g1181: 		(2, 180) -> (2, 183)
g1182: 		(2, 181) -> (2, 184)
g1183: 		(2, 182) -> (2, 185)
g1184: 		(2, 183) -> (2, 186)
g1185: 		(2, 184) -> (2, 187)
g1186: 		(2, 185) -> (2, 188)
g1187: 		(2, 186) -> (2, 189)
g1188: 		(2, 187) -> (2, 190)
g1189: 		(2, 188) -> (2, 191)
g1190: 		(2, 189) -> (2, 192)
g1191: 		(2, 190) -> (2, 193)
g1192: 		(2, 191) -> (2, 194)
g1193: 		(2, 192) -> (2, 195)
g1194: 		(2, 193) -> (2, 196)
g1195: 		(2, 194) -> (2, 197)
g1196: 		(2, 195) -> (2, 198)
g1197: 		(2, 196) -> (2, 199)
g1198: 		(2, 197) -> (2, 200)
g1199: 		(2, 198) -> (2, 201)
g1200: 		(2, 199) -> (2, 202)
g1201: 		(2, 200) -> (2, 203)
g1202: 		(2, 201) -> (2, 204)
g1203: 		(2, 202) -> (2, 205)
g1204: 		(2, 203) -> (2, 206)
g1205: 		(2, 204) -> (2, 207)
g1206: 		(2, 205) -> (2, 208)
g1207: 		(2, 206) -> (2, 209)
g1208: 		(2, 207) -> (2, 210)
g1209: 		(2, 208) -> (2, 211)
g1210: 		(2, 209) -> (2, 212)
g1211: 		(2, 210) -> (2, 213)
g1212: 		(2, 211) -> (2, 214)
g1213: 		(2, 212) -> (2, 215)
g1214: 		(2, 213) -> (2, 216)
g1215: 		(2, 214) -> (2, 217)
g1216: 		(2, 215) -> (2, 218)
g1217: 		(2, 216) -> (2, 219)
g1218: 		(2, 217) -> (2, 220)
g1219: 		(2, 218) -> (2, 221)
g1220: 		(2, 219) -> (2, 222)
g1221: 		(2, 220) -> (2, 223)
g1222: 		(2, 221) -> (2, 224)
g1223: 		(2, 222) -> (2, 225)
g1224: 		(2, 223) -> (2, 226)
g1225: 		(2, 224) -> (2, 227)
g1226: 		(2, 225) -> (2, 228)
g1227: 		(2, 226) -> (2, 229)
g1228: 		(2, 227) -> (3, 371)
g1229: 		(2, 228) -> (3, 372)
g1230: 		(2, 229) -> (3, 373)
g1231: 		(2, 230) -> (3, 374)
g1232: 		(2, 231) -> (3, 375)
g1233: 		(2, 232) -> (3, 376)
g1234: 		(2, 233) -> (3, 377)
g1235: 		(2, 234) -> (3, 378)
g1236: 		(2, 235) -> (2, 235)
g1237: 		(2, 236) -> (2, 236)
g1238: 		(2, 237) -> (2, 246)
g1239: 		(2, 238) -> (2, 247)
g1240: 		(2, 239) -> (2, 248)
g1241: 		(2, 240) -> (2, 249)
g1242: 		(2, 241) -> (2, 250)
g1243: 		(2, 242) -> (2, 251)
g1244: 		(2, 243) -> (2, 252)
g1245: 		(2, 244) -> (2, 253)
g1246: 		(2, 245) -> (2, 254)
g1247: 		(2, 246) -> (2, 255)
g1248: 		(2, 247) -> (2, 256)
g1249: 		(2, 248) -> (2, 257)
g1250: 		(2, 249) -> (2, 258)
g1251: 		(2, 250) -> (2, 259)
g1252: 		(2, 251) -> (2, 260)
g1253: 		(2, 252) -> (2, 261)
g1254: 		(2, 253) -> (2, 262)
g1255: 		(2, 254) -> (2, 263)
g1256: 		(2, 255) -> (2, 264)
g1257: 		(2, 256) -> (2, 265)
g1258: 		(2, 257) -> (2, 266)
g1259: 		(2, 258) -> (2, 267)
g1260: 		(2, 259) -> (2, 268)
g1261: 		(2, 260) -> (2, 269)
g1262: 		(2, 261) -> (2, 270)
g1263: 		(2, 262) -> (2, 271)
g1264: 		(2, 263) -> (2, 272)
g1265: 		(2, 264) -> (2, 273)
g1266: 		(2, 265) -> (2, 274)
g1267: 		(2, 266) -> (2, 275)
g1268: 		(2, 267) -> (2, 276)
g1269: 		(2, 268) -> (3, 415)
g1270: 		(2, 269) -> (1, 474)
g1271: 		(2, 270) -> (2, 288)
g1272: 		(2, 271) -> (2, 289)
g1273: 		(2, 272) -> (2, 290)
g1274: 		(2, 273) -> (2, 291)
g1275: 		(2, 274) -> (2, 292)
g1276: 		(2, 275) -> (2, 293)
g1277: 		(2, 276) -> (2, 294)
g1278: 		(2, 277) -> (2, 295)
g1279: 		(2, 278) -> (2, 296)
g1280: 		(2, 279) -> (2, 297)
g1281: 		(2, 280) -> (2, 298)
g1282: 		(2, 281) -> (2, 299)
g1283: 		(2, 282) -> (2, 300)
g1284: 		(2, 283) -> (2, 301)
g1285: 		(2, 284) -> (2, 302)
g1286: 		(2, 285) -> (2, 303)
g1287: 		(2, 286) -> (2, 304)
g1288: 		(2, 287) -> (2, 305)
g1289: 		(2, 288) -> (2, 306)
g1290: 		(2, 289) -> (1, 157)
g1291: 		(2, 290) -> (1, 158)
g1292: 		(2, 291) -> (1, 159)
g1293: 		(2, 292) -> (1, 160)
g1294: 		(2, 293) -> (2, 309)
g1295: 		(2, 294) -> (2, 310)
g1296: 		(2, 295) -> (2, 311)
g1297: 		(2, 296) -> (0, 50)
g1298: 		(2, 297) -> (0, 51)
g1299: 		(2, 298) -> (0, 52)
g1300: 		(2, 299) -> (0, 53)
g1301: 		(2, 300) -> (0, 54)
g1302: 		(2, 301) -> (0, 55)
g1303: 		(2, 302) -> (2, 325)
g1304: 		(2, 303) -> (2, 359)
g1305: 		(2, 304) -> (2, 326)
g1306: 		(2, 305) -> (2, 327)
g1307: 		(2, 306) -> (2, 328)
g1308: 		(2, 307) -> (2, 329)
g1309: 		(2, 308) -> (2, 330)
g1310: 		(2, 309) -> (2, 331)
g1311: 		(2, 310) -> (2, 332)
g1312: 		(2, 311) -> (2, 333)
g1313: 		(2, 312) -> (2, 334)
g1314: 		(2, 313) -> (2, 335)
g1315: 		(2, 314) -> (2, 336)
g1316: 		(2, 315) -> (2, 337)
g1317: 		(2, 316) -> (2, 338)
g1318: 		(2, 317) -> (1, 51)
g1319: 		(2, 318) -> (1, 52)
g1320: 		(2, 319) -> (1, 53)
g1321: 		(2, 320) -> (1, 54)
g1322: 		(2, 321) -> (1, 55)
g1323: 		(2, 322) -> (1, 56)
g1324: 		(2, 323) -> (1, 57)
g1325: 		(2, 324) -> (1, 58)
g1326: 		(2, 325) -> (2, 350)
g1327: 		(2, 326) -> (2, 351)
g1328: 		(2, 327) -> (2, 352)
g1329: 		(2, 328) -> (2, 353)
g1330: 		(2, 329) -> (2, 354)
g1331: 		(2, 330) -> (2, 355)
g1332: 		(2, 331) -> (2, 356)
g1333: 		(2, 332) -> (2, 357)
g1334: 		(2, 333) -> (2, 358)
g1335: 		(2, 334) -> (2, 360)
g1336: 		(2, 335) -> (2, 361)
g1337: 		(2, 336) -> (2, 362)
g1338: 		(2, 337) -> (1, 280)
g1339: 		(2, 338) -> (1, 281)
g1340: 		(2, 339) -> (1, 282)
g1341: 		(2, 340) -> (1, 283)
g1342: 		(2, 341) -> (1, 284)
g1343: 		(2, 342) -> (1, 285)
g1344: 		(2, 343) -> (1, 286)
g1345: 		(2, 344) -> (1, 287)
g1346: 		(2, 345) -> (2, 373)
g1347: 		(2, 346) -> (2, 374)
g1348: 		(2, 347) -> (2, 375)
g1349: 		(2, 348) -> (2, 376)
g1350: 		(2, 349) -> (2, 377)
g1351: 		(2, 350) -> (2, 378)
g1352: 		(2, 351) -> (2, 379)
g1353: 		(2, 352) -> (2, 380)
g1354: 		(2, 353) -> (2, 381)
g1355: 		(2, 354) -> (2, 382)
g1356: 		(2, 355) -> (2, 383)
g1357: 		(2, 356) -> (2, 384)
g1358: 		(2, 357) -> (2, 385)
g1359: 		(2, 358) -> (2, 386)
g1360: 		(2, 359) -> (2, 387)
g1361: 		(2, 360) -> (2, 388)
g1362: 		(2, 361) -> (2, 389)
g1363: 		(2, 362) -> (2, 390)
g1364: 		(2, 363) -> (2, 391)
g1365: 		(2, 364) -> (2, 392)
g1366: 		(2, 365) -> (2, 393)
g1367: 		(2, 366) -> (2, 394)
g1368: 		(2, 367) -> (2, 395)
g1369: 		(2, 368) -> (2, 396)
g1370: 		(2, 369) -> (2, 397)
g1371: 		(2, 370) -> (2, 398)
g1372: 		(2, 371) -> (2, 399)
g1373: 		(2, 372) -> (2, 400)
g1374: 		(2, 373) -> (2, 401)
g1375: 		(2, 374) -> (2, 408)
g1376: 		(2, 375) -> (2, 409)
g1377: 		(2, 376) -> (2, 410)
g1378: 		(2, 377) -> (2, 411)
g1379: 		(2, 378) -> (2, 412)
g1380: 		(2, 379) -> (2, 413)
g1381: 		(2, 380) -> (2, 414)
g1382: 		(2, 381) -> (2, 415)
g1383: 		(2, 382) -> (2, 416)
g1384: 		(2, 383) -> (2, 417)
g1385: 		(2, 384) -> (2, 418)
g1386: 		(2, 385) -> (2, 419)
g1387: 		(2, 386) -> (2, 420)
g1388: 		(2, 387) -> (2, 421)
g1389: 		(2, 388) -> (2, 422)
g1390: 		(2, 389) -> (2, 423)
g1391: 		(2, 390) -> (2, 424)
g1392: 		(2, 391) -> (2, 425)
g1393: 		(2, 392) -> (2, 426)
g1394: 		(2, 393) -> (2, 427)
g1395: 		(2, 394) -> (2, 428)
g1396: 		(2, 395) -> (2, 430)
g1397: 		(2, 396) -> (2, 431)
g1398: 		(2, 397) -> (2, 432)
g1399: 		(2, 398) -> (2, 433)
g1400: 		(2, 399) -> (2, 434)
g1401: 		(2, 400) -> (2, 435)
g1402: 		(2, 401) -> (2, 436)
g1403: 		(2, 402) -> (2, 237)
g1404: 		(2, 403) -> (2, 238)
g1405: 		(2, 404) -> (2, 239)
g1406: 		(2, 405) -> (2, 240)
g1407: 		(2, 406) -> (2, 241)
g1408: 		(2, 407) -> (2, 242)
g1409: 		(2, 408) -> (2, 243)
g1410: 		(2, 409) -> (2, 244)
g1411: 		(2, 410) -> (2, 245)
g1412: 		(2, 411) -> (2, 437)
g1413: 		(2, 412) -> (2, 438)
g1414: 		(2, 413) -> (2, 439)
g1415: 		(2, 414) -> (2, 312)
g1416: 		(2, 415) -> (2, 313)
g1417: 		(2, 416) -> (2, 314)
g1418: 		(2, 417) -> (2, 315)
g1419: 		(2, 418) -> (2, 316)
g1420: 		(2, 419) -> (2, 317)
g1421: 		(2, 420) -> (2, 318)
g1422: 		(2, 421) -> (0, 49)
g1423: 		(2, 422) -> (2, 440)
g1424: 		(2, 423) -> (2, 441)
g1425: 		(2, 424) -> (2, 402)
g1426: 		(2, 425) -> (2, 403)
g1427: 		(2, 426) -> (2, 404)
g1428: 		(2, 427) -> (2, 405)
g1429: 		(2, 428) -> (2, 406)
g1430: 		(2, 429) -> (2, 407)
g1431: 		(2, 430) -> (2, 442)
g1432: 		(2, 431) -> (2, 443)
g1433: 		(2, 432) -> (2, 444)
g1434: 		(2, 433) -> (2, 445)
g1435: 		(2, 434) -> (2, 446)
g1436: 		(2, 435) -> (2, 447)
g1437: 		(2, 436) -> (2, 448)
g1438: 		(2, 437) -> (2, 449)
g1439: 		(2, 438) -> (2, 450)
g1440: 		(2, 439) -> (2, 451)
g1441: 		(2, 440) -> (2, 452)
g1442: 		(2, 441) -> (2, 453)
g1443: 		(2, 442) -> (2, 454)
g1444: 		(2, 443) -> (2, 455)
g1445: 		(2, 444) -> (2, 456)
g1446: 		(2, 445) -> (2, 457)
g1447: 		(2, 446) -> (2, 458)
g1448: 		(2, 447) -> (2, 459)
g1449: 		(2, 448) -> (2, 460)
g1450: 		(2, 449) -> (2, 461)
g1451: 		(2, 450) -> (2, 462)
g1452: 		(2, 451) -> (2, 463)
g1453: 		(2, 452) -> (0, 40)
g1454: 		(2, 453) -> (0, 41)
g1455: 		(2, 454) -> (0, 158)
g1456: 		(2, 455) -> (2, 59)
g1457: 		(2, 456) -> (2, 60)
g1458: 		(2, 457) -> (2, 61)
g1459: 		(2, 458) -> (2, 62)
g1460: 		(2, 459) -> (2, 63)
g1461: 		(2, 460) -> (2, 464)
g1462: 		(2, 461) -> (2, 465)
g1463: 		(2, 462) -> (2, 470)
g1464: 		(2, 463) -> (2, 471)
g1465: 		(2, 464) -> (2, 472)
g1466: 		(2, 465) -> (2, 487)
g1467: 		(2, 466) -> (2, 488)
g1468: 		(2, 467) -> (2, 489)
g1469: 		(2, 468) -> (2, 490)
g1470: 		(2, 469) -> (0, 114)
g1471: 		(2, 470) -> (0, 115)
g1472: 		(2, 471) -> (0, 116)
g1473: 		(2, 472) -> (3, 228)
g1474: 		(2, 473) -> (3, 229)
g1475: 		(2, 474) -> (3, 231)
g1476: 		(2, 475) -> (3, 232)
g1477: 		(2, 476) -> (1, 49)
g1478: 		(2, 477) -> (1, 50)
g1479: 		(2, 478) -> (2, 482)
g1480: 		(2, 479) -> (2, 483)
g1481: 		(2, 480) -> (2, 484)
g1482: 		(2, 481) -> (2, 485)
g1483: 		(2, 482) -> (2, 486)
g1484: 		(2, 483) -> (2, 492)
g1485: 		(2, 484) -> (2, 493)
g1486: 		(2, 485) -> (2, 494)
g1487: 		(2, 486) -> (2, 495)
g1488: 		(2, 487) -> (0, 438)
g1489: 		(2, 488) -> (0, 439)
g1490: 		(2, 489) -> (2, 504)
g1491: 		(2, 490) -> (2, 505)
g1492: 		(2, 491) -> (2, 506)
g1493: 		(2, 492) -> (2, 507)
g1494: 		(2, 493) -> (2, 509)
g1495: 		(2, 494) -> (2, 510)
g1496: 		(2, 495) -> (2, 511)
g1497: 		(2, 496) -> (2, 512)
g1498: 		(2, 497) -> (2, 513)
g1499: 		(2, 498) -> (2, 514)
g1500: 		(2, 499) -> (2, 515)
g1501: 		(3, 0) -> (0, 360)
g1502: 		(3, 1) -> (0, 361)
g1503: 		(3, 2) -> (3, 8)
g1504: 		(3, 3) -> (3, 9)
g1505: 		(3, 4) -> (3, 10)
g1506: 		(3, 5) -> (3, 11)
g1507: 		(3, 6) -> (3, 12)
g1508: 		(3, 7) -> (3, 13)
g1509: 		(3, 8) -> (3, 14)
g1510: 		(3, 9) -> (3, 15)
g1511: 		(3, 10) -> (3, 16)
g1512: 		(3, 11) -> (3, 17)
g1513: 		(3, 12) -> (3, 18)
g1514: 		(3, 13) -> (3, 19)
g1515: 		(3, 14) -> (3, 20)
g1516: 		(3, 15) -> (3, 21)
g1517: 		(3, 16) -> (3, 22)
g1518: 		(3, 17) -> (3, 23)
g1519: 		(3, 18) -> (3, 24)
g1520: 		(3, 19) -> (3, 25)
g1521: 		(3, 20) -> (3, 26)
g1522: 		(3, 21) -> (0, 412)
g1523: 		(3, 22) -> (0, 413)
g1524: 		(3, 23) -> (0, 414)
g1525: 		(3, 24) -> (0, 415)
g1526: 		(3, 25) -> (0, 416)
g1527: 		(3, 26) -> (0, 417)
g1528: 		(3, 27) -> (3, 32)
g1529: 		(3, 28) -> (3, 33)
g1530: 		(3, 29) -> (3, 34)
g1531: 		(3, 30) -> (3, 35)
g1532: 		(3, 31) -> (3, 36)
g1533: 		(3, 32) -> (3, 37)
g1534: 		(3, 33) -> (3, 38)
g1535: 		(3, 34) -> (1, 40)
g1536: 		(3, 35) -> (1, 41)
g1537: 		(3, 36) -> (1, 42)
g1538: 		(3, 37) -> (1, 43)
g1539: 		(3, 38) -> (1, 44)
g1540: 		(3, 39) -> (1, 45)
g1541: 		(3, 40) -> (3, 44)
g1542: 		(3, 41) -> (3, 45)
g1543: 		(3, 42) -> (3, 46)
g1544: 		(3, 43) -> (3, 47)
g1545: 		(3, 44) -> (3, 48)
g1546: 		(3, 45) -> (3, 49)
g1547: 		(3, 46) -> (3, 50)
g1548: 		(3, 47) -> (3, 51)
g1549: 		(3, 48) -> (3, 52)
g1550: 		(3, 49) -> (3, 53)
g1551: 		(3, 50) -> (3, 54)
g1552: 		(3, 51) -> (3, 55)
g1553: 		(3, 52) -> (3, 56)
g1554: 		(3, 53) -> (3, 59)
g1555: 		(3, 54) -> (3, 60)
g1556: 		(3, 55) -> (3, 61)
g1557: 		(3, 56) -> (3, 62)
g1558: 		(3, 57) -> (3, 63)
g1559: 		(3, 58) -> (3, 64)
g1560: 		(3, 59) -> (3, 65)
g1561: 		(3, 60) -> (3, 66)
g1562: 		(3, 61) -> (3, 67)
g1563: 		(3, 62) -> (3, 68)
g1564: 		(3, 63) -> (3, 69)
g1565: 		(3, 64) -> (3, 70)
g1566: 		(3, 65) -> (3, 71)
g1567: 		(3, 66) -> (3, 72)
g1568: 		(3, 67) -> (3, 73)
g1569: 		(3, 68) -> (3, 74)
g1570: 		(3, 69) -> (3, 75)
g1571: 		(3, 70) -> (3, 76)
g1572: 		(3, 71) -> (3, 77)
g1573: 		(3, 72) -> (3, 78)
g1574: 		(3, 73) -> (3, 79)
g1575: 		(3, 74) -> (3, 80)
g1576: 		(3, 75) -> (3, 81)
g1577: 		(3, 76) -> (3, 82)
g1578: 		(3, 77) -> (3, 83)
g1579: 		(3, 78) -> (3, 84)
g1580: 		(3, 79) -> (3, 85)
g1581: 		(3, 80) -> (3, 86)
g1582: 		(3, 81) -> (3, 87)
g1583: 		(3, 82) -> (3, 88)
g1584: 		(3, 83) -> (3, 184)
g1585: 		(3, 84) -> (3, 185)
g1586: 		(3, 85) -> (3, 186)
g1587: 		(3, 86) -> (3, 187)
g1588: 		(3, 87) -> (3, 188)
g1589: 		(3, 88) -> (3, 189)
g1590: 		(3, 89) -> (3, 190)
g1591: 		(3, 90) -> (3, 191)
g1592: 		(3, 91) -> (3, 192)
g1593: 		(3, 92) -> (3, 89)
g1594: 		(3, 93) -> (3, 90)
g1595: 		(3, 94) -> (3, 91)
g1596: 		(3, 95) -> (3, 92)
g1597: 		(3, 96) -> (3, 93)
g1598: 		(3, 97) -> (3, 94)
g1599: 		(3, 98) -> (3, 95)
g1600: 		(3, 99) -> (3, 96)
g1601: 		(3, 100) -> (3, 97)
g1602: 		(3, 101) -> (3, 98)
g1603: 		(3, 102) -> (3, 99)
g1604: 		(3, 103) -> (3, 100)
g1605: 		(3, 104) -> (3, 101)
g1606: 		(3, 105) -> (3, 102)
g1607: 		(3, 106) -> (3, 103)
g1608: 		(3, 107) -> (3, 104)
g1609: 		(3, 108) -> (3, 105)
g1610: 		(3, 109) -> (3, 106)
g1611: 		(3, 110) -> (3, 107)
g1612: 		(3, 111) -> (3, 108)
g1613: 		(3, 112) -> (3, 109)
g1614: 		(3, 113) -> (3, 110)
g1615: 		(3, 114) -> (3, 112)
g1616: 		(3, 115) -> (3, 113)
g1617: 		(3, 116) -> (3, 114)
g1618: 		(3, 117) -> (3, 115)
g1619: 		(3, 118) -> (3, 116)
g1620: 		(3, 119) -> (3, 117)
g1621: 		(3, 120) -> (3, 118)
g1622: 		(3, 121) -> (3, 119)
g1623: 		(3, 122) -> (3, 120)
g1624: 		(3, 123) -> (3, 121)
g1625: 		(3, 124) -> (0, 66)
g1626: 		(3, 125) -> (0, 67)
g1627: 		(3, 126) -> (0, 68)
g1628: 		(3, 127) -> (0, 69)
g1629: 		(3, 128) -> (0, 70)
g1630: 		(3, 129) -> (0, 344)
g1631: 		(3, 130) -> (3, 125)
g1632: 		(3, 131) -> (3, 126)
g1633: 		(3, 132) -> (3, 130)
g1634: 		(3, 133) -> (3, 131)
g1635: 		(3, 134) -> (3, 132)
g1636: 		(3, 135) -> (3, 133)
g1637: 		(3, 136) -> (3, 134)
g1638: 		(3, 137) -> (3, 135)
g1639: 		(3, 138) -> (3, 136)
g1640: 		(3, 139) -> (3, 137)
g1641: 		(3, 140) -> (3, 111)
g1642: 		(3, 141) -> (3, 138)
g1643: 		(3, 142) -> (3, 139)
g1644: 		(3, 143) -> (3, 140)
g1645: 		(3, 144) -> (3, 141)
g1646: 		(3, 145) -> (3, 142)
g1647: 		(3, 146) -> (3, 143)
g1648: 		(3, 147) -> (3, 144)
g1649: 		(3, 148) -> (3, 145)
g1650: 		(3, 149) -> (3, 146)
g1651: 		(3, 150) -> (3, 147)
g1652: 		(3, 151) -> (3, 148)
g1653: 		(3, 152) -> (3, 149)
g1654: 		(3, 153) -> (3, 150)
g1655: 		(3, 154) -> (3, 151)
g1656: 		(3, 155) -> (3, 152)
g1657: 		(3, 156) -> (3, 153)
g1658: 		(3, 157) -> (3, 154)
g1659: 		(3, 158) -> (3, 155)
g1660: 		(3, 159) -> (3, 156)
g1661: 		(3, 160) -> (3, 157)
g1662: 		(3, 161) -> (3, 158)
g1663: 		(3, 162) -> (3, 159)
g1664: 		(3, 163) -> (3, 160)
g1665: 		(3, 164) -> (3, 161)
g1666: 		(3, 165) -> (3, 162)
g1667: 		(3, 166) -> (3, 163)
g1668: 		(3, 167) -> (3, 164)
g1669: 		(3, 168) -> (3, 165)
g1670: 		(3, 169) -> (3, 166)
g1671: 		(3, 170) -> (3, 167)
g1672: 		(3, 171) -> (3, 168)
g1673: 		(3, 172) -> (3, 169)
g1674: 		(3, 173) -> (3, 170)
g1675: 		(3, 174) -> (3, 171)
g1676: 		(3, 175) -> (3, 172)
g1677: 		(3, 176) -> (3, 173)
g1678: 		(3, 177) -> (0, 404)
g1679: 		(3, 178) -> (0, 405)
g1680: 		(3, 179) -> (0, 406)
g1681: 		(3, 180) -> (0, 408)
g1682: 		(3, 181) -> (3, 181)
g1683: 		(3, 182) -> (3, 182)
g1684: 		(3, 183) -> (3, 183)
g1685: 		(3, 184) -> (3, 193)
g1686: 		(3, 185) -> (3, 194)
g1687: 		(3, 186) -> (3, 195)
g1688: 		(3, 187) -> (3, 196)
g1689: 		(3, 188) -> (3, 197)
g1690: 		(3, 189) -> (3, 198)
g1691: 		(3, 190) -> (3, 199)
g1692: 		(3, 191) -> (3, 200)
g1693: 		(3, 192) -> (3, 201)
g1694: 		(3, 193) -> (3, 202)
g1695: 		(3, 194) -> (3, 203)
g1696: 		(3, 195) -> (3, 204)
g1697: 		(3, 196) -> (3, 205)
g1698: 		(3, 197) -> (3, 206)
g1699: 		(3, 198) -> (3, 207)
g1700: 		(3, 199) -> (3, 208)
g1701: 		(3, 200) -> (3, 209)
g1702: 		(3, 201) -> (3, 210)
g1703: 		(3, 202) -> (3, 211)
g1704: 		(3, 203) -> (3, 212)
g1705: 		(3, 204) -> (3, 213)
g1706: 		(3, 205) -> (3, 214)
g1707: 		(3, 206) -> (3, 215)
g1708: 		(3, 207) -> (3, 217)
g1709: 		(3, 208) -> (3, 218)
g1710: 		(3, 209) -> (3, 219)
g1711: 		(3, 210) -> (3, 220)
g1712: 		(3, 211) -> (3, 221)
g1713: 		(3, 212) -> (0, 108)
g1714: 		(3, 213) -> (0, 109)
g1715: 		(3, 214) -> (0, 110)
g1716: 		(3, 215) -> (0, 111)
g1717: 		(3, 216) -> (0, 112)
g1718: 		(3, 217) -> (0, 113)
g1719: 		(3, 218) -> (2, 491)
g1720: 		(3, 219) -> (2, 473)
g1721: 		(3, 220) -> (2, 474)
g1722: 		(3, 221) -> (2, 475)
g1723: 		(3, 222) -> (2, 476)
g1724: 		(3, 223) -> (2, 477)
g1725: 		(3, 224) -> (3, 216)
g1726: 		(3, 225) -> (2, 478)
g1727: 		(3, 226) -> (1, 48)
g1728: 		(3, 227) -> (3, 233)
g1729: 		(3, 228) -> (3, 234)
g1730: 		(3, 229) -> (3, 235)
g1731: 		(3, 230) -> (3, 236)
g1732: 		(3, 231) -> (3, 237)
g1733: 		(3, 232) -> (1, 247)
g1734: 		(3, 233) -> (1, 248)
g1735: 		(3, 234) -> (1, 249)
g1736: 		(3, 235) -> (3, 41)
g1737: 		(3, 236) -> (3, 42)
g1738: 		(3, 237) -> (3, 43)
g1739: 		(3, 238) -> (3, 238)
g1740: 		(3, 239) -> (3, 239)
g1741: 		(3, 240) -> (3, 240)
g1742: 		(3, 241) -> (3, 241)
g1743: 		(3, 242) -> (3, 242)
g1744: 		(3, 243) -> (3, 243)
g1745: 		(3, 244) -> (3, 244)
g1746: 		(3, 245) -> (3, 245)
g1747: 		(3, 246) -> (3, 246)
g1748: 		(3, 247) -> (3, 247)
g1749: 		(3, 248) -> (3, 248)
g1750: 		(3, 249) -> (3, 249)
g1751: 		(3, 250) -> (3, 250)
g1752: 		(3, 251) -> (3, 251)
g1753: 		(3, 252) -> (3, 252)
g1754: 		(3, 253) -> (3, 253)
g1755: 		(3, 254) -> (3, 254)
g1756: 		(3, 255) -> (3, 255)
g1757: 		(3, 256) -> (3, 256)
g1758: 		(3, 257) -> (3, 257)
g1759: 		(3, 258) -> (3, 258)
g1760: 		(3, 259) -> (3, 259)
g1761: 		(3, 260) -> (3, 260)
g1762: 		(3, 261) -> (3, 261)
g1763: 		(3, 262) -> (3, 262)
g1764: 		(3, 263) -> (3, 263)
g1765: 		(3, 264) -> (3, 264)
g1766: 		(3, 265) -> (3, 265)
g1767: 		(3, 266) -> (3, 266)
g1768: 		(3, 267) -> (3, 267)
g1769: 		(3, 268) -> (3, 268)
g1770: 		(3, 269) -> (3, 269)
g1771: 		(3, 270) -> (3, 270)
g1772: 		(3, 271) -> (3, 271)
g1773: 		(3, 272) -> (3, 272)
g1774: 		(3, 273) -> (3, 273)
g1775: 		(3, 274) -> (3, 274)
g1776: 		(3, 275) -> (3, 275)
g1777: 		(3, 276) -> (3, 276)
g1778: 		(3, 277) -> (3, 277)
g1779: 		(3, 278) -> (3, 278)
g1780: 		(3, 279) -> (3, 279)
g1781: 		(3, 280) -> (3, 280)
g1782: 		(3, 281) -> (3, 281)
g1783: 		(3, 282) -> (3, 282)
g1784: 		(3, 283) -> (3, 283)
g1785: 		(3, 284) -> (3, 284)
g1786: 		(3, 285) -> (3, 285)
g1787: 		(3, 286) -> (3, 286)
g1788: 		(3, 287) -> (3, 287)
g1789: 		(3, 288) -> (3, 288)
g1790: 		(3, 289) -> (3, 289)
g1791: 		(3, 290) -> (3, 290)
g1792: 		(3, 291) -> (3, 291)
g1793: 		(3, 292) -> (3, 292)
g1794: 		(3, 293) -> (3, 293)
g1795: 		(3, 294) -> (3, 294)
g1796: 		(3, 295) -> (3, 295)
g1797: 		(3, 296) -> (3, 296)
g1798: 		(3, 297) -> (3, 297)
g1799: 		(3, 298) -> (3, 448)
g1800: 		(3, 299) -> (3, 449)
g1801: 		(3, 300) -> (3, 450)
g1802: 		(3, 301) -> (3, 451)
g1803: 		(3, 302) -> (3, 298)
g1804: 		(3, 303) -> (3, 299)
g1805: 		(3, 304) -> (3, 300)
g1806: 		(3, 305) -> (3, 301)
g1807: 		(3, 306) -> (3, 302)
g1808: 		(3, 307) -> (3, 303)
g1809: 		(3, 308) -> (3, 304)
g1810: 		(3, 309) -> (3, 305)
g1811: 		(3, 310) -> (3, 306)
g1812: 		(3, 311) -> (3, 307)
g1813: 		(3, 312) -> (3, 308)
g1814: 		(3, 313) -> (3, 309)
g1815: 		(3, 314) -> (3, 310)
g1816: 		(3, 315) -> (3, 311)
g1817: 		(3, 316) -> (3, 312)
g1818: 		(3, 317) -> (3, 313)
g1819: 		(3, 318) -> (3, 314)
g1820: 		(3, 319) -> (3, 315)
g1821: 		(3, 320) -> (3, 316)
g1822: 		(3, 321) -> (3, 317)
g1823: 		(3, 322) -> (3, 318)
g1824: 		(3, 323) -> (3, 319)
g1825: 		(3, 324) -> (3, 320)
g1826: 		(3, 325) -> (3, 321)
g1827: 		(3, 326) -> (3, 322)
g1828: 		(3, 327) -> (3, 323)
g1829: 		(3, 328) -> (3, 324)
g1830: 		(3, 329) -> (3, 325)
g1831: 		(3, 330) -> (3, 326)
g1832: 		(3, 331) -> (3, 327)
g1833: 		(3, 332) -> (3, 328)
g1834: 		(3, 333) -> (3, 329)
g1835: 		(3, 334) -> (3, 330)
g1836: 		(3, 335) -> (3, 331)
g1837: 		(3, 336) -> (3, 332)
g1838: 		(3, 337) -> (3, 333)
g1839: 		(3, 338) -> (3, 334)
g1840: 		(3, 339) -> (3, 335)
g1841: 		(3, 340) -> (3, 336)
g1842: 		(3, 341) -> (3, 337)
g1843: 		(3, 342) -> (3, 57)
g1844: 		(3, 343) -> (3, 58)
g1845: 		(3, 344) -> (3, 338)
g1846: 		(3, 345) -> (3, 339)
g1847: 		(3, 346) -> (3, 340)
g1848: 		(3, 347) -> (3, 341)
g1849: 		(3, 348) -> (3, 342)
g1850: 		(3, 349) -> (3, 343)
g1851: 		(3, 350) -> (3, 344)
g1852: 		(3, 351) -> (3, 345)
g1853: 		(3, 352) -> (3, 346)
g1854: 		(3, 353) -> (3, 347)
g1855: 		(3, 354) -> (3, 348)
g1856: 		(3, 355) -> (3, 349)
g1857: 		(3, 356) -> (3, 350)
g1858: 		(3, 357) -> (3, 351)
g1859: 		(3, 358) -> (3, 352)
g1860: 		(3, 359) -> (3, 353)
g1861: 		(3, 360) -> (3, 354)
g1862: 		(3, 361) -> (3, 355)
g1863: 		(3, 362) -> (3, 356)
g1864: 		(3, 363) -> (3, 357)
g1865: 		(3, 364) -> (3, 358)
g1866: 		(3, 365) -> (3, 359)
g1867: 		(3, 366) -> (3, 360)
g1868: 		(3, 367) -> (3, 361)
g1869: 		(3, 368) -> (3, 362)
g1870: 		(3, 369) -> (3, 363)
g1871: 		(3, 370) -> (3, 364)
g1872: 		(3, 371) -> (3, 365)
g1873: 		(3, 372) -> (3, 366)
g1874: 		(3, 373) -> (3, 367)
g1875: 		(3, 374) -> (3, 368)
g1876: 		(3, 375) -> (3, 369)
g1877: 		(3, 376) -> (1, 173)
g1878: 		(3, 377) -> (1, 174)
g1879: 		(3, 378) -> (1, 175)
g1880: 		(3, 379) -> (1, 176)
g1881: 		(3, 380) -> (1, 177)
g1882: 		(3, 381) -> (1, 178)
g1883: 		(3, 382) -> (1, 179)
g1884: 		(3, 383) -> (1, 180)
g1885: 		(3, 384) -> (1, 181)
g1886: 		(3, 385) -> (3, 379)
g1887: 		(3, 386) -> (1, 484)
g1888: 		(3, 387) -> (1, 485)
g1889: 		(3, 388) -> (1, 486)
g1890: 		(3, 389) -> (1, 487)
g1891: 		(3, 390) -> (3, 384)
g1892: 		(3, 391) -> (3, 385)
g1893: 		(3, 392) -> (3, 386)
g1894: 		(3, 393) -> (3, 387)
g1895: 		(3, 394) -> (3, 127)
g1896: 		(3, 395) -> (3, 128)
g1897: 		(3, 396) -> (1, 24)
g1898: 		(3, 397) -> (1, 25)
g1899: 		(3, 398) -> (1, 26)
g1900: 		(3, 399) -> (1, 27)
g1901: 		(3, 400) -> (1, 28)
g1902: 		(3, 401) -> (1, 29)
g1903: 		(3, 402) -> (1, 30)
g1904: 		(3, 403) -> (3, 389)
g1905: 		(3, 404) -> (3, 390)
g1906: 		(3, 405) -> (3, 391)
g1907: 		(3, 406) -> (3, 392)
g1908: 		(3, 407) -> (3, 393)
g1909: 		(3, 408) -> (3, 394)
g1910: 		(3, 409) -> (3, 395)
g1911: 		(3, 410) -> (3, 396)
g1912: 		(3, 411) -> (3, 397)
g1913: 		(3, 412) -> (1, 125)
g1914: 		(3, 413) -> (1, 126)
g1915: 		(3, 414) -> (1, 127)
g1916: 		(3, 415) -> (3, 402)
g1917: 		(3, 416) -> (3, 403)
g1918: 		(3, 417) -> (3, 404)
g1919: 		(3, 418) -> (3, 405)
g1920: 		(3, 419) -> (3, 406)
g1921: 		(3, 420) -> (3, 407)
g1922: 		(3, 421) -> (3, 408)
g1923: 		(3, 422) -> (0, 287)
g1924: 		(3, 423) -> (0, 288)
g1925: 		(3, 424) -> (3, 412)
g1926: 		(3, 425) -> (3, 413)
g1927: 		(3, 426) -> (1, 472)
g1928: 		(3, 427) -> (1, 473)
g1929: 		(3, 428) -> (3, 416)
g1930: 		(3, 429) -> (3, 417)
g1931: 		(3, 430) -> (3, 418)
g1932: 		(3, 431) -> (3, 419)
g1933: 		(3, 432) -> (3, 420)
g1934: 		(3, 433) -> (3, 421)
g1935: 		(3, 434) -> (3, 422)
g1936: 		(3, 435) -> (3, 423)
g1937: 		(3, 436) -> (3, 424)
g1938: 		(3, 437) -> (3, 425)
g1939: 		(3, 438) -> (3, 426)
g1940: 		(3, 439) -> (3, 427)
g1941: 		(3, 440) -> (3, 429)
g1942: 		(3, 441) -> (3, 430)
g1943: 		(3, 442) -> (3, 431)
g1944: 		(3, 443) -> (3, 432)
g1945: 		(3, 444) -> (3, 433)
g1946: 		(3, 445) -> (3, 434)
g1947: 		(3, 446) -> (3, 435)
g1948: 		(3, 447) -> (3, 436)
g1949: 		(3, 448) -> (3, 437)
g1950: 		(3, 449) -> (3, 438)
g1951: 		(3, 450) -> (3, 439)
g1952: 		(3, 451) -> (3, 440)
g1953: 		(3, 452) -> (3, 441)
g1954: 		(3, 453) -> (3, 442)
g1955: 		(3, 454) -> (3, 443)
g1956: 		(3, 455) -> (3, 444)
g1957: 		(3, 456) -> (3, 445)
g1958: 		(3, 457) -> (3, 446)
g1959: 		(3, 458) -> (0, 77)
g1960: 		(3, 459) -> (0, 78)
g1961: 		(3, 460) -> (3, 455)
g1962: 		(3, 461) -> (3, 456)
g1963: 		(3, 462) -> (3, 457)
g1964: 		(3, 463) -> (3, 458)
g1965: 		(3, 464) -> (3, 459)
g1966: 		(3, 465) -> (3, 460)
g1967: 		(3, 466) -> (3, 461)
g1968: 		(3, 467) -> (3, 463)
g1969: 		(3, 468) -> (3, 464)
g1970: 		(3, 469) -> (3, 465)
g1971: 		(3, 470) -> (3, 466)
g1972: 		(3, 471) -> (3, 467)
g1973: 		(3, 472) -> (3, 468)
g1974: 		(3, 473) -> (3, 469)
g1975: 		(3, 474) -> (3, 470)
g1976: 		(3, 475) -> (3, 471)
g1977: 		(3, 476) -> (3, 472)
g1978: 		(3, 477) -> (3, 473)
g1979: 		(3, 478) -> (3, 474)
g1980: 		(3, 479) -> (3, 475)
g1981: 		(3, 480) -> (3, 476)
g1982: 		(3, 481) -> (3, 477)
g1983: 		(3, 482) -> (3, 478)
g1984: 		(3, 483) -> (3, 479)
g1985: 		(3, 484) -> (1, 246)
g1986: 		(3, 485) -> (3, 483)
g1987: 		(3, 486) -> (3, 484)
g1988: 		(3, 487) -> (3, 485)
g1989: 		(3, 488) -> (3, 486)
g1990: 		(3, 489) -> (3, 487)
g1991: 		(3, 490) -> (3, 488)
g1992: 		(3, 491) -> (3, 489)
g1993: 		(3, 492) -> (3, 490)
g1994: 		(3, 493) -> (3, 491)
g1995: 		(3, 494) -> (3, 492)
g1996: 		(3, 495) -> (3, 493)
g1997: 		(3, 496) -> (3, 494)
g1998: 		(3, 497) -> (3, 495)
g1999: 		(3, 498) -> (3, 496)
g2000: 		(3, 499) -> (3, 497)


Floating duplications

Gene name: 		Position in Descendant
g125: 		(0, 279)
g1533: 		(3, 428)
g1525: 		(3, 230)
g52: 		(2, 367)
g138: 		(0, 407)
g370: 		(0, 378)
g1846: 		(3, 462)
g1445: 		(2, 508)
g1111: 		(2, 147)
g795: 		(1, 441)
g723: 		(1, 341)
g1271: 		(2, 429)
