No. of chromosomes in A: 	4
No. of chromosomes in D: 	4

No. of genes in A = 2000
No. of genes in D = 2049

No.of genes in D after removing TDAs: 2026
No.of genes in D after removing duplicate SGCCs: 2026


No. of adjacencies in common: 1744

List of common adjacencies: 

[['g1', 'h'], ['g2', 'h']]
[['g2', 't'], ['g3', 't']]
[['g3', 'h'], ['g4', 't']]
[['g5', 't'], ['g6', 'h']]
[['g8', 'h'], ['g9', 't']]
[['g9', 'h'], ['g10', 't']]
[['g10', 'h'], ['g11', 't']]
[['g12', 'h'], ['g13', 'h']]
[['g13', 't'], ['g14', 't']]
[['g15', 't'], ['g16', 't']]
[['g16', 'h'], ['g17', 'h']]
[['g17', 't'], ['g18', 't']]
[['g18', 'h'], ['g19', 't']]
[['g19', 'h'], ['g20', 't']]
[['g20', 'h'], ['g21', 't']]
[['g21', 'h'], ['g22', 't']]
[['g22', 'h'], ['g23', 'h']]
[['g23', 't'], ['g24', 'h']]
[['g24', 't'], ['g25', 'h']]
[['g25', 't'], ['g26', 't']]
[['g26', 'h'], ['g27', 't']]
[['g27', 'h'], ['g28', 't']]
[['g28', 'h'], ['g29', 't']]
[['g29', 'h'], ['g30', 'h']]
[['g30', 't'], ['g31', 't']]
[['g31', 'h'], ['g32', 't']]
[['g32', 'h'], ['g33', 'h']]
[['g33', 't'], ['g34', 't']]
[['g34', 'h'], ['g35', 't']]
[['g35', 'h'], ['g36', 'h']]
[['g36', 't'], ['g37', 'h']]
[['g38', 'h'], ['g39', 't']]
[['g39', 'h'], ['g40', 'h']]
[['g41', 'h'], ['g42', 't']]
[['g42', 'h'], ['g43', 't']]
[['g43', 'h'], ['g44', 't']]
[['g44', 'h'], ['g45', 't']]
[['g45', 'h'], ['g46', 't']]
[['g46', 'h'], ['g47', 't']]
[['g47', 'h'], ['g48', 't']]
[['g48', 'h'], ['g49', 'h']]
[['g49', 't'], ['g50', 'h']]
[['g51', 'h'], ['g52', 't']]
[['g52', 'h'], ['g53', 't']]
[['g53', 'h'], ['g54', 't']]
[['g54', 'h'], ['g55', 't']]
[['g55', 'h'], ['g56', 't']]
[['g57', 'h'], ['g58', 't']]
[['g58', 'h'], ['g59', 't']]
[['g59', 'h'], ['g60', 't']]
[['g60', 'h'], ['g61', 't']]
[['g62', 'h'], ['g63', 't']]
[['g63', 'h'], ['g64', 't']]
[['g64', 'h'], ['g65', 't']]
[['g65', 'h'], ['g66', 'h']]
[['g66', 't'], ['g67', 't']]
[['g67', 'h'], ['g68', 't']]
[['g68', 'h'], ['g69', 't']]
[['g69', 'h'], ['g70', 'h']]
[['g70', 't'], ['g71', 'h']]
[['g72', 'h'], ['g73', 't']]
[['g73', 'h'], ['g74', 't']]
[['g74', 'h'], ['g75', 't']]
[['g75', 'h'], ['g76', 't']]
[['g77', 'h'], ['g78', 't']]
[['g80', 'h'], ['g81', 'h']]
[['g81', 't'], ['g82', 't']]
[['g82', 'h'], ['g83', 'h']]
[['g83', 't'], ['g84', 't']]
[['g84', 'h'], ['g85', 'h']]
[['g85', 't'], ['g86', 't']]
[['g86', 'h'], ['g87', 't']]
[['g87', 'h'], ['g88', 'h']]
[['g88', 't'], ['g89', 'h']]
[['g89', 't'], ['g90', 't']]
[['g90', 'h'], ['g91', 't']]
[['g91', 'h'], ['g92', 't']]
[['g93', 'h'], ['g94', 't']]
[['g94', 'h'], ['g95', 't']]
[['g95', 'h'], ['g96', 'h']]
[['g96', 't'], ['g97', 't']]
[['g97', 'h'], ['g98', 't']]
[['g99', 't'], ['g100', 'h']]
[['g100', 't'], ['g101', 't']]
[['g101', 'h'], ['g102', 't']]
[['g102', 'h'], ['g103', 't']]
[['g103', 'h'], ['g104', 't']]
[['g104', 'h'], ['g105', 't']]
[['g106', 'h'], ['g107', 't']]
[['g107', 'h'], ['g108', 't']]
[['g108', 'h'], ['g109', 't']]
[['g109', 'h'], ['g110', 't']]
[['g110', 'h'], ['g111', 't']]
[['g111', 'h'], ['g112', 't']]
[['g112', 'h'], ['g113', 't']]
[['g113', 'h'], ['g114', 't']]
[['g114', 'h'], ['g115', 't']]
[['g115', 'h'], ['g116', 't']]
[['g116', 'h'], ['g117', 't']]
[['g117', 'h'], ['g118', 'h']]
[['g118', 't'], ['g119', 't']]
[['g119', 'h'], ['g120', 't']]
[['g120', 'h'], ['g121', 't']]
[['g121', 'h'], ['g122', 't']]
[['g122', 'h'], ['g123', 't']]
[['g123', 'h'], ['g124', 't']]
[['g124', 'h'], ['g125', 't']]
[['g125', 'h'], ['g126', 'h']]
[['g126', 't'], ['g127', 'h']]
[['g127', 't'], ['g128', 'h']]
[['g128', 't'], ['g129', 't']]
[['g129', 'h'], ['g130', 'h']]
[['g130', 't'], ['g131', 't']]
[['g131', 'h'], ['g132', 't']]
[['g132', 'h'], ['g133', 't']]
[['g133', 'h'], ['g134', 't']]
[['g134', 'h'], ['g135', 't']]
[['g135', 'h'], ['g136', 't']]
[['g136', 'h'], ['g137', 't']]
[['g137', 'h'], ['g138', 't']]
[['g138', 'h'], ['g139', 't']]
[['g139', 'h'], ['g140', 't']]
[['g140', 'h'], ['g141', 'h']]
[['g141', 't'], ['g142', 't']]
[['g142', 'h'], ['g143', 't']]
[['g143', 'h'], ['g144', 't']]
[['g144', 'h'], ['g145', 't']]
[['g145', 'h'], ['g146', 't']]
[['g146', 'h'], ['g147', 't']]
[['g147', 'h'], ['g148', 't']]
[['g148', 'h'], ['g149', 't']]
[['g151', 'h'], ['g152', 't']]
[['g152', 'h'], ['g153', 't']]
[['g153', 'h'], ['g154', 't']]
[['g154', 'h'], ['g155', 't']]
[['g155', 'h'], ['g156', 't']]
[['g156', 'h'], ['g157', 'h']]
[['g157', 't'], ['g158', 't']]
[['g159', 'h'], ['g160', 't']]
[['g160', 'h'], ['g161', 't']]
[['g161', 'h'], ['g162', 't']]
[['g162', 'h'], ['g163', 'h']]
[['g165', 't'], ['g166', 'h']]
[['g166', 't'], ['g167', 't']]
[['g168', 't'], ['g169', 't']]
[['g169', 'h'], ['g170', 't']]
[['g170', 'h'], ['g171', 't']]
[['g171', 'h'], ['g172', 't']]
[['g172', 'h'], ['g173', 'h']]
[['g173', 't'], ['g174', 't']]
[['g175', 't'], ['g176', 't']]
[['g176', 'h'], ['g177', 'h']]
[['g177', 't'], ['g178', 'h']]
[['g178', 't'], ['g179', 't']]
[['g179', 'h'], ['g180', 't']]
[['g180', 'h'], ['g181', 't']]
[['g181', 'h'], ['g182', 't']]
[['g182', 'h'], ['g183', 't']]
[['g183', 'h'], ['g184', 'h']]
[['g184', 't'], ['g185', 't']]
[['g185', 'h'], ['g186', 't']]
[['g186', 'h'], ['g187', 't']]
[['g187', 'h'], ['g188', 't']]
[['g188', 'h'], ['g189', 'h']]
[['g189', 't'], ['g190', 't']]
[['g190', 'h'], ['g191', 't']]
[['g191', 'h'], ['g192', 't']]
[['g192', 'h'], ['g193', 't']]
[['g193', 'h'], ['g194', 't']]
[['g194', 'h'], ['g195', 't']]
[['g196', 'h'], ['g197', 't']]
[['g198', 'h'], ['g199', 't']]
[['g199', 'h'], ['g200', 't']]
[['g200', 'h'], ['g201', 't']]
[['g201', 'h'], ['g202', 'h']]
[['g202', 't'], ['g203', 't']]
[['g203', 'h'], ['g204', 't']]
[['g204', 'h'], ['g205', 't']]
[['g205', 'h'], ['g206', 't']]
[['g206', 'h'], ['g207', 'h']]
[['g207', 't'], ['g208', 't']]
[['g208', 'h'], ['g209', 'h']]
[['g210', 't'], ['g211', 't']]
[['g211', 'h'], ['g212', 'h']]
[['g212', 't'], ['g213', 't']]
[['g213', 'h'], ['g214', 't']]
[['g215', 'h'], ['g216', 'h']]
[['g217', 'h'], ['g218', 't']]
[['g218', 'h'], ['g219', 't']]
[['g219', 'h'], ['g220', 't']]
[['g220', 'h'], ['g221', 't']]
[['g221', 'h'], ['g222', 'h']]
[['g222', 't'], ['g223', 't']]
[['g223', 'h'], ['g224', 't']]
[['g224', 'h'], ['g225', 'h']]
[['g225', 't'], ['g226', 't']]
[['g226', 'h'], ['g227', 't']]
[['g227', 'h'], ['g228', 'h']]
[['g230', 'h'], ['g231', 't']]
[['g231', 'h'], ['g232', 't']]
[['g232', 'h'], ['g233', 't']]
[['g233', 'h'], ['g234', 't']]
[['g234', 'h'], ['g235', 't']]
[['g235', 'h'], ['g236', 't']]
[['g236', 'h'], ['g237', 't']]
[['g237', 'h'], ['g238', 't']]
[['g238', 'h'], ['g239', 't']]
[['g239', 'h'], ['g240', 't']]
[['g240', 'h'], ['g241', 't']]
[['g241', 'h'], ['g242', 't']]
[['g242', 'h'], ['g243', 't']]
[['g243', 'h'], ['g244', 't']]
[['g244', 'h'], ['g245', 't']]
[['g245', 'h'], ['g246', 't']]
[['g246', 'h'], ['g247', 't']]
[['g247', 'h'], ['g248', 'h']]
[['g248', 't'], ['g249', 't']]
[['g249', 'h'], ['g250', 'h']]
[['g250', 't'], ['g251', 't']]
[['g251', 'h'], ['g252', 'h']]
[['g252', 't'], ['g253', 't']]
[['g253', 'h'], ['g254', 'h']]
[['g254', 't'], ['g255', 'h']]
[['g255', 't'], ['g256', 't']]
[['g256', 'h'], ['g257', 't']]
[['g257', 'h'], ['g258', 't']]
[['g258', 'h'], ['g259', 'h']]
[['g259', 't'], ['g260', 'h']]
[['g260', 't'], ['g261', 'h']]
[['g261', 't'], ['g262', 't']]
[['g263', 't'], ['g264', 't']]
[['g264', 'h'], ['g265', 't']]
[['g265', 'h'], ['g266', 't']]
[['g266', 'h'], ['g267', 't']]
[['g267', 'h'], ['g268', 't']]
[['g268', 'h'], ['g269', 't']]
[['g269', 'h'], ['g270', 't']]
[['g270', 'h'], ['g271', 'h']]
[['g271', 't'], ['g272', 't']]
[['g273', 'h'], ['g274', 't']]
[['g275', 'h'], ['g276', 't']]
[['g277', 'h'], ['g278', 't']]
[['g278', 'h'], ['g279', 't']]
[['g279', 'h'], ['g280', 't']]
[['g280', 'h'], ['g281', 't']]
[['g281', 'h'], ['g282', 't']]
[['g282', 'h'], ['g283', 't']]
[['g283', 'h'], ['g284', 'h']]
[['g284', 't'], ['g285', 'h']]
[['g286', 'h'], ['g287', 't']]
[['g287', 'h'], ['g288', 't']]
[['g288', 'h'], ['g289', 't']]
[['g289', 'h'], ['g290', 't']]
[['g290', 'h'], ['g291', 'h']]
[['g291', 't'], ['g292', 't']]
[['g292', 'h'], ['g293', 't']]
[['g293', 'h'], ['g294', 't']]
[['g294', 'h'], ['g295', 't']]
[['g295', 'h'], ['g296', 't']]
[['g296', 'h'], ['g297', 't']]
[['g297', 'h'], ['g298', 't']]
[['g298', 'h'], ['g299', 't']]
[['g299', 'h'], ['g300', 'h']]
[['g300', 't'], ['g301', 't']]
[['g301', 'h'], ['g302', 't']]
[['g303', 'h'], ['g304', 't']]
[['g304', 'h'], ['g305', 't']]
[['g306', 'h'], ['g307', 'h']]
[['g309', 'h'], ['g310', 't']]
[['g310', 'h'], ['g311', 't']]
[['g311', 'h'], ['g312', 'h']]
[['g313', 'h'], ['g314', 't']]
[['g315', 't'], ['g316', 't']]
[['g316', 'h'], ['g317', 'h']]
[['g317', 't'], ['g318', 't']]
[['g318', 'h'], ['g319', 't']]
[['g320', 'h'], ['g321', 't']]
[['g321', 'h'], ['g322', 't']]
[['g322', 'h'], ['g323', 't']]
[['g323', 'h'], ['g324', 'h']]
[['g324', 't'], ['g325', 't']]
[['g326', 'h'], ['g327', 't']]
[['g327', 'h'], ['g328', 'h']]
[['g328', 't'], ['g329', 't']]
[['g329', 'h'], ['g330', 't']]
[['g330', 'h'], ['g331', 'h']]
[['g331', 't'], ['g332', 't']]
[['g333', 'h'], ['g334', 't']]
[['g334', 'h'], ['g335', 't']]
[['g335', 'h'], ['g336', 't']]
[['g336', 'h'], ['g337', 't']]
[['g337', 'h'], ['g338', 'h']]
[['g338', 't'], ['g339', 't']]
[['g339', 'h'], ['g340', 't']]
[['g340', 'h'], ['g341', 'h']]
[['g341', 't'], ['g342', 't']]
[['g342', 'h'], ['g343', 't']]
[['g343', 'h'], ['g344', 'h']]
[['g344', 't'], ['g345', 't']]
[['g345', 'h'], ['g346', 't']]
[['g346', 'h'], ['g347', 't']]
[['g347', 'h'], ['g348', 't']]
[['g348', 'h'], ['g349', 't']]
[['g349', 'h'], ['g350', 'h']]
[['g350', 't'], ['g351', 'h']]
[['g351', 't'], ['g352', 't']]
[['g354', 'h'], ['g355', 't']]
[['g355', 'h'], ['g356', 'h']]
[['g356', 't'], ['g357', 'h']]
[['g357', 't'], ['g358', 't']]
[['g358', 'h'], ['g359', 't']]
[['g359', 'h'], ['g360', 't']]
[['g360', 'h'], ['g361', 't']]
[['g361', 'h'], ['g362', 't']]
[['g362', 'h'], ['g363', 't']]
[['g363', 'h'], ['g364', 't']]
[['g364', 'h'], ['g365', 't']]
[['g365', 'h'], ['g366', 't']]
[['g366', 'h'], ['g367', 't']]
[['g367', 'h'], ['g368', 't']]
[['g368', 'h'], ['g369', 'h']]
[['g369', 't'], ['g370', 't']]
[['g370', 'h'], ['g371', 't']]
[['g371', 'h'], ['g372', 't']]
[['g373', 'h'], ['g374', 't']]
[['g374', 'h'], ['g375', 't']]
[['g375', 'h'], ['g376', 't']]
[['g376', 'h'], ['g377', 't']]
[['g377', 'h'], ['g378', 't']]
[['g378', 'h'], ['g379', 't']]
[['g379', 'h'], ['g380', 'h']]
[['g380', 't'], ['g381', 't']]
[['g381', 'h'], ['g382', 't']]
[['g382', 'h'], ['g383', 'h']]
[['g383', 't'], ['g384', 't']]
[['g385', 'h'], ['g386', 't']]
[['g386', 'h'], ['g387', 't']]
[['g387', 'h'], ['g388', 't']]
[['g388', 'h'], ['g389', 't']]
[['g389', 'h'], ['g390', 'h']]
[['g390', 't'], ['g391', 'h']]
[['g391', 't'], ['g392', 'h']]
[['g392', 't'], ['g393', 'h']]
[['g393', 't'], ['g394', 't']]
[['g394', 'h'], ['g395', 't']]
[['g395', 'h'], ['g396', 't']]
[['g396', 'h'], ['g397', 'h']]
[['g397', 't'], ['g398', 't']]
[['g398', 'h'], ['g399', 'h']]
[['g399', 't'], ['g400', 't']]
[['g400', 'h'], ['g401', 'h']]
[['g401', 't'], ['g402', 'h']]
[['g402', 't'], ['g403', 't']]
[['g403', 'h'], ['g404', 't']]
[['g404', 'h'], ['g405', 'h']]
[['g405', 't'], ['g406', 't']]
[['g407', 'h'], ['g408', 't']]
[['g408', 'h'], ['g409', 't']]
[['g410', 'h'], ['g411', 't']]
[['g411', 'h'], ['g412', 't']]
[['g412', 'h'], ['g413', 'h']]
[['g413', 't'], ['g414', 'h']]
[['g415', 'h'], ['g416', 't']]
[['g416', 'h'], ['g417', 't']]
[['g418', 't'], ['g419', 't']]
[['g419', 'h'], ['g420', 't']]
[['g420', 'h'], ['g421', 't']]
[['g421', 'h'], ['g422', 't']]
[['g422', 'h'], ['g423', 'h']]
[['g424', 'h'], ['g425', 't']]
[['g425', 'h'], ['g426', 't']]
[['g426', 'h'], ['g427', 't']]
[['g427', 'h'], ['g428', 'h']]
[['g428', 't'], ['g429', 't']]
[['g429', 'h'], ['g430', 't']]
[['g430', 'h'], ['g431', 't']]
[['g431', 'h'], ['g432', 't']]
[['g432', 'h'], ['g433', 'h']]
[['g433', 't'], ['g434', 't']]
[['g435', 'h'], ['g436', 't']]
[['g436', 'h'], ['g437', 't']]
[['g437', 'h'], ['g438', 'h']]
[['g439', 'h'], ['g440', 't']]
[['g440', 'h'], ['g441', 'h']]
[['g441', 't'], ['g442', 't']]
[['g442', 'h'], ['g443', 't']]
[['g444', 'h'], ['g445', 't']]
[['g445', 'h'], ['g446', 't']]
[['g446', 'h'], ['g447', 't']]
[['g448', 'h'], ['g449', 'h']]
[['g449', 't'], ['g450', 'h']]
[['g450', 't'], ['g451', 'h']]
[['g451', 't'], ['g452', 't']]
[['g452', 'h'], ['g453', 't']]
[['g453', 'h'], ['g454', 't']]
[['g454', 'h'], ['g455', 't']]
[['g455', 'h'], ['g456', 't']]
[['g456', 'h'], ['g457', 't']]
[['g457', 'h'], ['g458', 't']]
[['g458', 'h'], ['g459', 't']]
[['g459', 'h'], ['g460', 't']]
[['g461', 'h'], ['g462', 'h']]
[['g462', 't'], ['g463', 'h']]
[['g464', 'h'], ['g465', 't']]
[['g466', 'h'], ['g467', 'h']]
[['g467', 't'], ['g468', 'h']]
[['g468', 't'], ['g469', 't']]
[['g469', 'h'], ['g470', 't']]
[['g470', 'h'], ['g471', 't']]
[['g471', 'h'], ['g472', 't']]
[['g472', 'h'], ['g473', 't']]
[['g473', 'h'], ['g474', 't']]
[['g474', 'h'], ['g475', 't']]
[['g475', 'h'], ['g476', 'h']]
[['g477', 'h'], ['g478', 't']]
[['g478', 'h'], ['g479', 't']]
[['g479', 'h'], ['g480', 't']]
[['g480', 'h'], ['g481', 't']]
[['g481', 'h'], ['g482', 't']]
[['g482', 'h'], ['g483', 't']]
[['g483', 'h'], ['g484', 't']]
[['g484', 'h'], ['g485', 't']]
[['g485', 'h'], ['g486', 't']]
[['g486', 'h'], ['g487', 't']]
[['g489', 'h'], ['g490', 't']]
[['g490', 'h'], ['g491', 'h']]
[['g491', 't'], ['g492', 't']]
[['g492', 'h'], ['g493', 'h']]
[['g493', 't'], ['g494', 't']]
[['g494', 'h'], ['g495', 't']]
[['g495', 'h'], ['g496', 't']]
[['g496', 'h'], ['g497', 't']]
[['g499', 'h'], ['g500', 't']]
[['g501', 'h'], ['g502', 't']]
[['g502', 'h'], ['g503', 't']]
[['g504', 'h'], ['g505', 'h']]
[['g505', 't'], ['g506', 'h']]
[['g506', 't'], ['g507', 't']]
[['g507', 'h'], ['g508', 't']]
[['g508', 'h'], ['g509', 't']]
[['g509', 'h'], ['g510', 't']]
[['g511', 'h'], ['g512', 'h']]
[['g512', 't'], ['g513', 't']]
[['g513', 'h'], ['g514', 't']]
[['g514', 'h'], ['g515', 'h']]
[['g515', 't'], ['g516', 't']]
[['g516', 'h'], ['g517', 't']]
[['g517', 'h'], ['g518', 't']]
[['g519', 'h'], ['g520', 't']]
[['g520', 'h'], ['g521', 'h']]
[['g521', 't'], ['g522', 't']]
[['g522', 'h'], ['g523', 'h']]
[['g523', 't'], ['g524', 't']]
[['g524', 'h'], ['g525', 't']]
[['g525', 'h'], ['g526', 't']]
[['g526', 'h'], ['g527', 't']]
[['g527', 'h'], ['g528', 't']]
[['g528', 'h'], ['g529', 't']]
[['g529', 'h'], ['g530', 't']]
[['g530', 'h'], ['g531', 't']]
[['g531', 'h'], ['g532', 't']]
[['g532', 'h'], ['g533', 't']]
[['g534', 'h'], ['g535', 't']]
[['g535', 'h'], ['g536', 'h']]
[['g536', 't'], ['g537', 't']]
[['g537', 'h'], ['g538', 't']]
[['g538', 'h'], ['g539', 'h']]
[['g539', 't'], ['g540', 't']]
[['g540', 'h'], ['g541', 't']]
[['g541', 'h'], ['g542', 't']]
[['g542', 'h'], ['g543', 'h']]
[['g544', 't'], ['g545', 't']]
[['g545', 'h'], ['g546', 't']]
[['g546', 'h'], ['g547', 'h']]
[['g548', 'h'], ['g549', 'h']]
[['g549', 't'], ['g550', 't']]
[['g551', 't'], ['g552', 'h']]
[['g552', 't'], ['g553', 'h']]
[['g554', 'h'], ['g555', 't']]
[['g555', 'h'], ['g556', 'h']]
[['g556', 't'], ['g557', 't']]
[['g557', 'h'], ['g558', 't']]
[['g558', 'h'], ['g559', 'h']]
[['g559', 't'], ['g560', 'h']]
[['g560', 't'], ['g561', 't']]
[['g561', 'h'], ['g562', 't']]
[['g562', 'h'], ['g563', 't']]
[['g563', 'h'], ['g564', 'h']]
[['g564', 't'], ['g565', 't']]
[['g567', 'h'], ['g568', 't']]
[['g568', 'h'], ['g569', 't']]
[['g569', 'h'], ['g570', 't']]
[['g570', 'h'], ['g571', 't']]
[['g571', 'h'], ['g572', 't']]
[['g572', 'h'], ['g573', 't']]
[['g573', 'h'], ['g574', 't']]
[['g574', 'h'], ['g575', 't']]
[['g575', 'h'], ['g576', 't']]
[['g577', 't'], ['g578', 't']]
[['g578', 'h'], ['g579', 't']]
[['g579', 'h'], ['g580', 'h']]
[['g581', 'h'], ['g582', 't']]
[['g582', 'h'], ['g583', 't']]
[['g583', 'h'], ['g584', 'h']]
[['g584', 't'], ['g585', 'h']]
[['g585', 't'], ['g586', 't']]
[['g586', 'h'], ['g587', 't']]
[['g587', 'h'], ['g588', 'h']]
[['g588', 't'], ['g589', 't']]
[['g589', 'h'], ['g590', 't']]
[['g590', 'h'], ['g591', 't']]
[['g591', 'h'], ['g592', 't']]
[['g592', 'h'], ['g593', 't']]
[['g593', 'h'], ['g594', 't']]
[['g594', 'h'], ['g595', 't']]
[['g595', 'h'], ['g596', 't']]
[['g596', 'h'], ['g597', 't']]
[['g597', 'h'], ['g598', 't']]
[['g599', 'h'], ['g600', 't']]
[['g600', 'h'], ['g601', 't']]
[['g601', 'h'], ['g602', 't']]
[['g602', 'h'], ['g603', 't']]
[['g603', 'h'], ['g604', 't']]
[['g604', 'h'], ['g605', 't']]
[['g605', 'h'], ['g606', 't']]
[['g606', 'h'], ['g607', 'h']]
[['g607', 't'], ['g608', 't']]
[['g608', 'h'], ['g609', 't']]
[['g609', 'h'], ['g610', 't']]
[['g610', 'h'], ['g611', 'h']]
[['g611', 't'], ['g612', 't']]
[['g613', 't'], ['g614', 't']]
[['g614', 'h'], ['g615', 'h']]
[['g615', 't'], ['g616', 't']]
[['g616', 'h'], ['g617', 't']]
[['g617', 'h'], ['g618', 't']]
[['g618', 'h'], ['g619', 't']]
[['g619', 'h'], ['g620', 't']]
[['g620', 'h'], ['g621', 'h']]
[['g621', 't'], ['g622', 't']]
[['g622', 'h'], ['g623', 't']]
[['g623', 'h'], ['g624', 'h']]
[['g624', 't'], ['g625', 'h']]
[['g625', 't'], ['g626', 't']]
[['g626', 'h'], ['g627', 'h']]
[['g627', 't'], ['g628', 'h']]
[['g628', 't'], ['g629', 't']]
[['g629', 'h'], ['g955', 't']]
[['g955', 'h'], ['g956', 't']]
[['g956', 'h'], ['g957', 't']]
[['g957', 'h'], ['g958', 't']]
[['g958', 'h'], ['g959', 'h']]
[['g959', 't'], ['g960', 'h']]
[['g960', 't'], ['g961', 't']]
[['g961', 'h'], ['g962', 't']]
[['g962', 'h'], ['g963', 't']]
[['g963', 'h'], ['g848', 'h']]
[['g848', 't'], ['g847', 'h']]
[['g847', 't'], ['g846', 't']]
[['g845', 't'], ['g844', 'h']]
[['g844', 't'], ['g843', 'h']]
[['g843', 't'], ['g842', 'h']]
[['g842', 't'], ['g841', 't']]
[['g841', 'h'], ['g840', 'h']]
[['g839', 't'], ['g838', 'h']]
[['g838', 't'], ['g837', 'h']]
[['g837', 't'], ['g836', 'h']]
[['g835', 't'], ['g834', 't']]
[['g834', 'h'], ['g833', 'h']]
[['g833', 't'], ['g832', 'h']]
[['g832', 't'], ['g831', 't']]
[['g831', 'h'], ['g830', 'h']]
[['g830', 't'], ['g829', 't']]
[['g829', 'h'], ['g828', 'h']]
[['g827', 't'], ['g826', 'h']]
[['g826', 't'], ['g825', 'h']]
[['g824', 't'], ['g823', 'h']]
[['g823', 't'], ['g822', 'h']]
[['g822', 't'], ['g821', 'h']]
[['g821', 't'], ['g820', 'h']]
[['g820', 't'], ['g819', 'h']]
[['g819', 't'], ['g818', 'h']]
[['g818', 't'], ['g817', 't']]
[['g817', 'h'], ['g816', 'h']]
[['g815', 't'], ['g814', 'h']]
[['g814', 't'], ['g813', 'h']]
[['g811', 't'], ['g810', 'h']]
[['g810', 't'], ['g809', 'h']]
[['g809', 't'], ['g808', 'h']]
[['g808', 't'], ['g807', 'h']]
[['g807', 't'], ['g806', 'h']]
[['g806', 't'], ['g805', 't']]
[['g805', 'h'], ['g804', 'h']]
[['g803', 't'], ['g802', 'h']]
[['g802', 't'], ['g801', 'h']]
[['g801', 't'], ['g800', 'h']]
[['g800', 't'], ['g799', 'h']]
[['g798', 'h'], ['g797', 'h']]
[['g797', 't'], ['g796', 't']]
[['g796', 'h'], ['g795', 'h']]
[['g795', 't'], ['g794', 'h']]
[['g793', 't'], ['g792', 'h']]
[['g792', 't'], ['g791', 'h']]
[['g791', 't'], ['g790', 'h']]
[['g790', 't'], ['g789', 'h']]
[['g789', 't'], ['g788', 'h']]
[['g788', 't'], ['g787', 'h']]
[['g787', 't'], ['g786', 'h']]
[['g786', 't'], ['g785', 'h']]
[['g784', 't'], ['g783', 'h']]
[['g783', 't'], ['g782', 'h']]
[['g782', 't'], ['g781', 'h']]
[['g781', 't'], ['g780', 't']]
[['g780', 'h'], ['g779', 'h']]
[['g779', 't'], ['g778', 'h']]
[['g778', 't'], ['g777', 'h']]
[['g776', 't'], ['g775', 't']]
[['g775', 'h'], ['g774', 'h']]
[['g774', 't'], ['g773', 'h']]
[['g773', 't'], ['g772', 'h']]
[['g772', 't'], ['g771', 'h']]
[['g771', 't'], ['g770', 'h']]
[['g770', 't'], ['g769', 'h']]
[['g769', 't'], ['g768', 'h']]
[['g768', 't'], ['g767', 'h']]
[['g767', 't'], ['g766', 'h']]
[['g766', 't'], ['g765', 'h']]
[['g765', 't'], ['g764', 'h']]
[['g763', 't'], ['g762', 'h']]
[['g762', 't'], ['g761', 'h']]
[['g761', 't'], ['g760', 'h']]
[['g760', 't'], ['g759', 'h']]
[['g759', 't'], ['g758', 'h']]
[['g758', 't'], ['g757', 'h']]
[['g757', 't'], ['g756', 'h']]
[['g756', 't'], ['g755', 't']]
[['g755', 'h'], ['g754', 'h']]
[['g753', 't'], ['g752', 'h']]
[['g752', 't'], ['g751', 'h']]
[['g751', 't'], ['g750', 't']]
[['g750', 'h'], ['g749', 'h']]
[['g749', 't'], ['g748', 'h']]
[['g746', 't'], ['g745', 'h']]
[['g744', 't'], ['g743', 'h']]
[['g743', 't'], ['g742', 'h']]
[['g742', 't'], ['g741', 'h']]
[['g740', 't'], ['g739', 't']]
[['g738', 't'], ['g737', 'h']]
[['g737', 't'], ['g736', 't']]
[['g735', 'h'], ['g734', 'h']]
[['g734', 't'], ['g733', 'h']]
[['g733', 't'], ['g732', 'h']]
[['g732', 't'], ['g731', 'h']]
[['g731', 't'], ['g730', 't']]
[['g728', 't'], ['g727', 'h']]
[['g727', 't'], ['g726', 't']]
[['g726', 'h'], ['g725', 'h']]
[['g725', 't'], ['g724', 'h']]
[['g724', 't'], ['g723', 'h']]
[['g723', 't'], ['g722', 'h']]
[['g722', 't'], ['g721', 'h']]
[['g721', 't'], ['g720', 'h']]
[['g720', 't'], ['g719', 't']]
[['g719', 'h'], ['g718', 't']]
[['g718', 'h'], ['g717', 'h']]
[['g716', 't'], ['g715', 'h']]
[['g715', 't'], ['g714', 'h']]
[['g714', 't'], ['g713', 'h']]
[['g713', 't'], ['g712', 'h']]
[['g712', 't'], ['g711', 'h']]
[['g710', 't'], ['g709', 'h']]
[['g709', 't'], ['g708', 't']]
[['g708', 'h'], ['g707', 't']]
[['g707', 'h'], ['g706', 'h']]
[['g706', 't'], ['g705', 'h']]
[['g705', 't'], ['g704', 'h']]
[['g704', 't'], ['g703', 'h']]
[['g703', 't'], ['g702', 't']]
[['g701', 'h'], ['g700', 'h']]
[['g700', 't'], ['g699', 'h']]
[['g698', 't'], ['g697', 't']]
[['g697', 'h'], ['g696', 'h']]
[['g696', 't'], ['g695', 'h']]
[['g695', 't'], ['g694', 'h']]
[['g694', 't'], ['g693', 'h']]
[['g693', 't'], ['g692', 'h']]
[['g692', 't'], ['g691', 'h']]
[['g691', 't'], ['g690', 'h']]
[['g690', 't'], ['g689', 'h']]
[['g689', 't'], ['g688', 'h']]
[['g688', 't'], ['g687', 't']]
[['g687', 'h'], ['g686', 'h']]
[['g686', 't'], ['g685', 'h']]
[['g685', 't'], ['g684', 'h']]
[['g684', 't'], ['g683', 'h']]
[['g683', 't'], ['g682', 't']]
[['g682', 'h'], ['g681', 'h']]
[['g681', 't'], ['g680', 't']]
[['g680', 'h'], ['g679', 'h']]
[['g678', 't'], ['g677', 'h']]
[['g677', 't'], ['g676', 't']]
[['g676', 'h'], ['g675', 'h']]
[['g675', 't'], ['g674', 'h']]
[['g674', 't'], ['g673', 'h']]
[['g673', 't'], ['g672', 't']]
[['g672', 'h'], ['g671', 't']]
[['g671', 'h'], ['g670', 'h']]
[['g670', 't'], ['g669', 't']]
[['g669', 'h'], ['g668', 't']]
[['g668', 'h'], ['g667', 'h']]
[['g667', 't'], ['g666', 'h']]
[['g666', 't'], ['g665', 'h']]
[['g664', 't'], ['g663', 't']]
[['g663', 'h'], ['g662', 'h']]
[['g662', 't'], ['g661', 't']]
[['g661', 'h'], ['g660', 'h']]
[['g659', 'h'], ['g658', 'h']]
[['g658', 't'], ['g657', 'h']]
[['g657', 't'], ['g656', 'h']]
[['g656', 't'], ['g655', 't']]
[['g655', 'h'], ['g654', 't']]
[['g654', 'h'], ['g653', 'h']]
[['g653', 't'], ['g652', 'h']]
[['g652', 't'], ['g651', 't']]
[['g651', 'h'], ['g650', 'h']]
[['g647', 't'], ['g646', 'h']]
[['g645', 't'], ['g644', 't']]
[['g643', 'h'], ['g642', 't']]
[['g642', 'h'], ['g641', 'h']]
[['g640', 't'], ['g639', 'h']]
[['g639', 't'], ['g638', 'h']]
[['g638', 't'], ['g637', 't']]
[['g637', 'h'], ['g636', 'h']]
[['g636', 't'], ['g635', 't']]
[['g635', 'h'], ['g634', 'h']]
[['g634', 't'], ['g633', 'h']]
[['g633', 't'], ['g632', 'h']]
[['g632', 't'], ['g631', 'h']]
[['g631', 't'], ['g630', 'h']]
[['g630', 't'], ['g954', 'h']]
[['g953', 'h'], ['g952', 'h']]
[['g952', 't'], ['g951', 'h']]
[['g951', 't'], ['g950', 'h']]
[['g950', 't'], ['g949', 'h']]
[['g949', 't'], ['g948', 'h']]
[['g947', 'h'], ['g946', 'h']]
[['g946', 't'], ['g945', 'h']]
[['g945', 't'], ['g944', 'h']]
[['g944', 't'], ['g943', 'h']]
[['g943', 't'], ['g942', 't']]
[['g942', 'h'], ['g941', 'h']]
[['g941', 't'], ['g940', 'h']]
[['g940', 't'], ['g939', 't']]
[['g939', 'h'], ['g938', 'h']]
[['g938', 't'], ['g937', 'h']]
[['g937', 't'], ['g936', 'h']]
[['g936', 't'], ['g935', 'h']]
[['g935', 't'], ['g934', 'h']]
[['g934', 't'], ['g933', 'h']]
[['g933', 't'], ['g932', 'h']]
[['g932', 't'], ['g931', 'h']]
[['g931', 't'], ['g930', 't']]
[['g930', 'h'], ['g929', 'h']]
[['g928', 't'], ['g927', 'h']]
[['g927', 't'], ['g926', 'h']]
[['g926', 't'], ['g925', 'h']]
[['g925', 't'], ['g924', 'h']]
[['g924', 't'], ['g923', 'h']]
[['g923', 't'], ['g922', 'h']]
[['g922', 't'], ['g921', 'h']]
[['g921', 't'], ['g920', 'h']]
[['g920', 't'], ['g919', 'h']]
[['g919', 't'], ['g918', 't']]
[['g918', 'h'], ['g917', 't']]
[['g917', 'h'], ['g916', 'h']]
[['g916', 't'], ['g915', 'h']]
[['g915', 't'], ['g914', 't']]
[['g914', 'h'], ['g913', 'h']]
[['g913', 't'], ['g912', 'h']]
[['g912', 't'], ['g911', 'h']]
[['g911', 't'], ['g910', 'h']]
[['g910', 't'], ['g909', 't']]
[['g909', 'h'], ['g908', 't']]
[['g908', 'h'], ['g907', 'h']]
[['g906', 't'], ['g905', 'h']]
[['g905', 't'], ['g904', 'h']]
[['g904', 't'], ['g903', 'h']]
[['g902', 't'], ['g901', 't']]
[['g901', 'h'], ['g900', 'h']]
[['g900', 't'], ['g899', 'h']]
[['g899', 't'], ['g898', 'h']]
[['g898', 't'], ['g897', 'h']]
[['g896', 't'], ['g895', 't']]
[['g895', 'h'], ['g894', 'h']]
[['g894', 't'], ['g893', 'h']]
[['g893', 't'], ['g892', 'h']]
[['g892', 't'], ['g891', 'h']]
[['g890', 't'], ['g889', 'h']]
[['g889', 't'], ['g888', 'h']]
[['g888', 't'], ['g887', 't']]
[['g887', 'h'], ['g886', 'h']]
[['g886', 't'], ['g885', 'h']]
[['g885', 't'], ['g884', 'h']]
[['g884', 't'], ['g883', 'h']]
[['g883', 't'], ['g882', 'h']]
[['g882', 't'], ['g881', 'h']]
[['g880', 'h'], ['g879', 't']]
[['g879', 'h'], ['g878', 'h']]
[['g877', 'h'], ['g876', 't']]
[['g876', 'h'], ['g875', 'h']]
[['g875', 't'], ['g874', 't']]
[['g874', 'h'], ['g873', 'h']]
[['g873', 't'], ['g872', 'h']]
[['g872', 't'], ['g871', 'h']]
[['g871', 't'], ['g870', 'h']]
[['g870', 't'], ['g869', 'h']]
[['g869', 't'], ['g868', 'h']]
[['g868', 't'], ['g867', 't']]
[['g867', 'h'], ['g866', 'h']]
[['g866', 't'], ['g865', 'h']]
[['g865', 't'], ['g864', 'h']]
[['g864', 't'], ['g863', 'h']]
[['g863', 't'], ['g862', 'h']]
[['g862', 't'], ['g861', 'h']]
[['g861', 't'], ['g860', 'h']]
[['g860', 't'], ['g859', 'h']]
[['g859', 't'], ['g858', 'h']]
[['g858', 't'], ['g857', 'h']]
[['g857', 't'], ['g856', 't']]
[['g856', 'h'], ['g855', 't']]
[['g855', 'h'], ['g854', 'h']]
[['g854', 't'], ['g853', 'h']]
[['g853', 't'], ['g852', 'h']]
[['g852', 't'], ['g851', 't']]
[['g851', 'h'], ['g850', 'h']]
[['g850', 't'], ['g849', 'h']]
[['g849', 't'], ['g964', 'h']]
[['g964', 't'], ['g965', 't']]
[['g965', 'h'], ['g966', 't']]
[['g966', 'h'], ['g967', 't']]
[['g968', 'h'], ['g969', 't']]
[['g969', 'h'], ['g970', 't']]
[['g970', 'h'], ['g971', 't']]
[['g971', 'h'], ['g972', 't']]
[['g972', 'h'], ['g973', 'h']]
[['g973', 't'], ['g974', 't']]
[['g974', 'h'], ['g975', 'h']]
[['g975', 't'], ['g976', 't']]
[['g976', 'h'], ['g977', 'h']]
[['g977', 't'], ['g978', 't']]
[['g978', 'h'], ['g979', 't']]
[['g980', 't'], ['g981', 't']]
[['g981', 'h'], ['g982', 't']]
[['g983', 't'], ['g984', 't']]
[['g986', 'h'], ['g987', 't']]
[['g987', 'h'], ['g988', 't']]
[['g989', 'h'], ['g990', 't']]
[['g990', 'h'], ['g991', 't']]
[['g995', 'h'], ['g996', 't']]
[['g996', 'h'], ['g997', 't']]
[['g997', 'h'], ['g998', 't']]
[['g998', 'h'], ['g999', 't']]
[['g1001', 't'], ['g1002', 'h']]
[['g1002', 't'], ['g1003', 't']]
[['g1003', 'h'], ['g1004', 't']]
[['g1004', 'h'], ['g1005', 't']]
[['g1005', 'h'], ['g1006', 't']]
[['g1006', 'h'], ['g1007', 't']]
[['g1007', 'h'], ['g1008', 't']]
[['g1008', 'h'], ['g1009', 't']]
[['g1009', 'h'], ['g1010', 't']]
[['g1010', 'h'], ['g1011', 't']]
[['g1011', 'h'], ['g1012', 't']]
[['g1012', 'h'], ['g1013', 't']]
[['g1013', 'h'], ['g1014', 't']]
[['g1015', 'h'], ['g1016', 't']]
[['g1016', 'h'], ['g1017', 't']]
[['g1017', 'h'], ['g1018', 't']]
[['g1018', 'h'], ['g1019', 'h']]
[['g1019', 't'], ['g1020', 't']]
[['g1020', 'h'], ['g1021', 't']]
[['g1021', 'h'], ['g1022', 't']]
[['g1022', 'h'], ['g1023', 't']]
[['g1023', 'h'], ['g1024', 't']]
[['g1024', 'h'], ['g1025', 't']]
[['g1025', 'h'], ['g1026', 't']]
[['g1026', 'h'], ['g1027', 't']]
[['g1027', 'h'], ['g1028', 'h']]
[['g1028', 't'], ['g1029', 't']]
[['g1029', 'h'], ['g1030', 't']]
[['g1030', 'h'], ['g1031', 't']]
[['g1031', 'h'], ['g1032', 'h']]
[['g1032', 't'], ['g1033', 't']]
[['g1033', 'h'], ['g1034', 't']]
[['g1034', 'h'], ['g1035', 't']]
[['g1035', 'h'], ['g1036', 't']]
[['g1036', 'h'], ['g1037', 't']]
[['g1038', 'h'], ['g1039', 't']]
[['g1039', 'h'], ['g1040', 't']]
[['g1040', 'h'], ['g1041', 't']]
[['g1041', 'h'], ['g1042', 't']]
[['g1042', 'h'], ['g1043', 'h']]
[['g1044', 'h'], ['g1045', 'h']]
[['g1045', 't'], ['g1046', 't']]
[['g1046', 'h'], ['g1047', 't']]
[['g1047', 'h'], ['g1048', 't']]
[['g1050', 'h'], ['g1051', 't']]
[['g1052', 'h'], ['g1053', 't']]
[['g1053', 'h'], ['g1054', 't']]
[['g1054', 'h'], ['g1055', 't']]
[['g1055', 'h'], ['g1056', 'h']]
[['g1056', 't'], ['g1057', 'h']]
[['g1057', 't'], ['g1058', 'h']]
[['g1058', 't'], ['g1059', 't']]
[['g1059', 'h'], ['g1060', 't']]
[['g1061', 't'], ['g1062', 't']]
[['g1062', 'h'], ['g1063', 't']]
[['g1063', 'h'], ['g1064', 't']]
[['g1064', 'h'], ['g1065', 't']]
[['g1065', 'h'], ['g1066', 't']]
[['g1066', 'h'], ['g1067', 't']]
[['g1067', 'h'], ['g1068', 't']]
[['g1068', 'h'], ['g1069', 't']]
[['g1069', 'h'], ['g1070', 't']]
[['g1070', 'h'], ['g1071', 't']]
[['g1071', 'h'], ['g1072', 'h']]
[['g1072', 't'], ['g1073', 't']]
[['g1073', 'h'], ['g1074', 't']]
[['g1074', 'h'], ['g1075', 'h']]
[['g1075', 't'], ['g1076', 't']]
[['g1076', 'h'], ['g1077', 't']]
[['g1077', 'h'], ['g1078', 't']]
[['g1078', 'h'], ['g1079', 't']]
[['g1079', 'h'], ['g1080', 'h']]
[['g1081', 't'], ['g1082', 't']]
[['g1082', 'h'], ['g1083', 't']]
[['g1083', 'h'], ['g1084', 't']]
[['g1084', 'h'], ['g1085', 't']]
[['g1086', 'h'], ['g1087', 't']]
[['g1087', 'h'], ['g1088', 't']]
[['g1088', 'h'], ['g1089', 't']]
[['g1089', 'h'], ['g1090', 't']]
[['g1090', 'h'], ['g1091', 't']]
[['g1091', 'h'], ['g1092', 't']]
[['g1092', 'h'], ['g1093', 'h']]
[['g1093', 't'], ['g1094', 't']]
[['g1094', 'h'], ['g1095', 'h']]
[['g1095', 't'], ['g1096', 'h']]
[['g1096', 't'], ['g1097', 't']]
[['g1097', 'h'], ['g1098', 'h']]
[['g1098', 't'], ['g1099', 'h']]
[['g1099', 't'], ['g1100', 't']]
[['g1100', 'h'], ['g1101', 'h']]
[['g1101', 't'], ['g1102', 't']]
[['g1102', 'h'], ['g1103', 't']]
[['g1103', 'h'], ['g1104', 't']]
[['g1104', 'h'], ['g1105', 'h']]
[['g1105', 't'], ['g1106', 't']]
[['g1106', 'h'], ['g1107', 't']]
[['g1107', 'h'], ['g1108', 't']]
[['g1108', 'h'], ['g1109', 't']]
[['g1109', 'h'], ['g1110', 't']]
[['g1110', 'h'], ['g1111', 't']]
[['g1111', 'h'], ['g1112', 't']]
[['g1112', 'h'], ['g1113', 't']]
[['g1113', 'h'], ['g1114', 't']]
[['g1114', 'h'], ['g1115', 't']]
[['g1115', 'h'], ['g1116', 't']]
[['g1116', 'h'], ['g1117', 't']]
[['g1117', 'h'], ['g1118', 't']]
[['g1118', 'h'], ['g1119', 't']]
[['g1119', 'h'], ['g1120', 't']]
[['g1120', 'h'], ['g1121', 't']]
[['g1121', 'h'], ['g1122', 'h']]
[['g1122', 't'], ['g1123', 't']]
[['g1123', 'h'], ['g1124', 't']]
[['g1125', 't'], ['g1126', 'h']]
[['g1126', 't'], ['g1127', 'h']]
[['g1127', 't'], ['g1128', 't']]
[['g1128', 'h'], ['g1129', 't']]
[['g1129', 'h'], ['g1130', 't']]
[['g1130', 'h'], ['g1131', 't']]
[['g1131', 'h'], ['g1132', 't']]
[['g1132', 'h'], ['g1133', 't']]
[['g1133', 'h'], ['g1134', 't']]
[['g1134', 'h'], ['g1135', 't']]
[['g1135', 'h'], ['g1136', 't']]
[['g1136', 'h'], ['g1137', 'h']]
[['g1137', 't'], ['g1138', 't']]
[['g1138', 'h'], ['g1139', 't']]
[['g1139', 'h'], ['g1140', 't']]
[['g1140', 'h'], ['g1141', 't']]
[['g1141', 'h'], ['g1142', 't']]
[['g1142', 'h'], ['g1143', 't']]
[['g1143', 'h'], ['g1144', 't']]
[['g1144', 'h'], ['g1145', 't']]
[['g1145', 'h'], ['g1146', 't']]
[['g1146', 'h'], ['g1147', 't']]
[['g1148', 'h'], ['g1149', 'h']]
[['g1149', 't'], ['g1150', 'h']]
[['g1150', 't'], ['g1151', 't']]
[['g1151', 'h'], ['g1152', 't']]
[['g1152', 'h'], ['g1153', 't']]
[['g1153', 'h'], ['g1154', 't']]
[['g1155', 'h'], ['g1156', 't']]
[['g1157', 'h'], ['g1158', 'h']]
[['g1160', 'h'], ['g1161', 't']]
[['g1161', 'h'], ['g1162', 't']]
[['g1162', 'h'], ['g1163', 't']]
[['g1164', 't'], ['g1165', 't']]
[['g1165', 'h'], ['g1166', 'h']]
[['g1166', 't'], ['g1167', 't']]
[['g1167', 'h'], ['g1168', 't']]
[['g1168', 'h'], ['g1169', 't']]
[['g1169', 'h'], ['g1170', 't']]
[['g1170', 'h'], ['g1171', 't']]
[['g1171', 'h'], ['g1172', 't']]
[['g1172', 'h'], ['g1173', 't']]
[['g1173', 'h'], ['g1174', 't']]
[['g1174', 'h'], ['g1175', 'h']]
[['g1175', 't'], ['g1176', 'h']]
[['g1176', 't'], ['g1177', 'h']]
[['g1178', 't'], ['g1179', 't']]
[['g1179', 'h'], ['g1180', 't']]
[['g1180', 'h'], ['g1181', 't']]
[['g1182', 't'], ['g1183', 'h']]
[['g1183', 't'], ['g1184', 't']]
[['g1184', 'h'], ['g1185', 't']]
[['g1186', 'h'], ['g1187', 'h']]
[['g1187', 't'], ['g1188', 't']]
[['g1188', 'h'], ['g1189', 't']]
[['g1190', 'h'], ['g1191', 'h']]
[['g1191', 't'], ['g1192', 't']]
[['g1193', 'h'], ['g1194', 't']]
[['g1194', 'h'], ['g1195', 'h']]
[['g1195', 't'], ['g1196', 't']]
[['g1196', 'h'], ['g1197', 't']]
[['g1197', 'h'], ['g1198', 't']]
[['g1198', 'h'], ['g1199', 't']]
[['g1199', 'h'], ['g1200', 't']]
[['g1200', 'h'], ['g1201', 't']]
[['g1202', 't'], ['g1203', 't']]
[['g1203', 'h'], ['g1204', 't']]
[['g1204', 'h'], ['g1205', 't']]
[['g1205', 'h'], ['g1206', 't']]
[['g1206', 'h'], ['g1207', 'h']]
[['g1207', 't'], ['g1208', 't']]
[['g1208', 'h'], ['g1209', 'h']]
[['g1209', 't'], ['g1210', 't']]
[['g1210', 'h'], ['g1211', 'h']]
[['g1211', 't'], ['g1212', 't']]
[['g1212', 'h'], ['g1213', 't']]
[['g1213', 'h'], ['g1214', 't']]
[['g1214', 'h'], ['g1215', 't']]
[['g1215', 'h'], ['g1216', 't']]
[['g1216', 'h'], ['g1217', 't']]
[['g1217', 'h'], ['g1218', 't']]
[['g1218', 'h'], ['g1219', 't']]
[['g1219', 'h'], ['g1220', 't']]
[['g1220', 'h'], ['g1221', 't']]
[['g1222', 't'], ['g1223', 't']]
[['g1223', 'h'], ['g1224', 'h']]
[['g1224', 't'], ['g1225', 't']]
[['g1225', 'h'], ['g1226', 't']]
[['g1226', 'h'], ['g1227', 't']]
[['g1227', 'h'], ['g1228', 't']]
[['g1228', 'h'], ['g1229', 't']]
[['g1229', 'h'], ['g1230', 't']]
[['g1230', 'h'], ['g1231', 'h']]
[['g1231', 't'], ['g1232', 't']]
[['g1232', 'h'], ['g1233', 't']]
[['g1233', 'h'], ['g1234', 't']]
[['g1234', 'h'], ['g1235', 't']]
[['g1235', 'h'], ['g1236', 't']]
[['g1236', 'h'], ['g1237', 't']]
[['g1237', 'h'], ['g1238', 'h']]
[['g1238', 't'], ['g1239', 't']]
[['g1239', 'h'], ['g1240', 'h']]
[['g1241', 'h'], ['g1242', 't']]
[['g1242', 'h'], ['g1243', 'h']]
[['g1243', 't'], ['g1244', 't']]
[['g1244', 'h'], ['g1245', 't']]
[['g1245', 'h'], ['g1246', 't']]
[['g1246', 'h'], ['g1247', 't']]
[['g1248', 'h'], ['g1249', 't']]
[['g1249', 'h'], ['g1250', 't']]
[['g1250', 'h'], ['g1251', 't']]
[['g1251', 'h'], ['g1252', 't']]
[['g1252', 'h'], ['g1253', 't']]
[['g1253', 'h'], ['g1254', 't']]
[['g1254', 'h'], ['g1255', 'h']]
[['g1255', 't'], ['g1256', 'h']]
[['g1256', 't'], ['g1257', 't']]
[['g1257', 'h'], ['g1258', 't']]
[['g1258', 'h'], ['g1259', 't']]
[['g1259', 'h'], ['g1260', 't']]
[['g1260', 'h'], ['g1261', 't']]
[['g1261', 'h'], ['g1262', 'h']]
[['g1263', 'h'], ['g1264', 't']]
[['g1264', 'h'], ['g1265', 't']]
[['g1265', 'h'], ['g1266', 't']]
[['g1266', 'h'], ['g1267', 'h']]
[['g1267', 't'], ['g1268', 't']]
[['g1268', 'h'], ['g1269', 't']]
[['g1269', 'h'], ['g1270', 't']]
[['g1270', 'h'], ['g1271', 't']]
[['g1271', 'h'], ['g1272', 'h']]
[['g1272', 't'], ['g1273', 't']]
[['g1273', 'h'], ['g1274', 't']]
[['g1274', 'h'], ['g1275', 't']]
[['g1276', 'h'], ['g1277', 't']]
[['g1277', 'h'], ['g1278', 't']]
[['g1278', 'h'], ['g1279', 'h']]
[['g1280', 't'], ['g1281', 'h']]
[['g1281', 't'], ['g1282', 't']]
[['g1282', 'h'], ['g1283', 'h']]
[['g1283', 't'], ['g1284', 't']]
[['g1284', 'h'], ['g1285', 't']]
[['g1285', 'h'], ['g1286', 't']]
[['g1286', 'h'], ['g1287', 'h']]
[['g1288', 'h'], ['g1289', 't']]
[['g1289', 'h'], ['g1290', 'h']]
[['g1290', 't'], ['g1291', 'h']]
[['g1291', 't'], ['g1292', 'h']]
[['g1293', 'h'], ['g1294', 't']]
[['g1294', 'h'], ['g1295', 't']]
[['g1295', 'h'], ['g1296', 't']]
[['g1296', 'h'], ['g1297', 't']]
[['g1297', 'h'], ['g1298', 't']]
[['g1299', 'h'], ['g1300', 't']]
[['g1301', 'h'], ['g1302', 't']]
[['g1302', 'h'], ['g1303', 't']]
[['g1303', 'h'], ['g1304', 't']]
[['g1304', 'h'], ['g1305', 'h']]
[['g1305', 't'], ['g1306', 't']]
[['g1307', 't'], ['g1308', 't']]
[['g1308', 'h'], ['g1309', 'h']]
[['g1309', 't'], ['g1310', 'h']]
[['g1311', 'h'], ['g1312', 't']]
[['g1312', 'h'], ['g1313', 't']]
[['g1314', 'h'], ['g1315', 't']]
[['g1315', 'h'], ['g1316', 't']]
[['g1316', 'h'], ['g1317', 't']]
[['g1317', 'h'], ['g1318', 't']]
[['g1318', 'h'], ['g1319', 't']]
[['g1319', 'h'], ['g1320', 't']]
[['g1320', 'h'], ['g1321', 't']]
[['g1321', 'h'], ['g1322', 't']]
[['g1323', 't'], ['g1324', 't']]
[['g1324', 'h'], ['g1325', 't']]
[['g1325', 'h'], ['g1326', 't']]
[['g1326', 'h'], ['g1327', 't']]
[['g1327', 'h'], ['g1328', 't']]
[['g1328', 'h'], ['g1329', 't']]
[['g1329', 'h'], ['g1330', 't']]
[['g1332', 'h'], ['g1333', 't']]
[['g1333', 'h'], ['g1334', 't']]
[['g1334', 'h'], ['g1335', 'h']]
[['g1335', 't'], ['g1336', 't']]
[['g1336', 'h'], ['g1337', 't']]
[['g1337', 'h'], ['g1338', 'h']]
[['g1338', 't'], ['g1339', 't']]
[['g1339', 'h'], ['g1340', 't']]
[['g1340', 'h'], ['g1341', 't']]
[['g1341', 'h'], ['g1342', 't']]
[['g1342', 'h'], ['g1343', 'h']]
[['g1343', 't'], ['g1344', 't']]
[['g1344', 'h'], ['g1345', 't']]
[['g1345', 'h'], ['g1346', 'h']]
[['g1346', 't'], ['g1347', 't']]
[['g1347', 'h'], ['g1348', 't']]
[['g1348', 'h'], ['g1349', 't']]
[['g1349', 'h'], ['g1350', 't']]
[['g1350', 'h'], ['g1351', 't']]
[['g1351', 'h'], ['g1352', 't']]
[['g1352', 'h'], ['g1353', 't']]
[['g1353', 'h'], ['g1354', 't']]
[['g1354', 'h'], ['g1355', 't']]
[['g1356', 'h'], ['g1357', 'h']]
[['g1357', 't'], ['g1358', 't']]
[['g1358', 'h'], ['g1359', 'h']]
[['g1360', 'h'], ['g1361', 't']]
[['g1361', 'h'], ['g1362', 'h']]
[['g1362', 't'], ['g1363', 't']]
[['g1363', 'h'], ['g1364', 't']]
[['g1364', 'h'], ['g1365', 't']]
[['g1365', 'h'], ['g1366', 't']]
[['g1366', 'h'], ['g1367', 't']]
[['g1368', 'h'], ['g1369', 'h']]
[['g1369', 't'], ['g1370', 't']]
[['g1370', 'h'], ['g1371', 't']]
[['g1371', 'h'], ['g1372', 't']]
[['g1372', 'h'], ['g1373', 'h']]
[['g1373', 't'], ['g1374', 't']]
[['g1374', 'h'], ['g1375', 't']]
[['g1375', 'h'], ['g1376', 'h']]
[['g1376', 't'], ['g1377', 't']]
[['g1377', 'h'], ['g1378', 'h']]
[['g1378', 't'], ['g1379', 't']]
[['g1379', 'h'], ['g1380', 't']]
[['g1380', 'h'], ['g1381', 't']]
[['g1381', 'h'], ['g1382', 't']]
[['g1382', 'h'], ['g1383', 't']]
[['g1383', 'h'], ['g1384', 't']]
[['g1384', 'h'], ['g1385', 'h']]
[['g1386', 't'], ['g1387', 't']]
[['g1387', 'h'], ['g1388', 't']]
[['g1389', 'h'], ['g1390', 'h']]
[['g1390', 't'], ['g1391', 't']]
[['g1391', 'h'], ['g1392', 'h']]
[['g1392', 't'], ['g1393', 't']]
[['g1393', 'h'], ['g1394', 't']]
[['g1394', 'h'], ['g1395', 't']]
[['g1395', 'h'], ['g1396', 't']]
[['g1396', 'h'], ['g1397', 't']]
[['g1397', 'h'], ['g1398', 't']]
[['g1399', 'h'], ['g1400', 't']]
[['g1400', 'h'], ['g1401', 't']]
[['g1401', 'h'], ['g1402', 't']]
[['g1402', 'h'], ['g1403', 't']]
[['g1403', 'h'], ['g1404', 't']]
[['g1404', 'h'], ['g1405', 't']]
[['g1405', 'h'], ['g1406', 't']]
[['g1406', 'h'], ['g1407', 't']]
[['g1407', 'h'], ['g1408', 'h']]
[['g1408', 't'], ['g1409', 't']]
[['g1409', 'h'], ['g1410', 't']]
[['g1411', 'h'], ['g1412', 't']]
[['g1412', 'h'], ['g1413', 't']]
[['g1413', 'h'], ['g1414', 't']]
[['g1415', 'h'], ['g1416', 'h']]
[['g1416', 't'], ['g1417', 't']]
[['g1417', 'h'], ['g1418', 'h']]
[['g1419', 't'], ['g1420', 't']]
[['g1420', 'h'], ['g1421', 't']]
[['g1421', 'h'], ['g1422', 'h']]
[['g1422', 't'], ['g1423', 't']]
[['g1423', 'h'], ['g1424', 'h']]
[['g1424', 't'], ['g1425', 't']]
[['g1425', 'h'], ['g1426', 't']]
[['g1426', 'h'], ['g1427', 'h']]
[['g1427', 't'], ['g1428', 't']]
[['g1428', 'h'], ['g1429', 'h']]
[['g1431', 'h'], ['g1432', 't']]
[['g1432', 'h'], ['g1433', 't']]
[['g1433', 'h'], ['g1434', 'h']]
[['g1434', 't'], ['g1435', 'h']]
[['g1435', 't'], ['g1436', 't']]
[['g1436', 'h'], ['g1437', 'h']]
[['g1437', 't'], ['g1438', 't']]
[['g1438', 'h'], ['g1439', 't']]
[['g1439', 'h'], ['g1440', 'h']]
[['g1440', 't'], ['g1441', 't']]
[['g1441', 'h'], ['g1442', 't']]
[['g1442', 'h'], ['g1443', 'h']]
[['g1443', 't'], ['g1444', 't']]
[['g1445', 'h'], ['g1446', 'h']]
[['g1446', 't'], ['g1447', 't']]
[['g1447', 'h'], ['g1448', 't']]
[['g1448', 'h'], ['g1449', 'h']]
[['g1449', 't'], ['g1450', 'h']]
[['g1450', 't'], ['g1451', 't']]
[['g1451', 'h'], ['g1452', 't']]
[['g1453', 't'], ['g1454', 't']]
[['g1455', 'h'], ['g1456', 't']]
[['g1457', 'h'], ['g1458', 'h']]
[['g1458', 't'], ['g1459', 't']]
[['g1461', 'h'], ['g1462', 't']]
[['g1463', 't'], ['g1464', 't']]
[['g1464', 'h'], ['g1465', 't']]
[['g1465', 'h'], ['g1466', 't']]
[['g1466', 'h'], ['g1467', 't']]
[['g1467', 'h'], ['g1468', 't']]
[['g1468', 'h'], ['g1469', 't']]
[['g1469', 'h'], ['g1470', 't']]
[['g1472', 'h'], ['g1473', 't']]
[['g1473', 'h'], ['g1474', 't']]
[['g1474', 'h'], ['g1475', 'h']]
[['g1475', 't'], ['g1476', 't']]
[['g1477', 'h'], ['g1478', 't']]
[['g1478', 'h'], ['g1479', 't']]
[['g1480', 'h'], ['g1481', 'h']]
[['g1482', 'h'], ['g1483', 't']]
[['g1483', 'h'], ['g1484', 't']]
[['g1484', 'h'], ['g1485', 'h']]
[['g1485', 't'], ['g1486', 't']]
[['g1486', 'h'], ['g1487', 't']]
[['g1487', 'h'], ['g1488', 't']]
[['g1488', 'h'], ['g1489', 'h']]
[['g1489', 't'], ['g1490', 'h']]
[['g1491', 't'], ['g1492', 't']]
[['g1492', 'h'], ['g1493', 't']]
[['g1493', 'h'], ['g1494', 't']]
[['g1494', 'h'], ['g1495', 't']]
[['g1496', 'h'], ['g1497', 't']]
[['g1497', 'h'], ['g1498', 't']]
[['g1499', 'h'], ['g1500', 'h']]
[['g1500', 't'], ['g1001', 'h']]
[['g1502', 'h'], ['g1503', 't']]
[['g1504', 'h'], ['g1505', 't']]
[['g1505', 'h'], ['g1506', 't']]
[['g1506', 'h'], ['g1507', 't']]
[['g1508', 'h'], ['g1509', 't']]
[['g1509', 'h'], ['g1510', 't']]
[['g1510', 'h'], ['g1511', 'h']]
[['g1511', 't'], ['g1512', 'h']]
[['g1512', 't'], ['g1513', 't']]
[['g1514', 't'], ['g1515', 't']]
[['g1515', 'h'], ['g1516', 't']]
[['g1516', 'h'], ['g1517', 't']]
[['g1517', 'h'], ['g1518', 't']]
[['g1518', 'h'], ['g1519', 'h']]
[['g1519', 't'], ['g1520', 't']]
[['g1520', 'h'], ['g1521', 'h']]
[['g1521', 't'], ['g1522', 'h']]
[['g1523', 'h'], ['g1524', 't']]
[['g1524', 'h'], ['g1525', 't']]
[['g1525', 'h'], ['g1526', 't']]
[['g1526', 'h'], ['g1527', 't']]
[['g1527', 'h'], ['g1528', 'h']]
[['g1528', 't'], ['g1529', 't']]
[['g1529', 'h'], ['g1530', 't']]
[['g1530', 'h'], ['g1531', 't']]
[['g1531', 'h'], ['g1532', 'h']]
[['g1532', 't'], ['g1533', 't']]
[['g1533', 'h'], ['g1534', 't']]
[['g1534', 'h'], ['g1535', 't']]
[['g1535', 'h'], ['g1536', 'h']]
[['g1536', 't'], ['g1537', 't']]
[['g1538', 'h'], ['g1539', 't']]
[['g1539', 'h'], ['g1540', 't']]
[['g1541', 'h'], ['g1542', 't']]
[['g1542', 'h'], ['g1543', 't']]
[['g1543', 'h'], ['g1544', 't']]
[['g1544', 'h'], ['g1545', 't']]
[['g1545', 'h'], ['g1546', 't']]
[['g1546', 'h'], ['g1547', 't']]
[['g1547', 'h'], ['g1548', 'h']]
[['g1548', 't'], ['g1549', 't']]
[['g1549', 'h'], ['g1550', 'h']]
[['g1550', 't'], ['g1551', 't']]
[['g1552', 't'], ['g1553', 'h']]
[['g1554', 'h'], ['g1555', 't']]
[['g1555', 'h'], ['g1556', 't']]
[['g1556', 'h'], ['g1557', 't']]
[['g1557', 'h'], ['g1558', 't']]
[['g1558', 'h'], ['g1559', 't']]
[['g1559', 'h'], ['g1560', 't']]
[['g1560', 'h'], ['g1561', 't']]
[['g1561', 'h'], ['g1562', 'h']]
[['g1562', 't'], ['g1563', 't']]
[['g1563', 'h'], ['g1564', 'h']]
[['g1564', 't'], ['g1565', 't']]
[['g1565', 'h'], ['g1566', 'h']]
[['g1566', 't'], ['g1567', 't']]
[['g1567', 'h'], ['g1568', 't']]
[['g1568', 'h'], ['g1569', 't']]
[['g1569', 'h'], ['g1570', 't']]
[['g1570', 'h'], ['g1571', 't']]
[['g1571', 'h'], ['g1572', 't']]
[['g1572', 'h'], ['g1573', 't']]
[['g1573', 'h'], ['g1574', 't']]
[['g1574', 'h'], ['g1575', 't']]
[['g1575', 'h'], ['g1576', 'h']]
[['g1576', 't'], ['g1577', 'h']]
[['g1577', 't'], ['g1578', 'h']]
[['g1578', 't'], ['g1579', 'h']]
[['g1579', 't'], ['g1580', 't']]
[['g1580', 'h'], ['g1581', 't']]
[['g1581', 'h'], ['g1582', 't']]
[['g1582', 'h'], ['g1583', 't']]
[['g1584', 'h'], ['g1585', 't']]
[['g1585', 'h'], ['g1586', 'h']]
[['g1586', 't'], ['g1587', 't']]
[['g1587', 'h'], ['g1588', 't']]
[['g1588', 'h'], ['g1589', 't']]
[['g1589', 'h'], ['g1590', 't']]
[['g1590', 'h'], ['g1591', 't']]
[['g1591', 'h'], ['g1592', 't']]
[['g1593', 'h'], ['g1594', 't']]
[['g1594', 'h'], ['g1595', 't']]
[['g1595', 'h'], ['g1596', 't']]
[['g1596', 'h'], ['g1597', 't']]
[['g1597', 'h'], ['g1598', 't']]
[['g1599', 'h'], ['g1600', 'h']]
[['g1601', 'h'], ['g1602', 't']]
[['g1602', 'h'], ['g1603', 't']]
[['g1603', 'h'], ['g1604', 't']]
[['g1604', 'h'], ['g1605', 't']]
[['g1605', 'h'], ['g1606', 't']]
[['g1606', 'h'], ['g1607', 't']]
[['g1607', 'h'], ['g1608', 't']]
[['g1608', 'h'], ['g1609', 'h']]
[['g1609', 't'], ['g1610', 't']]
[['g1611', 'h'], ['g1612', 't']]
[['g1612', 'h'], ['g1613', 't']]
[['g1614', 'h'], ['g1615', 't']]
[['g1615', 'h'], ['g1616', 't']]
[['g1616', 'h'], ['g1617', 't']]
[['g1617', 'h'], ['g1618', 't']]
[['g1618', 'h'], ['g1619', 't']]
[['g1619', 'h'], ['g1620', 't']]
[['g1620', 'h'], ['g1621', 't']]
[['g1621', 'h'], ['g1622', 't']]
[['g1622', 'h'], ['g1623', 't']]
[['g1623', 'h'], ['g1624', 't']]
[['g1624', 'h'], ['g1625', 'h']]
[['g1626', 'h'], ['g1627', 'h']]
[['g1627', 't'], ['g1628', 't']]
[['g1628', 'h'], ['g1629', 't']]
[['g1629', 'h'], ['g1630', 'h']]
[['g1630', 't'], ['g1631', 't']]
[['g1631', 'h'], ['g1632', 't']]
[['g1632', 'h'], ['g1633', 't']]
[['g1633', 'h'], ['g1634', 't']]
[['g1634', 'h'], ['g1635', 't']]
[['g1635', 'h'], ['g1636', 'h']]
[['g1636', 't'], ['g1637', 't']]
[['g1637', 'h'], ['g1638', 't']]
[['g1638', 'h'], ['g1639', 't']]
[['g1639', 'h'], ['g1640', 't']]
[['g1640', 'h'], ['g1641', 't']]
[['g1641', 'h'], ['g1642', 't']]
[['g1642', 'h'], ['g1643', 't']]
[['g1643', 'h'], ['g1644', 'h']]
[['g1644', 't'], ['g1645', 't']]
[['g1645', 'h'], ['g1646', 't']]
[['g1646', 'h'], ['g1647', 't']]
[['g1647', 'h'], ['g1648', 't']]
[['g1648', 'h'], ['g1649', 't']]
[['g1650', 'h'], ['g1651', 't']]
[['g1651', 'h'], ['g1652', 't']]
[['g1652', 'h'], ['g1653', 't']]
[['g1653', 'h'], ['g1654', 't']]
[['g1654', 'h'], ['g1655', 't']]
[['g1655', 'h'], ['g1656', 'h']]
[['g1656', 't'], ['g1657', 't']]
[['g1657', 'h'], ['g1658', 'h']]
[['g1658', 't'], ['g1659', 't']]
[['g1660', 'h'], ['g1661', 't']]
[['g1661', 'h'], ['g1662', 't']]
[['g1662', 'h'], ['g1663', 't']]
[['g1663', 'h'], ['g1664', 't']]
[['g1664', 'h'], ['g1665', 't']]
[['g1665', 'h'], ['g1666', 't']]
[['g1666', 'h'], ['g1667', 't']]
[['g1668', 'h'], ['g1669', 't']]
[['g1669', 'h'], ['g1670', 't']]
[['g1670', 'h'], ['g1671', 't']]
[['g1671', 'h'], ['g1672', 'h']]
[['g1672', 't'], ['g1673', 't']]
[['g1673', 'h'], ['g1674', 'h']]
[['g1674', 't'], ['g1675', 't']]
[['g1676', 'h'], ['g1677', 't']]
[['g1677', 'h'], ['g1678', 't']]
[['g1678', 'h'], ['g1679', 't']]
[['g1679', 'h'], ['g1680', 'h']]
[['g1680', 't'], ['g1681', 't']]
[['g1681', 'h'], ['g1682', 't']]
[['g1682', 'h'], ['g1683', 'h']]
[['g1683', 't'], ['g1684', 'h']]
[['g1684', 't'], ['g1685', 't']]
[['g1685', 'h'], ['g1686', 't']]
[['g1687', 'h'], ['g1688', 'h']]
[['g1688', 't'], ['g1689', 't']]
[['g1689', 'h'], ['g1690', 'h']]
[['g1690', 't'], ['g1691', 't']]
[['g1691', 'h'], ['g1692', 't']]
[['g1692', 'h'], ['g1693', 't']]
[['g1693', 'h'], ['g1694', 't']]
[['g1694', 'h'], ['g1695', 't']]
[['g1695', 'h'], ['g1696', 't']]
[['g1696', 'h'], ['g1697', 't']]
[['g1697', 'h'], ['g1698', 't']]
[['g1698', 'h'], ['g1699', 't']]
[['g1699', 'h'], ['g1700', 'h']]
[['g1700', 't'], ['g1701', 't']]
[['g1701', 'h'], ['g1702', 't']]
[['g1702', 'h'], ['g1703', 't']]
[['g1703', 'h'], ['g1704', 't']]
[['g1704', 'h'], ['g1705', 't']]
[['g1705', 'h'], ['g1706', 'h']]
[['g1706', 't'], ['g1707', 't']]
[['g1707', 'h'], ['g1708', 't']]
[['g1708', 'h'], ['g1709', 't']]
[['g1709', 'h'], ['g1710', 't']]
[['g1710', 'h'], ['g1711', 't']]
[['g1711', 'h'], ['g1712', 'h']]
[['g1712', 't'], ['g1713', 't']]
[['g1713', 'h'], ['g1714', 'h']]
[['g1714', 't'], ['g1715', 'h']]
[['g1715', 't'], ['g1716', 't']]
[['g1717', 'h'], ['g1718', 'h']]
[['g1719', 'h'], ['g1720', 't']]
[['g1721', 'h'], ['g1722', 'h']]
[['g1722', 't'], ['g1723', 't']]
[['g1723', 'h'], ['g1724', 'h']]
[['g1724', 't'], ['g1725', 'h']]
[['g1725', 't'], ['g1726', 't']]
[['g1726', 'h'], ['g1727', 't']]
[['g1727', 'h'], ['g1728', 't']]
[['g1728', 'h'], ['g1729', 't']]
[['g1729', 'h'], ['g1730', 't']]
[['g1730', 'h'], ['g1731', 't']]
[['g1731', 'h'], ['g1732', 'h']]
[['g1732', 't'], ['g1733', 't']]
[['g1733', 'h'], ['g1734', 't']]
[['g1734', 'h'], ['g1735', 't']]
[['g1735', 'h'], ['g1736', 't']]
[['g1736', 'h'], ['g1737', 'h']]
[['g1737', 't'], ['g1738', 't']]
[['g1738', 'h'], ['g1739', 't']]
[['g1739', 'h'], ['g1740', 't']]
[['g1740', 'h'], ['g1741', 't']]
[['g1741', 'h'], ['g1742', 't']]
[['g1742', 'h'], ['g1743', 't']]
[['g1743', 'h'], ['g1744', 't']]
[['g1744', 'h'], ['g1745', 't']]
[['g1745', 'h'], ['g1746', 't']]
[['g1746', 'h'], ['g1747', 't']]
[['g1747', 'h'], ['g1748', 't']]
[['g1748', 'h'], ['g1749', 'h']]
[['g1749', 't'], ['g1750', 'h']]
[['g1751', 'h'], ['g1752', 't']]
[['g1752', 'h'], ['g1753', 't']]
[['g1753', 'h'], ['g1754', 't']]
[['g1754', 'h'], ['g1755', 't']]
[['g1755', 'h'], ['g1756', 't']]
[['g1756', 'h'], ['g1757', 't']]
[['g1757', 'h'], ['g1758', 't']]
[['g1758', 'h'], ['g1759', 't']]
[['g1759', 'h'], ['g1760', 't']]
[['g1760', 'h'], ['g1761', 't']]
[['g1761', 'h'], ['g1762', 't']]
[['g1762', 'h'], ['g1763', 't']]
[['g1763', 'h'], ['g1764', 't']]
[['g1764', 'h'], ['g1765', 't']]
[['g1765', 'h'], ['g1766', 't']]
[['g1766', 'h'], ['g1767', 't']]
[['g1767', 'h'], ['g1768', 't']]
[['g1768', 'h'], ['g1769', 't']]
[['g1769', 'h'], ['g1770', 'h']]
[['g1770', 't'], ['g1771', 't']]
[['g1771', 'h'], ['g1772', 'h']]
[['g1772', 't'], ['g1773', 't']]
[['g1773', 'h'], ['g1774', 't']]
[['g1774', 'h'], ['g1775', 't']]
[['g1775', 'h'], ['g1776', 't']]
[['g1776', 'h'], ['g1777', 'h']]
[['g1777', 't'], ['g1778', 't']]
[['g1778', 'h'], ['g1779', 't']]
[['g1780', 'h'], ['g1781', 't']]
[['g1782', 't'], ['g1783', 'h']]
[['g1783', 't'], ['g1784', 't']]
[['g1787', 'h'], ['g1788', 't']]
[['g1788', 'h'], ['g1789', 'h']]
[['g1790', 't'], ['g1791', 'h']]
[['g1791', 't'], ['g1792', 't']]
[['g1792', 'h'], ['g1793', 'h']]
[['g1793', 't'], ['g1794', 't']]
[['g1794', 'h'], ['g1795', 't']]
[['g1795', 'h'], ['g1796', 't']]
[['g1797', 'h'], ['g1798', 't']]
[['g1798', 'h'], ['g1799', 't']]
[['g1799', 'h'], ['g1800', 't']]
[['g1800', 'h'], ['g1801', 't']]
[['g1801', 'h'], ['g1802', 't']]
[['g1802', 'h'], ['g1803', 't']]
[['g1804', 'h'], ['g1805', 't']]
[['g1805', 'h'], ['g1806', 't']]
[['g1806', 'h'], ['g1807', 't']]
[['g1807', 'h'], ['g1808', 't']]
[['g1808', 'h'], ['g1809', 't']]
[['g1809', 'h'], ['g1810', 't']]
[['g1810', 'h'], ['g1811', 't']]
[['g1811', 'h'], ['g1812', 'h']]
[['g1812', 't'], ['g1813', 't']]
[['g1813', 'h'], ['g1814', 't']]
[['g1814', 'h'], ['g1815', 't']]
[['g1815', 'h'], ['g1816', 't']]
[['g1816', 'h'], ['g1817', 't']]
[['g1817', 'h'], ['g1818', 't']]
[['g1818', 'h'], ['g1819', 't']]
[['g1819', 'h'], ['g1820', 't']]
[['g1820', 'h'], ['g1821', 't']]
[['g1821', 'h'], ['g1822', 'h']]
[['g1822', 't'], ['g1823', 't']]
[['g1823', 'h'], ['g1824', 't']]
[['g1824', 'h'], ['g1825', 'h']]
[['g1825', 't'], ['g1826', 't']]
[['g1826', 'h'], ['g1827', 'h']]
[['g1827', 't'], ['g1828', 't']]
[['g1828', 'h'], ['g1829', 'h']]
[['g1829', 't'], ['g1830', 't']]
[['g1830', 'h'], ['g1831', 't']]
[['g1831', 'h'], ['g1832', 'h']]
[['g1832', 't'], ['g1833', 't']]
[['g1833', 'h'], ['g1834', 't']]
[['g1834', 'h'], ['g1835', 't']]
[['g1835', 'h'], ['g1836', 'h']]
[['g1836', 't'], ['g1837', 't']]
[['g1837', 'h'], ['g1838', 'h']]
[['g1838', 't'], ['g1839', 't']]
[['g1839', 'h'], ['g1840', 't']]
[['g1840', 'h'], ['g1841', 't']]
[['g1841', 'h'], ['g1842', 'h']]
[['g1842', 't'], ['g1843', 'h']]
[['g1843', 't'], ['g1844', 't']]
[['g1844', 'h'], ['g1845', 't']]
[['g1845', 'h'], ['g1846', 't']]
[['g1846', 'h'], ['g1847', 't']]
[['g1847', 'h'], ['g1848', 'h']]
[['g1848', 't'], ['g1849', 't']]
[['g1849', 'h'], ['g1850', 'h']]
[['g1850', 't'], ['g1851', 't']]
[['g1851', 'h'], ['g1852', 't']]
[['g1852', 'h'], ['g1853', 'h']]
[['g1853', 't'], ['g1854', 't']]
[['g1854', 'h'], ['g1855', 't']]
[['g1856', 'h'], ['g1857', 'h']]
[['g1857', 't'], ['g1858', 'h']]
[['g1858', 't'], ['g1859', 'h']]
[['g1859', 't'], ['g1860', 'h']]
[['g1860', 't'], ['g1861', 't']]
[['g1861', 'h'], ['g1862', 't']]
[['g1862', 'h'], ['g1863', 't']]
[['g1863', 'h'], ['g1864', 'h']]
[['g1864', 't'], ['g1865', 't']]
[['g1865', 'h'], ['g1866', 't']]
[['g1866', 'h'], ['g1867', 'h']]
[['g1869', 'h'], ['g1870', 't']]
[['g1871', 'h'], ['g1872', 't']]
[['g1872', 'h'], ['g1873', 'h']]
[['g1873', 't'], ['g1874', 'h']]
[['g1875', 'h'], ['g1876', 't']]
[['g1876', 'h'], ['g1877', 't']]
[['g1880', 'h'], ['g1881', 't']]
[['g1881', 'h'], ['g1882', 'h']]
[['g1882', 't'], ['g1883', 't']]
[['g1883', 'h'], ['g1884', 'h']]
[['g1884', 't'], ['g1885', 't']]
[['g1885', 'h'], ['g1886', 't']]
[['g1886', 'h'], ['g1887', 't']]
[['g1887', 'h'], ['g1888', 't']]
[['g1888', 'h'], ['g1889', 't']]
[['g1889', 'h'], ['g1890', 't']]
[['g1890', 'h'], ['g1891', 't']]
[['g1891', 'h'], ['g1892', 't']]
[['g1892', 'h'], ['g1893', 't']]
[['g1893', 'h'], ['g1894', 't']]
[['g1894', 'h'], ['g1895', 't']]
[['g1895', 'h'], ['g1896', 't']]
[['g1897', 'h'], ['g1898', 'h']]
[['g1898', 't'], ['g1899', 't']]
[['g1899', 'h'], ['g1900', 'h']]
[['g1901', 'h'], ['g1902', 't']]
[['g1902', 'h'], ['g1903', 'h']]
[['g1903', 't'], ['g1904', 't']]
[['g1904', 'h'], ['g1905', 't']]
[['g1905', 'h'], ['g1906', 't']]
[['g1906', 'h'], ['g1907', 't']]
[['g1907', 'h'], ['g1908', 't']]
[['g1908', 'h'], ['g1909', 't']]
[['g1909', 'h'], ['g1910', 't']]
[['g1910', 'h'], ['g1911', 't']]
[['g1911', 'h'], ['g1912', 't']]
[['g1912', 'h'], ['g1913', 't']]
[['g1913', 'h'], ['g1914', 't']]
[['g1914', 'h'], ['g1915', 't']]
[['g1915', 'h'], ['g1916', 't']]
[['g1916', 'h'], ['g1917', 't']]
[['g1917', 'h'], ['g1918', 'h']]
[['g1918', 't'], ['g1919', 't']]
[['g1919', 'h'], ['g1920', 't']]
[['g1920', 'h'], ['g1921', 't']]
[['g1921', 'h'], ['g1922', 't']]
[['g1922', 'h'], ['g1923', 't']]
[['g1924', 'h'], ['g1925', 't']]
[['g1926', 't'], ['g1927', 't']]
[['g1927', 'h'], ['g1928', 'h']]
[['g1928', 't'], ['g1929', 'h']]
[['g1929', 't'], ['g1930', 't']]
[['g1930', 'h'], ['g1931', 't']]
[['g1931', 'h'], ['g1932', 't']]
[['g1932', 'h'], ['g1933', 'h']]
[['g1933', 't'], ['g1934', 'h']]
[['g1934', 't'], ['g1935', 'h']]
[['g1935', 't'], ['g1936', 't']]
[['g1936', 'h'], ['g1937', 't']]
[['g1937', 'h'], ['g1938', 'h']]
[['g1938', 't'], ['g1939', 't']]
[['g1939', 'h'], ['g1940', 't']]
[['g1941', 'h'], ['g1942', 't']]
[['g1942', 'h'], ['g1943', 't']]
[['g1943', 'h'], ['g1944', 'h']]
[['g1944', 't'], ['g1945', 't']]
[['g1945', 'h'], ['g1946', 't']]
[['g1946', 'h'], ['g1947', 't']]
[['g1947', 'h'], ['g1948', 't']]
[['g1948', 'h'], ['g1949', 't']]
[['g1949', 'h'], ['g1950', 'h']]
[['g1950', 't'], ['g1951', 't']]
[['g1951', 'h'], ['g1952', 'h']]
[['g1952', 't'], ['g1953', 'h']]
[['g1954', 'h'], ['g1955', 'h']]
[['g1955', 't'], ['g1956', 'h']]
[['g1956', 't'], ['g1957', 't']]
[['g1957', 'h'], ['g1958', 't']]
[['g1958', 'h'], ['g1959', 'h']]
[['g1959', 't'], ['g1960', 't']]
[['g1960', 'h'], ['g1961', 't']]
[['g1961', 'h'], ['g1962', 't']]
[['g1964', 'h'], ['g1965', 't']]
[['g1965', 'h'], ['g1966', 't']]
[['g1966', 'h'], ['g1967', 't']]
[['g1967', 'h'], ['g1968', 't']]
[['g1968', 'h'], ['g1969', 'h']]
[['g1969', 't'], ['g1970', 't']]
[['g1970', 'h'], ['g1971', 't']]
[['g1971', 'h'], ['g1972', 't']]
[['g1972', 'h'], ['g1973', 'h']]
[['g1973', 't'], ['g1974', 't']]
[['g1975', 'h'], ['g1976', 't']]
[['g1976', 'h'], ['g1977', 'h']]
[['g1977', 't'], ['g1978', 't']]
[['g1978', 'h'], ['g1979', 't']]
[['g1979', 'h'], ['g1980', 't']]
[['g1982', 'h'], ['g1983', 'h']]
[['g1983', 't'], ['g1984', 't']]
[['g1984', 'h'], ['g1985', 't']]
[['g1985', 'h'], ['g1986', 't']]
[['g1986', 'h'], ['g1987', 't']]
[['g1987', 'h'], ['g1988', 'h']]
[['g1988', 't'], ['g1989', 't']]
[['g1990', 'h'], ['g1991', 't']]
[['g1991', 'h'], ['g1992', 'h']]
[['g1992', 't'], ['g1993', 't']]
[['g1994', 'h'], ['g1995', 'h']]
[['g1995', 't'], ['g1996', 't']]
[['g1996', 'h'], ['g1997', 't']]
[['g1997', 'h'], ['g1998', 't']]
[['g1998', 'h'], ['g1999', 't']]
[['g1999', 'h'], ['g2000', 'h']]
[['g2000', 't'], ['g1501', 'h']]